0 verbose cli C:\Program Files\nodejs\node.exe C:\Program Files\nodejs\node_modules\npm\bin\npm-cli.js
1 info using npm@10.8.2
2 info using node@v20.17.0
3 silly config load:file:C:\Program Files\nodejs\node_modules\npm\npmrc
4 silly config load:file:D:\Documents\Github\RiseAcademy Backend\Mentorship API\.npmrc
5 silly config load:file:C:\Users\hussa\.npmrc
6 silly config load:file:C:\Users\hussa\AppData\Roaming\npm\etc\npmrc
7 verbose title npm install swagger-jsdoc swagger-ui-express
8 verbose argv "install" "swagger-jsdoc" "swagger-ui-express"
9 verbose logfile logs-max:10 dir:D:\Documents\Github\RiseAcademy Backend\Mentorship API\npm-cache\_logs\2025-04-22T13_56_25_807Z-
10 verbose logfile D:\Documents\Github\RiseAcademy Backend\Mentorship API\npm-cache\_logs\2025-04-22T13_56_25_807Z-debug-0.log
11 silly packumentCache heap:2197815296 maxSize:549453824 maxEntrySize:274726912
12 silly logfile start cleaning logs, removing 1 files
13 silly logfile done cleaning log files
14 silly idealTree buildDeps
15 silly fetch manifest swagger-jsdoc@*
16 silly packumentCache full:https://registry.npmjs.org/swagger-jsdoc cache-miss
17 http fetch GET 200 https://registry.npmjs.org/swagger-jsdoc 1568ms (cache miss)
18 silly packumentCache full:https://registry.npmjs.org/swagger-jsdoc set size:undefined disposed:false
19 silly fetch manifest swagger-ui-express@*
20 silly packumentCache full:https://registry.npmjs.org/swagger-ui-express cache-miss
21 http fetch GET 200 https://registry.npmjs.org/swagger-ui-express 345ms (cache miss)
22 silly packumentCache full:https://registry.npmjs.org/swagger-ui-express set size:undefined disposed:false
23 silly fetch manifest express@~4.16.1
24 silly packumentCache full:https://registry.npmjs.org/express cache-miss
25 http fetch GET 200 https://registry.npmjs.org/express 4874ms (cache updated)
26 silly packumentCache full:https://registry.npmjs.org/express set size:undefined disposed:false
27 silly placeDep ROOT swagger-jsdoc@6.2.8 OK for: mentorship-api@1.0.0 want: *
28 silly placeDep ROOT swagger-ui-express@5.0.1 OK for: mentorship-api@1.0.0 want: *
29 silly fetch manifest glob@7.1.6
30 silly packumentCache full:https://registry.npmjs.org/glob cache-miss
31 silly fetch manifest yaml@2.0.0-1
32 silly packumentCache full:https://registry.npmjs.org/yaml cache-miss
33 silly fetch manifest doctrine@3.0.0
34 silly packumentCache full:https://registry.npmjs.org/doctrine cache-miss
35 silly fetch manifest commander@6.2.0
36 silly packumentCache full:https://registry.npmjs.org/commander cache-miss
37 silly fetch manifest swagger-parser@^10.0.3
38 silly packumentCache full:https://registry.npmjs.org/swagger-parser cache-miss
39 silly fetch manifest lodash.mergewith@^4.6.2
40 silly packumentCache full:https://registry.npmjs.org/lodash.mergewith cache-miss
41 silly fetch manifest swagger-ui-dist@>=5.0.0
42 silly packumentCache full:https://registry.npmjs.org/swagger-ui-dist cache-miss
43 http fetch GET 200 https://registry.npmjs.org/yaml 4988ms (cache miss)
44 silly packumentCache full:https://registry.npmjs.org/yaml set size:undefined disposed:false
45 http fetch GET 200 https://registry.npmjs.org/lodash.mergewith 9016ms (cache miss)
46 silly packumentCache full:https://registry.npmjs.org/lodash.mergewith set size:undefined disposed:false
47 http fetch GET 200 https://registry.npmjs.org/doctrine 13016ms (cache miss)
48 silly packumentCache full:https://registry.npmjs.org/doctrine set size:undefined disposed:false
49 http fetch GET 200 https://registry.npmjs.org/swagger-parser 18842ms (cache miss)
50 silly packumentCache full:https://registry.npmjs.org/swagger-parser set size:undefined disposed:false
51 http fetch GET 200 https://registry.npmjs.org/commander 28987ms (cache updated)
52 silly packumentCache full:https://registry.npmjs.org/commander set size:undefined disposed:false
53 http fetch GET 200 https://registry.npmjs.org/glob 31046ms (cache updated)
54 silly packumentCache full:https://registry.npmjs.org/glob set size:undefined disposed:false
55 http fetch GET 200 https://registry.npmjs.org/swagger-ui-dist 37836ms (cache miss)
56 silly packumentCache full:https://registry.npmjs.org/swagger-ui-dist set size:undefined disposed:false
57 silly placeDep ROOT commander@6.2.0 OK for: swagger-jsdoc@6.2.8 want: 6.2.0
58 silly placeDep ROOT doctrine@3.0.0 OK for: swagger-jsdoc@6.2.8 want: 3.0.0
59 silly placeDep ROOT glob@7.1.6 OK for: swagger-jsdoc@6.2.8 want: 7.1.6
60 silly placeDep ROOT lodash.mergewith@4.6.2 OK for: swagger-jsdoc@6.2.8 want: ^4.6.2
61 silly placeDep ROOT swagger-parser@10.0.3 OK for: swagger-jsdoc@6.2.8 want: ^10.0.3
62 silly placeDep ROOT yaml@2.0.0-1 OK for: swagger-jsdoc@6.2.8 want: 2.0.0-1
63 silly fetch manifest esutils@^2.0.2
64 silly packumentCache full:https://registry.npmjs.org/esutils cache-miss
65 silly fetch manifest once@^1.3.0
66 silly packumentCache full:https://registry.npmjs.org/once cache-miss
67 silly fetch manifest inflight@^1.0.4
68 silly packumentCache full:https://registry.npmjs.org/inflight cache-miss
69 silly fetch manifest fs.realpath@^1.0.0
70 silly packumentCache full:https://registry.npmjs.org/fs.realpath cache-miss
71 silly fetch manifest path-is-absolute@^1.0.0
72 silly packumentCache full:https://registry.npmjs.org/path-is-absolute cache-miss
73 silly fetch manifest @apidevtools/swagger-parser@10.0.3
74 silly packumentCache full:https://registry.npmjs.org/@apidevtools%2fswagger-parser cache-miss
75 http fetch GET 200 https://registry.npmjs.org/fs.realpath 348ms (cache updated)
76 silly packumentCache full:https://registry.npmjs.org/fs.realpath set size:undefined disposed:false
77 http fetch GET 200 https://registry.npmjs.org/path-is-absolute 944ms (cache updated)
78 silly packumentCache full:https://registry.npmjs.org/path-is-absolute set size:undefined disposed:false
79 http fetch GET 200 https://registry.npmjs.org/once 1162ms (cache updated)
80 silly packumentCache full:https://registry.npmjs.org/once set size:undefined disposed:false
81 http fetch GET 200 https://registry.npmjs.org/inflight 1165ms (cache updated)
82 silly packumentCache full:https://registry.npmjs.org/inflight set size:undefined disposed:false
83 http fetch GET 200 https://registry.npmjs.org/@apidevtools%2fswagger-parser 1626ms (cache miss)
84 silly packumentCache full:https://registry.npmjs.org/@apidevtools%2fswagger-parser set size:undefined disposed:false
85 http fetch GET 200 https://registry.npmjs.org/esutils 1639ms (cache miss)
86 silly packumentCache full:https://registry.npmjs.org/esutils set size:undefined disposed:false
87 silly placeDep ROOT esutils@2.0.3 OK for: doctrine@3.0.0 want: ^2.0.2
88 silly placeDep ROOT fs.realpath@1.0.0 OK for: glob@7.1.6 want: ^1.0.0
89 silly placeDep ROOT inflight@1.0.6 OK for: glob@7.1.6 want: ^1.0.4
90 silly placeDep ROOT once@1.4.0 OK for: glob@7.1.6 want: ^1.3.0
91 silly placeDep ROOT path-is-absolute@1.0.1 OK for: glob@7.1.6 want: ^1.0.0
92 silly fetch manifest wrappy@1
93 silly packumentCache full:https://registry.npmjs.org/wrappy cache-miss
94 silly fetch manifest wrappy@1
95 silly packumentCache full:https://registry.npmjs.org/wrappy cache-miss
96 http fetch GET 200 https://registry.npmjs.org/wrappy 252ms (cache updated)
97 silly packumentCache full:https://registry.npmjs.org/wrappy set size:undefined disposed:false
98 http fetch GET 200 https://registry.npmjs.org/wrappy 309ms (cache updated)
99 silly packumentCache full:https://registry.npmjs.org/wrappy set size:undefined disposed:false
100 silly placeDep ROOT wrappy@1.0.2 OK for: inflight@1.0.6 want: 1
101 silly fetch manifest openapi-types@>=7
102 silly packumentCache full:https://registry.npmjs.org/openapi-types cache-miss
103 http fetch GET 200 https://registry.npmjs.org/openapi-types 1349ms (cache miss)
104 silly packumentCache full:https://registry.npmjs.org/openapi-types set size:undefined disposed:false
105 silly placeDep ROOT @apidevtools/swagger-parser@10.0.3 OK for: swagger-parser@10.0.3 want: 10.0.3
106 silly placeDep ROOT openapi-types@12.1.3 OK for: @apidevtools/swagger-parser@10.0.3 want: >=7
107 silly fetch manifest z-schema@^5.0.1
108 silly packumentCache full:https://registry.npmjs.org/z-schema cache-miss
109 silly fetch manifest call-me-maybe@^1.0.1
110 silly packumentCache full:https://registry.npmjs.org/call-me-maybe cache-miss
111 silly fetch manifest @jsdevtools/ono@^7.1.3
112 silly packumentCache full:https://registry.npmjs.org/@jsdevtools%2fono cache-miss
113 silly fetch manifest @apidevtools/openapi-schemas@^2.0.4
114 silly packumentCache full:https://registry.npmjs.org/@apidevtools%2fopenapi-schemas cache-miss
115 silly fetch manifest @apidevtools/swagger-methods@^3.0.2
116 silly packumentCache full:https://registry.npmjs.org/@apidevtools%2fswagger-methods cache-miss
117 silly fetch manifest @apidevtools/json-schema-ref-parser@^9.0.6
118 silly packumentCache full:https://registry.npmjs.org/@apidevtools%2fjson-schema-ref-parser cache-miss
119 http fetch GET 200 https://registry.npmjs.org/call-me-maybe 706ms (cache miss)
120 silly packumentCache full:https://registry.npmjs.org/call-me-maybe set size:undefined disposed:false
121 http fetch GET 200 https://registry.npmjs.org/@jsdevtools%2fono 771ms (cache miss)
122 silly packumentCache full:https://registry.npmjs.org/@jsdevtools%2fono set size:undefined disposed:false
123 http fetch GET 200 https://registry.npmjs.org/z-schema 794ms (cache miss)
124 silly packumentCache full:https://registry.npmjs.org/z-schema set size:undefined disposed:false
125 http fetch GET 200 https://registry.npmjs.org/@apidevtools%2fjson-schema-ref-parser 828ms (cache miss)
126 silly packumentCache full:https://registry.npmjs.org/@apidevtools%2fjson-schema-ref-parser set size:undefined disposed:false
127 http fetch GET 200 https://registry.npmjs.org/@apidevtools%2fopenapi-schemas 840ms (cache miss)
128 silly packumentCache full:https://registry.npmjs.org/@apidevtools%2fopenapi-schemas set size:undefined disposed:false
129 http fetch GET 200 https://registry.npmjs.org/@apidevtools%2fswagger-methods 847ms (cache miss)
130 silly packumentCache full:https://registry.npmjs.org/@apidevtools%2fswagger-methods set size:undefined disposed:false
131 silly placeDep ROOT @apidevtools/json-schema-ref-parser@9.1.2 OK for: @apidevtools/swagger-parser@10.0.3 want: ^9.0.6
132 silly placeDep ROOT @apidevtools/openapi-schemas@2.1.0 OK for: @apidevtools/swagger-parser@10.0.3 want: ^2.0.4
133 silly placeDep ROOT @apidevtools/swagger-methods@3.0.2 OK for: @apidevtools/swagger-parser@10.0.3 want: ^3.0.2
134 silly placeDep ROOT @jsdevtools/ono@7.1.3 OK for: @apidevtools/swagger-parser@10.0.3 want: ^7.1.3
135 silly placeDep ROOT call-me-maybe@1.0.2 OK for: @apidevtools/swagger-parser@10.0.3 want: ^1.0.1
136 silly placeDep ROOT z-schema@5.0.5 OK for: @apidevtools/swagger-parser@10.0.3 want: ^5.0.1
137 silly fetch manifest js-yaml@^4.1.0
138 silly packumentCache full:https://registry.npmjs.org/js-yaml cache-miss
139 silly fetch manifest @types/json-schema@^7.0.6
140 silly packumentCache full:https://registry.npmjs.org/@types%2fjson-schema cache-miss
141 silly fetch manifest validator@^13.7.0
142 silly packumentCache full:https://registry.npmjs.org/validator cache-miss
143 silly fetch manifest lodash.get@^4.4.2
144 silly packumentCache full:https://registry.npmjs.org/lodash.get cache-miss
145 silly fetch manifest lodash.isequal@^4.5.0
146 silly packumentCache full:https://registry.npmjs.org/lodash.isequal cache-miss
147 silly fetch manifest commander@^9.4.1
148 silly packumentCache full:https://registry.npmjs.org/commander cache-miss
149 http fetch GET 200 https://registry.npmjs.org/commander 24ms (cache hit)
150 silly packumentCache full:https://registry.npmjs.org/commander set size:336656 disposed:false
151 http fetch GET 200 https://registry.npmjs.org/lodash.isequal 245ms (cache miss)
152 silly packumentCache full:https://registry.npmjs.org/lodash.isequal set size:undefined disposed:false
153 http fetch GET 200 https://registry.npmjs.org/lodash.get 417ms (cache miss)
154 silly packumentCache full:https://registry.npmjs.org/lodash.get set size:undefined disposed:false
155 http fetch GET 200 https://registry.npmjs.org/js-yaml 422ms (cache miss)
156 silly packumentCache full:https://registry.npmjs.org/js-yaml set size:undefined disposed:false
157 http fetch GET 200 https://registry.npmjs.org/validator 448ms (cache miss)
158 silly packumentCache full:https://registry.npmjs.org/validator set size:undefined disposed:false
159 http fetch GET 200 https://registry.npmjs.org/@types%2fjson-schema 458ms (cache miss)
160 silly packumentCache full:https://registry.npmjs.org/@types%2fjson-schema set size:undefined disposed:false
161 silly placeDep ROOT @types/json-schema@7.0.15 OK for: @apidevtools/json-schema-ref-parser@9.1.2 want: ^7.0.6
162 silly placeDep ROOT js-yaml@4.1.0 OK for: @apidevtools/json-schema-ref-parser@9.1.2 want: ^4.1.0
163 silly fetch manifest argparse@^2.0.1
164 silly packumentCache full:https://registry.npmjs.org/argparse cache-miss
165 http fetch GET 200 https://registry.npmjs.org/argparse 230ms (cache miss)
166 silly packumentCache full:https://registry.npmjs.org/argparse set size:undefined disposed:false
167 silly placeDep ROOT argparse@2.0.1 OK for: js-yaml@4.1.0 want: ^2.0.1
168 silly placeDep ROOT swagger-ui-dist@5.21.0 OK for: swagger-ui-express@5.0.1 want: >=5.0.0
169 silly fetch manifest @scarf/scarf@=1.4.0
170 silly packumentCache full:https://registry.npmjs.org/@scarf%2fscarf cache-miss
171 http fetch GET 200 https://registry.npmjs.org/@scarf%2fscarf 341ms (cache miss)
172 silly packumentCache full:https://registry.npmjs.org/@scarf%2fscarf set size:undefined disposed:false
173 silly placeDep ROOT @scarf/scarf@1.4.0 OK for: swagger-ui-dist@5.21.0 want: =1.4.0
174 silly placeDep node_modules/z-schema commander@9.5.0 OK for: z-schema@5.0.5 want: ^9.4.1
175 silly placeDep ROOT lodash.get@4.4.2 OK for: z-schema@5.0.5 want: ^4.4.2
176 silly placeDep ROOT lodash.isequal@4.5.0 OK for: z-schema@5.0.5 want: ^4.5.0
177 silly placeDep ROOT validator@13.15.0 OK for: z-schema@5.0.5 want: ^13.7.0
178 silly reify moves {}
179 silly audit bulk request {
179 silly audit   '@types/jsonwebtoken': [ '9.0.9' ],
179 silly audit   '@types/ms': [ '2.1.0' ],
179 silly audit   '@types/node': [ '22.14.1' ],
179 silly audit   accepts: [ '1.3.8' ],
179 silly audit   anymatch: [ '3.1.3' ],
179 silly audit   'array-flatten': [ '1.1.1' ],
179 silly audit   'balanced-match': [ '1.0.2' ],
179 silly audit   bcryptjs: [ '3.0.2' ],
179 silly audit   'binary-extensions': [ '2.3.0' ],
179 silly audit   'body-parser': [ '1.18.3' ],
179 silly audit   'brace-expansion': [ '1.1.11' ],
179 silly audit   braces: [ '3.0.3' ],
179 silly audit   'buffer-equal-constant-time': [ '1.0.1' ],
179 silly audit   bytes: [ '3.0.0' ],
179 silly audit   chokidar: [ '3.6.0' ],
179 silly audit   'concat-map': [ '0.0.1' ],
179 silly audit   'content-disposition': [ '0.5.2' ],
179 silly audit   'content-type': [ '1.0.5' ],
179 silly audit   'cookie-signature': [ '1.0.6' ],
179 silly audit   debug: [ '2.6.9', '4.4.0' ],
179 silly audit   depd: [ '1.1.2' ],
179 silly audit   destroy: [ '1.0.4' ],
179 silly audit   dotenv: [ '16.5.0' ],
179 silly audit   'ecdsa-sig-formatter': [ '1.0.11' ],
179 silly audit   'ee-first': [ '1.1.1' ],
179 silly audit   encodeurl: [ '1.0.2' ],
179 silly audit   'escape-html': [ '1.0.3' ],
179 silly audit   etag: [ '1.8.1' ],
179 silly audit   express: [ '4.16.4' ],
179 silly audit   cookie: [ '0.3.1' ],
179 silly audit   'fill-range': [ '7.1.1' ],
179 silly audit   finalhandler: [ '1.1.1' ],
179 silly audit   forwarded: [ '0.2.0' ],
179 silly audit   fresh: [ '0.5.2' ],
179 silly audit   fsevents: [ '2.3.3' ],
179 silly audit   'glob-parent': [ '5.1.2' ],
179 silly audit   'has-flag': [ '3.0.0' ],
179 silly audit   'http-errors': [ '1.6.3' ],
179 silly audit   'iconv-lite': [ '0.4.23' ],
179 silly audit   'ignore-by-default': [ '1.0.1' ],
179 silly audit   inherits: [ '2.0.3' ],
179 silly audit   'ipaddr.js': [ '1.9.1' ],
179 silly audit   'is-binary-path': [ '2.1.0' ],
179 silly audit   'is-extglob': [ '2.1.1' ],
179 silly audit   'is-glob': [ '4.0.3' ],
179 silly audit   'is-number': [ '7.0.0' ],
179 silly audit   jsonwebtoken: [ '9.0.2' ],
179 silly audit   ms: [ '2.1.3', '2.0.0' ],
179 silly audit   jwa: [ '1.4.1' ],
179 silly audit   jws: [ '3.2.2' ],
179 silly audit   'lodash.includes': [ '4.3.0' ],
179 silly audit   'lodash.isboolean': [ '3.0.3' ],
179 silly audit   'lodash.isinteger': [ '4.0.4' ],
179 silly audit   'lodash.isnumber': [ '3.0.3' ],
179 silly audit   'lodash.isplainobject': [ '4.0.6' ],
179 silly audit   'lodash.isstring': [ '4.0.1' ],
179 silly audit   'lodash.once': [ '4.1.1' ],
179 silly audit   'media-typer': [ '0.3.0' ],
179 silly audit   'merge-descriptors': [ '1.0.1' ],
179 silly audit   methods: [ '1.1.2' ],
179 silly audit   mime: [ '1.4.1' ],
179 silly audit   'mime-db': [ '1.52.0' ],
179 silly audit   'mime-types': [ '2.1.35' ],
179 silly audit   minimatch: [ '3.1.2' ],
179 silly audit   negotiator: [ '0.6.3' ],
179 silly audit   nodemon: [ '3.1.9' ],
179 silly audit   'normalize-path': [ '3.0.0' ],
179 silly audit   'on-finished': [ '2.3.0' ],
179 silly audit   parseurl: [ '1.3.3' ],
179 silly audit   'path-to-regexp': [ '0.1.7' ],
179 silly audit   picomatch: [ '2.3.1' ],
179 silly audit   'proxy-addr': [ '2.0.7' ],
179 silly audit   'pstree.remy': [ '1.1.8' ],
179 silly audit   qs: [ '6.5.2' ],
179 silly audit   'range-parser': [ '1.2.1' ],
179 silly audit   'raw-body': [ '2.3.3' ],
179 silly audit   readdirp: [ '3.6.0' ],
179 silly audit   'safe-buffer': [ '5.1.2' ],
179 silly audit   'safer-buffer': [ '2.1.2' ],
179 silly audit   semver: [ '7.7.1' ],
179 silly audit   send: [ '0.16.2' ],
179 silly audit   'serve-static': [ '1.13.2' ],
179 silly audit   setprototypeof: [ '1.1.0' ],
179 silly audit   'simple-update-notifier': [ '2.0.0' ],
179 silly audit   statuses: [ '1.4.0' ],
179 silly audit   'supports-color': [ '5.5.0' ],
179 silly audit   'to-regex-range': [ '5.0.1' ],
179 silly audit   touch: [ '3.1.1' ],
179 silly audit   'type-is': [ '1.6.18' ],
179 silly audit   undefsafe: [ '2.0.5' ],
179 silly audit   'undici-types': [ '6.21.0' ],
179 silly audit   unpipe: [ '1.0.0' ],
179 silly audit   'utils-merge': [ '1.0.1' ],
179 silly audit   vary: [ '1.1.2' ],
179 silly audit   'swagger-jsdoc': [ '6.2.8' ],
179 silly audit   'swagger-ui-express': [ '5.0.1' ],
179 silly audit   commander: [ '6.2.0', '9.5.0' ],
179 silly audit   doctrine: [ '3.0.0' ],
179 silly audit   glob: [ '7.1.6' ],
179 silly audit   'lodash.mergewith': [ '4.6.2' ],
179 silly audit   'swagger-parser': [ '10.0.3' ],
179 silly audit   yaml: [ '2.0.0-1' ],
179 silly audit   esutils: [ '2.0.3' ],
179 silly audit   'fs.realpath': [ '1.0.0' ],
179 silly audit   inflight: [ '1.0.6' ],
179 silly audit   once: [ '1.4.0' ],
179 silly audit   'path-is-absolute': [ '1.0.1' ],
179 silly audit   wrappy: [ '1.0.2' ],
179 silly audit   '@apidevtools/swagger-parser': [ '10.0.3' ],
179 silly audit   'openapi-types': [ '12.1.3' ],
179 silly audit   '@apidevtools/json-schema-ref-parser': [ '9.1.2' ],
179 silly audit   '@apidevtools/openapi-schemas': [ '2.1.0' ],
179 silly audit   '@apidevtools/swagger-methods': [ '3.0.2' ],
179 silly audit   '@jsdevtools/ono': [ '7.1.3' ],
179 silly audit   'call-me-maybe': [ '1.0.2' ],
179 silly audit   'z-schema': [ '5.0.5' ],
179 silly audit   '@types/json-schema': [ '7.0.15' ],
179 silly audit   'js-yaml': [ '4.1.0' ],
179 silly audit   argparse: [ '2.0.1' ],
179 silly audit   'swagger-ui-dist': [ '5.21.0' ],
179 silly audit   '@scarf/scarf': [ '1.4.0' ],
179 silly audit   'lodash.get': [ '4.4.2' ],
179 silly audit   'lodash.isequal': [ '4.5.0' ],
179 silly audit   validator: [ '13.15.0' ]
179 silly audit }
180 verbose reify failed optional dependency D:\Documents\Github\RiseAcademy Backend\Mentorship API\node_modules\fsevents
181 silly reify mark deleted [
181 silly reify   'D:\\Documents\\Github\\RiseAcademy Backend\\Mentorship API\\node_modules\\fsevents'
181 silly reify ]
182 silly tarball no local data for lodash.isequal@https://registry.npmjs.org/lodash.isequal/-/lodash.isequal-4.5.0.tgz. Extracting by manifest.
183 silly tarball no local data for @types/json-schema@https://registry.npmjs.org/@types/json-schema/-/json-schema-7.0.15.tgz. Extracting by manifest.
184 silly tarball no local data for @scarf/scarf@https://registry.npmjs.org/@scarf/scarf/-/scarf-1.4.0.tgz. Extracting by manifest.
185 silly tarball no local data for @jsdevtools/ono@https://registry.npmjs.org/@jsdevtools/ono/-/ono-7.1.3.tgz. Extracting by manifest.
186 silly tarball no local data for validator@https://registry.npmjs.org/validator/-/validator-13.15.0.tgz. Extracting by manifest.
187 silly tarball no local data for lodash.get@https://registry.npmjs.org/lodash.get/-/lodash.get-4.4.2.tgz. Extracting by manifest.
188 silly tarball no local data for @apidevtools/openapi-schemas@https://registry.npmjs.org/@apidevtools/openapi-schemas/-/openapi-schemas-2.1.0.tgz. Extracting by manifest.
189 silly tarball no local data for argparse@https://registry.npmjs.org/argparse/-/argparse-2.0.1.tgz. Extracting by manifest.
190 silly tarball no local data for @apidevtools/json-schema-ref-parser@https://registry.npmjs.org/@apidevtools/json-schema-ref-parser/-/json-schema-ref-parser-9.1.2.tgz. Extracting by manifest.
191 silly tarball no local data for swagger-ui-dist@https://registry.npmjs.org/swagger-ui-dist/-/swagger-ui-dist-5.21.0.tgz. Extracting by manifest.
192 silly tarball no local data for js-yaml@https://registry.npmjs.org/js-yaml/-/js-yaml-4.1.0.tgz. Extracting by manifest.
193 silly tarball no local data for z-schema@https://registry.npmjs.org/z-schema/-/z-schema-5.0.5.tgz. Extracting by manifest.
194 silly tarball no local data for @apidevtools/swagger-methods@https://registry.npmjs.org/@apidevtools/swagger-methods/-/swagger-methods-3.0.2.tgz. Extracting by manifest.
195 silly tarball no local data for @apidevtools/swagger-parser@https://registry.npmjs.org/@apidevtools/swagger-parser/-/swagger-parser-10.0.3.tgz. Extracting by manifest.
196 silly tarball no local data for call-me-maybe@https://registry.npmjs.org/call-me-maybe/-/call-me-maybe-1.0.2.tgz. Extracting by manifest.
197 silly tarball no local data for openapi-types@https://registry.npmjs.org/openapi-types/-/openapi-types-12.1.3.tgz. Extracting by manifest.
198 silly tarball no local data for esutils@https://registry.npmjs.org/esutils/-/esutils-2.0.3.tgz. Extracting by manifest.
199 silly tarball no local data for swagger-parser@https://registry.npmjs.org/swagger-parser/-/swagger-parser-10.0.3.tgz. Extracting by manifest.
200 silly tarball no local data for lodash.mergewith@https://registry.npmjs.org/lodash.mergewith/-/lodash.mergewith-4.6.2.tgz. Extracting by manifest.
201 silly tarball no local data for yaml@https://registry.npmjs.org/yaml/-/yaml-2.0.0-1.tgz. Extracting by manifest.
202 silly tarball no local data for doctrine@https://registry.npmjs.org/doctrine/-/doctrine-3.0.0.tgz. Extracting by manifest.
203 silly tarball no local data for glob@https://registry.npmjs.org/glob/-/glob-7.1.6.tgz. Extracting by manifest.
204 silly tarball no local data for commander@https://registry.npmjs.org/commander/-/commander-9.5.0.tgz. Extracting by manifest.
205 silly tarball no local data for swagger-ui-express@https://registry.npmjs.org/swagger-ui-express/-/swagger-ui-express-5.0.1.tgz. Extracting by manifest.
206 silly tarball no local data for commander@https://registry.npmjs.org/commander/-/commander-6.2.0.tgz. Extracting by manifest.
207 silly tarball no local data for swagger-jsdoc@https://registry.npmjs.org/swagger-jsdoc/-/swagger-jsdoc-6.2.8.tgz. Extracting by manifest.
208 warn deprecated inflight@1.0.6: This module is not supported, and leaks memory. Do not use it. Check out lru-cache if you want a good and tested way to coalesce async requests by a key value, which is much more comprehensive and powerful.
209 http fetch GET 200 https://registry.npmjs.org/lodash.get/-/lodash.get-4.4.2.tgz 561ms (cache miss)
210 warn deprecated lodash.get@4.4.2: This package is deprecated. Use the optional chaining (?.) operator instead.
211 http fetch GET 200 https://registry.npmjs.org/@types/json-schema/-/json-schema-7.0.15.tgz 831ms (cache miss)
212 http fetch GET 200 https://registry.npmjs.org/lodash.isequal/-/lodash.isequal-4.5.0.tgz 833ms (cache miss)
213 warn deprecated lodash.isequal@4.5.0: This package is deprecated. Use require('node:util').isDeepStrictEqual instead.
214 http fetch GET 200 https://registry.npmjs.org/@scarf/scarf/-/scarf-1.4.0.tgz 2395ms (cache miss)
215 http fetch POST 200 https://registry.npmjs.org/-/npm/v1/security/advisories/bulk 3838ms
216 silly audit report {
216 silly audit report   'body-parser': [
216 silly audit report     {
216 silly audit report       id: 1099520,
216 silly audit report       url: 'https://github.com/advisories/GHSA-qwcr-r2fm-qrc7',
216 silly audit report       title: 'body-parser vulnerable to denial of service when url encoding is enabled',
216 silly audit report       severity: 'high',
216 silly audit report       vulnerable_versions: '<1.20.3',
216 silly audit report       cwe: [Array],
216 silly audit report       cvss: [Object]
216 silly audit report     }
216 silly audit report   ],
216 silly audit report   express: [
216 silly audit report     {
216 silly audit report       id: 1100530,
216 silly audit report       url: 'https://github.com/advisories/GHSA-qw6h-vgh9-j6wx',
216 silly audit report       title: 'express vulnerable to XSS via response.redirect()',
216 silly audit report       severity: 'low',
216 silly audit report       vulnerable_versions: '<4.20.0',
216 silly audit report       cwe: [Array],
216 silly audit report       cvss: [Object]
216 silly audit report     },
216 silly audit report     {
216 silly audit report       id: 1096820,
216 silly audit report       url: 'https://github.com/advisories/GHSA-rv95-896h-c2vc',
216 silly audit report       title: 'Express.js Open Redirect in malformed URLs',
216 silly audit report       severity: 'moderate',
216 silly audit report       vulnerable_versions: '<4.19.2',
216 silly audit report       cwe: [Array],
216 silly audit report       cvss: [Object]
216 silly audit report     }
216 silly audit report   ],
216 silly audit report   cookie: [
216 silly audit report     {
216 silly audit report       id: 1103907,
216 silly audit report       url: 'https://github.com/advisories/GHSA-pxg6-pf52-xh8x',
216 silly audit report       title: 'cookie accepts cookie name, path, and domain with out of bounds characters',
216 silly audit report       severity: 'low',
216 silly audit report       vulnerable_versions: '<0.7.0',
216 silly audit report       cwe: [Array],
216 silly audit report       cvss: [Object]
216 silly audit report     }
216 silly audit report   ],
216 silly audit report   'path-to-regexp': [
216 silly audit report     {
216 silly audit report       id: 1101844,
216 silly audit report       url: 'https://github.com/advisories/GHSA-rhx6-c78j-4q9w',
216 silly audit report       title: 'Unpatched `path-to-regexp` ReDoS in 0.1.x',
216 silly audit report       severity: 'high',
216 silly audit report       vulnerable_versions: '<0.1.12',
216 silly audit report       cwe: [Array],
216 silly audit report       cvss: [Object]
216 silly audit report     },
216 silly audit report     {
216 silly audit report       id: 1101850,
216 silly audit report       url: 'https://github.com/advisories/GHSA-9wv6-86v2-598j',
216 silly audit report       title: 'path-to-regexp outputs backtracking regular expressions',
216 silly audit report       severity: 'high',
216 silly audit report       vulnerable_versions: '<0.1.10',
216 silly audit report       cwe: [Array],
216 silly audit report       cvss: [Object]
216 silly audit report     }
216 silly audit report   ],
216 silly audit report   qs: [
216 silly audit report     {
216 silly audit report       id: 1096470,
216 silly audit report       url: 'https://github.com/advisories/GHSA-hrpp-h998-j3pp',
216 silly audit report       title: 'qs vulnerable to Prototype Pollution',
216 silly audit report       severity: 'high',
216 silly audit report       vulnerable_versions: '>=6.5.0 <6.5.3',
216 silly audit report       cwe: [Array],
216 silly audit report       cvss: [Object]
216 silly audit report     }
216 silly audit report   ],
216 silly audit report   send: [
216 silly audit report     {
216 silly audit report       id: 1100526,
216 silly audit report       url: 'https://github.com/advisories/GHSA-m6fv-jmcg-4jfg',
216 silly audit report       title: 'send vulnerable to template injection that can lead to XSS',
216 silly audit report       severity: 'low',
216 silly audit report       vulnerable_versions: '<0.19.0',
216 silly audit report       cwe: [Array],
216 silly audit report       cvss: [Object]
216 silly audit report     }
216 silly audit report   ],
216 silly audit report   'serve-static': [
216 silly audit report     {
216 silly audit report       id: 1100528,
216 silly audit report       url: 'https://github.com/advisories/GHSA-cm22-4g7w-348p',
216 silly audit report       title: 'serve-static vulnerable to template injection that can lead to XSS',
216 silly audit report       severity: 'low',
216 silly audit report       vulnerable_versions: '<1.16.0',
216 silly audit report       cwe: [Array],
216 silly audit report       cvss: [Object]
216 silly audit report     }
216 silly audit report   ]
216 silly audit report }
217 silly packumentCache corgi:https://registry.npmjs.org/body-parser cache-miss
218 silly packumentCache corgi:https://registry.npmjs.org/express cache-miss
219 silly packumentCache corgi:https://registry.npmjs.org/cookie cache-miss
220 silly packumentCache corgi:https://registry.npmjs.org/path-to-regexp cache-miss
221 silly packumentCache corgi:https://registry.npmjs.org/qs cache-miss
222 silly packumentCache corgi:https://registry.npmjs.org/send cache-miss
223 silly packumentCache corgi:https://registry.npmjs.org/serve-static cache-miss
224 http fetch GET 200 https://registry.npmjs.org/call-me-maybe/-/call-me-maybe-1.0.2.tgz 3842ms (cache miss)
225 http fetch GET 200 https://registry.npmjs.org/@jsdevtools/ono/-/ono-7.1.3.tgz 3856ms (cache miss)
226 http fetch GET 200 https://registry.npmjs.org/openapi-types/-/openapi-types-12.1.3.tgz 3870ms (cache miss)
227 http fetch GET 200 https://registry.npmjs.org/esutils/-/esutils-2.0.3.tgz 3877ms (cache miss)
228 http fetch GET 200 https://registry.npmjs.org/validator/-/validator-13.15.0.tgz 3914ms (cache miss)
229 http fetch GET 200 https://registry.npmjs.org/swagger-parser/-/swagger-parser-10.0.3.tgz 3911ms (cache miss)
230 http fetch GET 200 https://registry.npmjs.org/lodash.mergewith/-/lodash.mergewith-4.6.2.tgz 3953ms (cache miss)
231 http fetch GET 200 https://registry.npmjs.org/glob/-/glob-7.1.6.tgz 4049ms (cache miss)
232 warn deprecated glob@7.1.6: Glob versions prior to v9 are no longer supported
233 http fetch GET 200 https://registry.npmjs.org/doctrine/-/doctrine-3.0.0.tgz 4052ms (cache miss)
234 http fetch GET 200 https://registry.npmjs.org/swagger-ui-express/-/swagger-ui-express-5.0.1.tgz 4092ms (cache miss)
235 http fetch GET 200 https://registry.npmjs.org/commander/-/commander-9.5.0.tgz 4099ms (cache miss)
236 http fetch GET 200 https://registry.npmjs.org/commander/-/commander-6.2.0.tgz 4179ms (cache miss)
237 http fetch GET 200 https://registry.npmjs.org/argparse/-/argparse-2.0.1.tgz 4673ms (cache miss)
238 http fetch GET 200 https://registry.npmjs.org/yaml/-/yaml-2.0.0-1.tgz 5679ms (cache miss)
239 http fetch GET 200 https://registry.npmjs.org/@apidevtools/swagger-parser/-/swagger-parser-10.0.3.tgz 5748ms (cache miss)
240 http fetch GET 200 https://registry.npmjs.org/@apidevtools/swagger-methods/-/swagger-methods-3.0.2.tgz 5780ms (cache miss)
241 http fetch GET 200 https://registry.npmjs.org/body-parser 2031ms (cache updated)
242 silly packumentCache corgi:https://registry.npmjs.org/body-parser set size:undefined disposed:false
243 http fetch GET 200 https://registry.npmjs.org/@apidevtools/json-schema-ref-parser/-/json-schema-ref-parser-9.1.2.tgz 5906ms (cache miss)
244 http fetch GET 200 https://registry.npmjs.org/@apidevtools/openapi-schemas/-/openapi-schemas-2.1.0.tgz 7681ms (cache miss)
245 http fetch GET 200 https://registry.npmjs.org/send 4008ms (cache updated)
246 silly packumentCache corgi:https://registry.npmjs.org/send set size:undefined disposed:false
247 http fetch GET 200 https://registry.npmjs.org/cookie 4043ms (cache updated)
248 silly packumentCache corgi:https://registry.npmjs.org/cookie set size:undefined disposed:false
249 http fetch GET 200 https://registry.npmjs.org/qs 4090ms (cache updated)
250 silly packumentCache corgi:https://registry.npmjs.org/qs set size:undefined disposed:false
251 http fetch GET 200 https://registry.npmjs.org/path-to-regexp 4118ms (cache updated)
252 silly packumentCache corgi:https://registry.npmjs.org/path-to-regexp set size:undefined disposed:false
253 http fetch GET 200 https://registry.npmjs.org/js-yaml/-/js-yaml-4.1.0.tgz 8011ms (cache miss)
254 http fetch GET 200 https://registry.npmjs.org/serve-static 4261ms (cache updated)
255 silly packumentCache corgi:https://registry.npmjs.org/serve-static set size:undefined disposed:false
256 http fetch GET 200 https://registry.npmjs.org/express 4394ms (cache updated)
257 silly packumentCache corgi:https://registry.npmjs.org/express set size:undefined disposed:false
258 silly packumentCache corgi:https://registry.npmjs.org/swagger-ui-express cache-miss
259 http fetch GET 200 https://registry.npmjs.org/swagger-ui-express 7307ms (cache miss)
260 silly packumentCache corgi:https://registry.npmjs.org/swagger-ui-express set size:undefined disposed:false
261 http fetch GET 200 https://registry.npmjs.org/z-schema/-/z-schema-5.0.5.tgz 17857ms (cache miss)
262 http fetch GET 200 https://registry.npmjs.org/swagger-jsdoc/-/swagger-jsdoc-6.2.8.tgz 22818ms (cache miss)
263 http fetch GET 200 https://registry.npmjs.org/swagger-ui-dist/-/swagger-ui-dist-5.21.0.tgz 154198ms (cache miss)
264 info run @scarf/scarf@1.4.0 postinstall node_modules/@scarf/scarf node ./report.js
265 info run @scarf/scarf@1.4.0 postinstall { code: 0, signal: null }
266 silly ADD node_modules/validator
267 silly ADD node_modules/lodash.isequal
268 silly ADD node_modules/lodash.get
269 silly ADD node_modules/@scarf/scarf
270 silly ADD node_modules/swagger-ui-dist
271 silly ADD node_modules/argparse
272 silly ADD node_modules/js-yaml
273 silly ADD node_modules/@types/json-schema
274 silly ADD node_modules/z-schema
275 silly ADD node_modules/z-schema/node_modules/commander
276 silly ADD node_modules/call-me-maybe
277 silly ADD node_modules/@jsdevtools/ono
278 silly ADD node_modules/@apidevtools/swagger-methods
279 silly ADD node_modules/@apidevtools/openapi-schemas
280 silly ADD node_modules/@apidevtools/json-schema-ref-parser
281 silly ADD node_modules/openapi-types
282 silly ADD node_modules/@apidevtools/swagger-parser
283 silly ADD node_modules/wrappy
284 silly ADD node_modules/path-is-absolute
285 silly ADD node_modules/once
286 silly ADD node_modules/inflight
287 silly ADD node_modules/fs.realpath
288 silly ADD node_modules/esutils
289 silly ADD node_modules/yaml
290 silly ADD node_modules/swagger-parser
291 silly ADD node_modules/lodash.mergewith
292 silly ADD node_modules/glob
293 silly ADD node_modules/doctrine
294 silly ADD node_modules/commander
295 silly ADD node_modules/swagger-ui-express
296 silly ADD node_modules/swagger-jsdoc
297 silly ADD
298 verbose cwd D:\Documents\Github\RiseAcademy Backend\Mentorship API
299 verbose os Windows_NT 10.0.22000
300 verbose node v20.17.0
301 verbose npm  v10.8.2
302 verbose exit 0
303 info ok
