0 verbose cli C:\Program Files\nodejs\node.exe C:\Program Files\nodejs\node_modules\npm\bin\npm-cli.js
1 info using npm@10.8.2
2 info using node@v20.17.0
3 silly config load:file:C:\Program Files\nodejs\node_modules\npm\npmrc
4 silly config load:file:d:\Documents\Github\RiseAcademy Backend\Mentorship API\.npmrc
5 silly config load:file:C:\Users\hussa\.npmrc
6 silly config load:file:C:\Users\hussa\AppData\Roaming\npm\etc\npmrc
7 verbose title npm view express description dist-tags.latest homepage version time
8 verbose argv "view" "--json" "--" "express" "description" "dist-tags.latest" "homepage" "version" "time"
9 verbose logfile logs-max:10 dir:D:\Documents\Github\RiseAcademy Backend\Mentorship API\npm-cache\_logs\2025-04-28T12_05_20_094Z-
10 verbose logfile D:\Documents\Github\RiseAcademy Backend\Mentorship API\npm-cache\_logs\2025-04-28T12_05_20_094Z-debug-0.log
11 silly logfile start cleaning logs, removing 1 files
12 silly logfile done cleaning log files
13 http fetch GET 200 https://registry.npmjs.org/express 1049ms (cache updated)
14 verbose cwd d:\Documents\Github\RiseAcademy Backend\Mentorship API
15 verbose os Windows_NT 10.0.22000
16 verbose node v20.17.0
17 verbose npm  v10.8.2
18 verbose exit 0
19 info ok
