0 verbose cli C:\Program Files\nodejs\node.exe C:\Program Files\nodejs\node_modules\npm\bin\npm-cli.js
1 info using npm@10.8.2
2 info using node@v20.17.0
3 silly config load:file:C:\Program Files\nodejs\node_modules\npm\npmrc
4 silly config load:file:D:\Documents\Github\RiseAcademy Backend\Mentorship API\.npmrc
5 silly config load:file:C:\Users\hussa\.npmrc
6 silly config load:file:C:\Users\hussa\AppData\Roaming\npm\etc\npmrc
7 verbose title npm install jsonwebtoken
8 verbose argv "install" "jsonwebtoken"
9 verbose logfile logs-max:10 dir:D:\Documents\Github\RiseAcademy Backend\Mentorship API\npm-cache\_logs\2025-04-16T13_35_01_135Z-
10 verbose logfile D:\Documents\Github\RiseAcademy Backend\Mentorship API\npm-cache\_logs\2025-04-16T13_35_01_135Z-debug-0.log
11 silly packumentCache heap:2197815296 maxSize:549453824 maxEntrySize:274726912
12 silly logfile done cleaning log files
13 silly idealTree buildDeps
14 silly fetch manifest jsonwebtoken@*
15 silly packumentCache full:https://registry.npmjs.org/jsonwebtoken cache-miss
16 http fetch GET 200 https://registry.npmjs.org/jsonwebtoken 1737ms (cache miss)
17 silly packumentCache full:https://registry.npmjs.org/jsonwebtoken set size:undefined disposed:false
18 silly placeDep ROOT jsonwebtoken@9.0.2 OK for: mentorship-api@1.0.0 want: *
19 silly fetch manifest ms@^2.1.1
20 silly packumentCache full:https://registry.npmjs.org/ms cache-miss
21 silly fetch manifest jws@^3.2.2
22 silly packumentCache full:https://registry.npmjs.org/jws cache-miss
23 silly fetch manifest lodash.once@^4.0.0
24 silly packumentCache full:https://registry.npmjs.org/lodash.once cache-miss
25 silly fetch manifest lodash.includes@^4.3.0
26 silly packumentCache full:https://registry.npmjs.org/lodash.includes cache-miss
27 silly fetch manifest lodash.isnumber@^3.0.3
28 silly packumentCache full:https://registry.npmjs.org/lodash.isnumber cache-miss
29 silly fetch manifest lodash.isstring@^4.0.1
30 silly packumentCache full:https://registry.npmjs.org/lodash.isstring cache-miss
31 silly fetch manifest lodash.isboolean@^3.0.3
32 silly packumentCache full:https://registry.npmjs.org/lodash.isboolean cache-miss
33 silly fetch manifest lodash.isinteger@^4.0.4
34 silly packumentCache full:https://registry.npmjs.org/lodash.isinteger cache-miss
35 silly fetch manifest lodash.isplainobject@^4.0.6
36 silly packumentCache full:https://registry.npmjs.org/lodash.isplainobject cache-miss
37 http fetch GET 200 https://registry.npmjs.org/jws 456ms (cache miss)
38 silly packumentCache full:https://registry.npmjs.org/jws set size:undefined disposed:false
39 http fetch GET 200 https://registry.npmjs.org/lodash.isstring 1187ms (cache miss)
40 silly packumentCache full:https://registry.npmjs.org/lodash.isstring set size:undefined disposed:false
41 http fetch GET 200 https://registry.npmjs.org/lodash.isplainobject 1258ms (cache miss)
42 silly packumentCache full:https://registry.npmjs.org/lodash.isplainobject set size:undefined disposed:false
43 http fetch GET 200 https://registry.npmjs.org/lodash.isboolean 1282ms (cache miss)
44 silly packumentCache full:https://registry.npmjs.org/lodash.isboolean set size:undefined disposed:false
45 http fetch GET 200 https://registry.npmjs.org/ms 1294ms (cache updated)
46 silly packumentCache full:https://registry.npmjs.org/ms set size:undefined disposed:false
47 http fetch GET 200 https://registry.npmjs.org/lodash.once 1296ms (cache miss)
48 silly packumentCache full:https://registry.npmjs.org/lodash.once set size:undefined disposed:false
49 http fetch GET 200 https://registry.npmjs.org/lodash.includes 1302ms (cache miss)
50 silly packumentCache full:https://registry.npmjs.org/lodash.includes set size:undefined disposed:false
51 http fetch GET 200 https://registry.npmjs.org/lodash.isnumber 1305ms (cache miss)
52 silly packumentCache full:https://registry.npmjs.org/lodash.isnumber set size:undefined disposed:false
53 http fetch GET 200 https://registry.npmjs.org/lodash.isinteger 1305ms (cache miss)
54 silly packumentCache full:https://registry.npmjs.org/lodash.isinteger set size:undefined disposed:false
55 silly placeDep ROOT jws@3.2.2 OK for: jsonwebtoken@9.0.2 want: ^3.2.2
56 silly placeDep ROOT lodash.includes@4.3.0 OK for: jsonwebtoken@9.0.2 want: ^4.3.0
57 silly placeDep ROOT lodash.isboolean@3.0.3 OK for: jsonwebtoken@9.0.2 want: ^3.0.3
58 silly placeDep ROOT lodash.isinteger@4.0.4 OK for: jsonwebtoken@9.0.2 want: ^4.0.4
59 silly placeDep ROOT lodash.isnumber@3.0.3 OK for: jsonwebtoken@9.0.2 want: ^3.0.3
60 silly placeDep ROOT lodash.isplainobject@4.0.6 OK for: jsonwebtoken@9.0.2 want: ^4.0.6
61 silly placeDep ROOT lodash.isstring@4.0.1 OK for: jsonwebtoken@9.0.2 want: ^4.0.1
62 silly placeDep ROOT lodash.once@4.1.1 OK for: jsonwebtoken@9.0.2 want: ^4.0.0
63 silly placeDep node_modules/jsonwebtoken ms@2.1.3 OK for: jsonwebtoken@9.0.2 want: ^2.1.1
64 silly fetch manifest jwa@^1.4.1
65 silly packumentCache full:https://registry.npmjs.org/jwa cache-miss
66 http fetch GET 200 https://registry.npmjs.org/jwa 226ms (cache miss)
67 silly packumentCache full:https://registry.npmjs.org/jwa set size:undefined disposed:false
68 silly placeDep ROOT jwa@1.4.1 OK for: jws@3.2.2 want: ^1.4.1
69 silly fetch manifest ecdsa-sig-formatter@1.0.11
70 silly packumentCache full:https://registry.npmjs.org/ecdsa-sig-formatter cache-miss
71 silly fetch manifest buffer-equal-constant-time@1.0.1
72 silly packumentCache full:https://registry.npmjs.org/buffer-equal-constant-time cache-miss
73 http fetch GET 200 https://registry.npmjs.org/ecdsa-sig-formatter 385ms (cache miss)
74 silly packumentCache full:https://registry.npmjs.org/ecdsa-sig-formatter set size:undefined disposed:false
75 http fetch GET 200 https://registry.npmjs.org/buffer-equal-constant-time 399ms (cache miss)
76 silly packumentCache full:https://registry.npmjs.org/buffer-equal-constant-time set size:undefined disposed:false
77 silly placeDep ROOT buffer-equal-constant-time@1.0.1 OK for: jwa@1.4.1 want: 1.0.1
78 silly placeDep ROOT ecdsa-sig-formatter@1.0.11 OK for: jwa@1.4.1 want: 1.0.11
79 silly reify moves {}
80 silly audit bulk request {
80 silly audit   accepts: [ '1.3.8' ],
80 silly audit   anymatch: [ '3.1.3' ],
80 silly audit   'array-flatten': [ '1.1.1' ],
80 silly audit   'balanced-match': [ '1.0.2' ],
80 silly audit   bcryptjs: [ '3.0.2' ],
80 silly audit   'binary-extensions': [ '2.3.0' ],
80 silly audit   'body-parser': [ '1.18.3' ],
80 silly audit   'brace-expansion': [ '1.1.11' ],
80 silly audit   braces: [ '3.0.3' ],
80 silly audit   bytes: [ '3.0.0' ],
80 silly audit   chokidar: [ '3.6.0' ],
80 silly audit   'concat-map': [ '0.0.1' ],
80 silly audit   'content-disposition': [ '0.5.2' ],
80 silly audit   'content-type': [ '1.0.5' ],
80 silly audit   'cookie-signature': [ '1.0.6' ],
80 silly audit   debug: [ '2.6.9', '4.4.0' ],
80 silly audit   depd: [ '1.1.2' ],
80 silly audit   destroy: [ '1.0.4' ],
80 silly audit   dotenv: [ '16.5.0' ],
80 silly audit   'ee-first': [ '1.1.1' ],
80 silly audit   encodeurl: [ '1.0.2' ],
80 silly audit   'escape-html': [ '1.0.3' ],
80 silly audit   etag: [ '1.8.1' ],
80 silly audit   express: [ '4.16.4' ],
80 silly audit   cookie: [ '0.3.1' ],
80 silly audit   'fill-range': [ '7.1.1' ],
80 silly audit   finalhandler: [ '1.1.1' ],
80 silly audit   forwarded: [ '0.2.0' ],
80 silly audit   fresh: [ '0.5.2' ],
80 silly audit   fsevents: [ '2.3.3' ],
80 silly audit   'glob-parent': [ '5.1.2' ],
80 silly audit   'has-flag': [ '3.0.0' ],
80 silly audit   'http-errors': [ '1.6.3' ],
80 silly audit   'iconv-lite': [ '0.4.23' ],
80 silly audit   'ignore-by-default': [ '1.0.1' ],
80 silly audit   inherits: [ '2.0.3' ],
80 silly audit   'ipaddr.js': [ '1.9.1' ],
80 silly audit   'is-binary-path': [ '2.1.0' ],
80 silly audit   'is-extglob': [ '2.1.1' ],
80 silly audit   'is-glob': [ '4.0.3' ],
80 silly audit   'is-number': [ '7.0.0' ],
80 silly audit   'media-typer': [ '0.3.0' ],
80 silly audit   'merge-descriptors': [ '1.0.1' ],
80 silly audit   methods: [ '1.1.2' ],
80 silly audit   mime: [ '1.4.1' ],
80 silly audit   'mime-db': [ '1.52.0' ],
80 silly audit   'mime-types': [ '2.1.35' ],
80 silly audit   minimatch: [ '3.1.2' ],
80 silly audit   ms: [ '2.0.0', '2.1.3' ],
80 silly audit   negotiator: [ '0.6.3' ],
80 silly audit   nodemon: [ '3.1.9' ],
80 silly audit   'normalize-path': [ '3.0.0' ],
80 silly audit   'on-finished': [ '2.3.0' ],
80 silly audit   parseurl: [ '1.3.3' ],
80 silly audit   'path-to-regexp': [ '0.1.7' ],
80 silly audit   picomatch: [ '2.3.1' ],
80 silly audit   'proxy-addr': [ '2.0.7' ],
80 silly audit   'pstree.remy': [ '1.1.8' ],
80 silly audit   qs: [ '6.5.2' ],
80 silly audit   'range-parser': [ '1.2.1' ],
80 silly audit   'raw-body': [ '2.3.3' ],
80 silly audit   readdirp: [ '3.6.0' ],
80 silly audit   'safe-buffer': [ '5.1.2' ],
80 silly audit   'safer-buffer': [ '2.1.2' ],
80 silly audit   semver: [ '7.7.1' ],
80 silly audit   send: [ '0.16.2' ],
80 silly audit   'serve-static': [ '1.13.2' ],
80 silly audit   setprototypeof: [ '1.1.0' ],
80 silly audit   'simple-update-notifier': [ '2.0.0' ],
80 silly audit   statuses: [ '1.4.0' ],
80 silly audit   'supports-color': [ '5.5.0' ],
80 silly audit   'to-regex-range': [ '5.0.1' ],
80 silly audit   touch: [ '3.1.1' ],
80 silly audit   'type-is': [ '1.6.18' ],
80 silly audit   undefsafe: [ '2.0.5' ],
80 silly audit   unpipe: [ '1.0.0' ],
80 silly audit   'utils-merge': [ '1.0.1' ],
80 silly audit   vary: [ '1.1.2' ],
80 silly audit   jsonwebtoken: [ '9.0.2' ],
80 silly audit   jws: [ '3.2.2' ],
80 silly audit   'lodash.includes': [ '4.3.0' ],
80 silly audit   'lodash.isboolean': [ '3.0.3' ],
80 silly audit   'lodash.isinteger': [ '4.0.4' ],
80 silly audit   'lodash.isnumber': [ '3.0.3' ],
80 silly audit   'lodash.isplainobject': [ '4.0.6' ],
80 silly audit   'lodash.isstring': [ '4.0.1' ],
80 silly audit   'lodash.once': [ '4.1.1' ],
80 silly audit   jwa: [ '1.4.1' ],
80 silly audit   'buffer-equal-constant-time': [ '1.0.1' ],
80 silly audit   'ecdsa-sig-formatter': [ '1.0.11' ]
80 silly audit }
81 verbose reify failed optional dependency D:\Documents\Github\RiseAcademy Backend\Mentorship API\node_modules\fsevents
82 silly reify mark deleted [
82 silly reify   'D:\\Documents\\Github\\RiseAcademy Backend\\Mentorship API\\node_modules\\fsevents'
82 silly reify ]
83 silly tarball no local data for lodash.once@https://registry.npmjs.org/lodash.once/-/lodash.once-4.1.1.tgz. Extracting by manifest.
84 silly tarball no local data for ecdsa-sig-formatter@https://registry.npmjs.org/ecdsa-sig-formatter/-/ecdsa-sig-formatter-1.0.11.tgz. Extracting by manifest.
85 silly tarball no local data for buffer-equal-constant-time@https://registry.npmjs.org/buffer-equal-constant-time/-/buffer-equal-constant-time-1.0.1.tgz. Extracting by manifest.
86 silly tarball no local data for lodash.isplainobject@https://registry.npmjs.org/lodash.isplainobject/-/lodash.isplainobject-4.0.6.tgz. Extracting by manifest.
87 silly tarball no local data for jwa@https://registry.npmjs.org/jwa/-/jwa-1.4.1.tgz. Extracting by manifest.
88 silly tarball no local data for lodash.isnumber@https://registry.npmjs.org/lodash.isnumber/-/lodash.isnumber-3.0.3.tgz. Extracting by manifest.
89 silly tarball no local data for lodash.isinteger@https://registry.npmjs.org/lodash.isinteger/-/lodash.isinteger-4.0.4.tgz. Extracting by manifest.
90 silly tarball no local data for lodash.isboolean@https://registry.npmjs.org/lodash.isboolean/-/lodash.isboolean-3.0.3.tgz. Extracting by manifest.
91 silly tarball no local data for lodash.includes@https://registry.npmjs.org/lodash.includes/-/lodash.includes-4.3.0.tgz. Extracting by manifest.
92 silly tarball no local data for jws@https://registry.npmjs.org/jws/-/jws-3.2.2.tgz. Extracting by manifest.
93 silly tarball no local data for lodash.isstring@https://registry.npmjs.org/lodash.isstring/-/lodash.isstring-4.0.1.tgz. Extracting by manifest.
94 silly tarball no local data for jsonwebtoken@https://registry.npmjs.org/jsonwebtoken/-/jsonwebtoken-9.0.2.tgz. Extracting by manifest.
95 http fetch GET 200 https://registry.npmjs.org/ecdsa-sig-formatter/-/ecdsa-sig-formatter-1.0.11.tgz 221ms (cache miss)
96 http fetch GET 200 https://registry.npmjs.org/lodash.isplainobject/-/lodash.isplainobject-4.0.6.tgz 229ms (cache miss)
97 http fetch GET 200 https://registry.npmjs.org/lodash.isnumber/-/lodash.isnumber-3.0.3.tgz 231ms (cache miss)
98 http fetch GET 200 https://registry.npmjs.org/lodash.once/-/lodash.once-4.1.1.tgz 233ms (cache miss)
99 http fetch GET 200 https://registry.npmjs.org/lodash.isinteger/-/lodash.isinteger-4.0.4.tgz 231ms (cache miss)
100 http fetch GET 200 https://registry.npmjs.org/buffer-equal-constant-time/-/buffer-equal-constant-time-1.0.1.tgz 246ms (cache miss)
101 http fetch GET 200 https://registry.npmjs.org/lodash.isboolean/-/lodash.isboolean-3.0.3.tgz 245ms (cache miss)
102 http fetch GET 200 https://registry.npmjs.org/jwa/-/jwa-1.4.1.tgz 256ms (cache miss)
103 http fetch POST 200 https://registry.npmjs.org/-/npm/v1/security/advisories/bulk 468ms
104 silly audit report {
104 silly audit report   'body-parser': [
104 silly audit report     {
104 silly audit report       id: 1099520,
104 silly audit report       url: 'https://github.com/advisories/GHSA-qwcr-r2fm-qrc7',
104 silly audit report       title: 'body-parser vulnerable to denial of service when url encoding is enabled',
104 silly audit report       severity: 'high',
104 silly audit report       vulnerable_versions: '<1.20.3',
104 silly audit report       cwe: [Array],
104 silly audit report       cvss: [Object]
104 silly audit report     }
104 silly audit report   ],
104 silly audit report   express: [
104 silly audit report     {
104 silly audit report       id: 1100530,
104 silly audit report       url: 'https://github.com/advisories/GHSA-qw6h-vgh9-j6wx',
104 silly audit report       title: 'express vulnerable to XSS via response.redirect()',
104 silly audit report       severity: 'low',
104 silly audit report       vulnerable_versions: '<4.20.0',
104 silly audit report       cwe: [Array],
104 silly audit report       cvss: [Object]
104 silly audit report     },
104 silly audit report     {
104 silly audit report       id: 1096820,
104 silly audit report       url: 'https://github.com/advisories/GHSA-rv95-896h-c2vc',
104 silly audit report       title: 'Express.js Open Redirect in malformed URLs',
104 silly audit report       severity: 'moderate',
104 silly audit report       vulnerable_versions: '<4.19.2',
104 silly audit report       cwe: [Array],
104 silly audit report       cvss: [Object]
104 silly audit report     }
104 silly audit report   ],
104 silly audit report   cookie: [
104 silly audit report     {
104 silly audit report       id: 1103907,
104 silly audit report       url: 'https://github.com/advisories/GHSA-pxg6-pf52-xh8x',
104 silly audit report       title: 'cookie accepts cookie name, path, and domain with out of bounds characters',
104 silly audit report       severity: 'low',
104 silly audit report       vulnerable_versions: '<0.7.0',
104 silly audit report       cwe: [Array],
104 silly audit report       cvss: [Object]
104 silly audit report     }
104 silly audit report   ],
104 silly audit report   'path-to-regexp': [
104 silly audit report     {
104 silly audit report       id: 1101844,
104 silly audit report       url: 'https://github.com/advisories/GHSA-rhx6-c78j-4q9w',
104 silly audit report       title: 'Unpatched `path-to-regexp` ReDoS in 0.1.x',
104 silly audit report       severity: 'high',
104 silly audit report       vulnerable_versions: '<0.1.12',
104 silly audit report       cwe: [Array],
104 silly audit report       cvss: [Object]
104 silly audit report     },
104 silly audit report     {
104 silly audit report       id: 1101850,
104 silly audit report       url: 'https://github.com/advisories/GHSA-9wv6-86v2-598j',
104 silly audit report       title: 'path-to-regexp outputs backtracking regular expressions',
104 silly audit report       severity: 'high',
104 silly audit report       vulnerable_versions: '<0.1.10',
104 silly audit report       cwe: [Array],
104 silly audit report       cvss: [Object]
104 silly audit report     }
104 silly audit report   ],
104 silly audit report   qs: [
104 silly audit report     {
104 silly audit report       id: 1096470,
104 silly audit report       url: 'https://github.com/advisories/GHSA-hrpp-h998-j3pp',
104 silly audit report       title: 'qs vulnerable to Prototype Pollution',
104 silly audit report       severity: 'high',
104 silly audit report       vulnerable_versions: '>=6.5.0 <6.5.3',
104 silly audit report       cwe: [Array],
104 silly audit report       cvss: [Object]
104 silly audit report     }
104 silly audit report   ],
104 silly audit report   send: [
104 silly audit report     {
104 silly audit report       id: 1100526,
104 silly audit report       url: 'https://github.com/advisories/GHSA-m6fv-jmcg-4jfg',
104 silly audit report       title: 'send vulnerable to template injection that can lead to XSS',
104 silly audit report       severity: 'low',
104 silly audit report       vulnerable_versions: '<0.19.0',
104 silly audit report       cwe: [Array],
104 silly audit report       cvss: [Object]
104 silly audit report     }
104 silly audit report   ],
104 silly audit report   'serve-static': [
104 silly audit report     {
104 silly audit report       id: 1100528,
104 silly audit report       url: 'https://github.com/advisories/GHSA-cm22-4g7w-348p',
104 silly audit report       title: 'serve-static vulnerable to template injection that can lead to XSS',
104 silly audit report       severity: 'low',
104 silly audit report       vulnerable_versions: '<1.16.0',
104 silly audit report       cwe: [Array],
104 silly audit report       cvss: [Object]
104 silly audit report     }
104 silly audit report   ]
104 silly audit report }
105 silly packumentCache corgi:https://registry.npmjs.org/body-parser cache-miss
106 silly packumentCache corgi:https://registry.npmjs.org/express cache-miss
107 silly packumentCache corgi:https://registry.npmjs.org/cookie cache-miss
108 silly packumentCache corgi:https://registry.npmjs.org/path-to-regexp cache-miss
109 silly packumentCache corgi:https://registry.npmjs.org/qs cache-miss
110 silly packumentCache corgi:https://registry.npmjs.org/send cache-miss
111 silly packumentCache corgi:https://registry.npmjs.org/serve-static cache-miss
112 http fetch GET 200 https://registry.npmjs.org/jsonwebtoken/-/jsonwebtoken-9.0.2.tgz 726ms (cache miss)
113 http fetch GET 200 https://registry.npmjs.org/lodash.isstring/-/lodash.isstring-4.0.1.tgz 733ms (cache miss)
114 http fetch GET 200 https://registry.npmjs.org/lodash.includes/-/lodash.includes-4.3.0.tgz 742ms (cache miss)
115 http fetch GET 200 https://registry.npmjs.org/jws/-/jws-3.2.2.tgz 743ms (cache miss)
116 http fetch GET 200 https://registry.npmjs.org/path-to-regexp 401ms (cache updated)
117 silly packumentCache corgi:https://registry.npmjs.org/path-to-regexp set size:undefined disposed:false
118 http fetch GET 200 https://registry.npmjs.org/body-parser 412ms (cache updated)
119 silly packumentCache corgi:https://registry.npmjs.org/body-parser set size:undefined disposed:false
120 http fetch GET 200 https://registry.npmjs.org/cookie 413ms (cache updated)
121 silly packumentCache corgi:https://registry.npmjs.org/cookie set size:undefined disposed:false
122 http fetch GET 200 https://registry.npmjs.org/serve-static 418ms (cache updated)
123 silly packumentCache corgi:https://registry.npmjs.org/serve-static set size:undefined disposed:false
124 http fetch GET 200 https://registry.npmjs.org/send 424ms (cache updated)
125 silly packumentCache corgi:https://registry.npmjs.org/send set size:undefined disposed:false
126 http fetch GET 200 https://registry.npmjs.org/qs 427ms (cache updated)
127 silly packumentCache corgi:https://registry.npmjs.org/qs set size:undefined disposed:false
128 http fetch GET 200 https://registry.npmjs.org/express 493ms (cache updated)
129 silly packumentCache corgi:https://registry.npmjs.org/express set size:undefined disposed:false
130 silly ADD node_modules/ecdsa-sig-formatter
131 silly ADD node_modules/buffer-equal-constant-time
132 silly ADD node_modules/jwa
133 silly ADD node_modules/lodash.once
134 silly ADD node_modules/lodash.isstring
135 silly ADD node_modules/lodash.isplainobject
136 silly ADD node_modules/lodash.isnumber
137 silly ADD node_modules/lodash.isinteger
138 silly ADD node_modules/lodash.isboolean
139 silly ADD node_modules/lodash.includes
140 silly ADD node_modules/jws
141 silly ADD node_modules/jsonwebtoken
142 silly ADD node_modules/jsonwebtoken/node_modules/ms
143 silly ADD
144 verbose cwd D:\Documents\Github\RiseAcademy Backend\Mentorship API
145 verbose os Windows_NT 10.0.22000
146 verbose node v20.17.0
147 verbose npm  v10.8.2
148 verbose exit 0
149 info ok
