0 verbose cli C:\Program Files\nodejs\node.exe C:\Program Files\nodejs\node_modules\npm\bin\npm-cli.js
1 info using npm@10.8.2
2 info using node@v20.17.0
3 silly config load:file:C:\Program Files\nodejs\node_modules\npm\npmrc
4 silly config load:file:D:\Documents\Github\RiseAcademy Backend\mentorship_API\.npmrc
5 silly config load:file:C:\Users\hussa\.npmrc
6 silly config load:file:C:\Users\hussa\AppData\Roaming\npm\etc\npmrc
7 verbose title npm install bcryptjs
8 verbose argv "install" "bcryptjs"
9 verbose logfile logs-max:10 dir:D:\Documents\Github\RiseAcademy Backend\mentorship_API\npm-cache\_logs\2025-04-14T17_09_59_006Z-
10 verbose logfile D:\Documents\Github\RiseAcademy Backend\mentorship_API\npm-cache\_logs\2025-04-14T17_09_59_006Z-debug-0.log
11 silly packumentCache heap:2197815296 maxSize:549453824 maxEntrySize:274726912
12 silly logfile done cleaning log files
13 silly idealTree buildDeps
14 silly fetch manifest bcryptjs@*
15 silly packumentCache full:https://registry.npmjs.org/bcryptjs cache-miss
16 verbose shrinkwrap failed to load node_modules/.package-lock.json out of date, updated: node_modules
17 http fetch GET 200 https://registry.npmjs.org/bcryptjs 1726ms (cache miss)
18 silly packumentCache full:https://registry.npmjs.org/bcryptjs set size:undefined disposed:false
19 silly placeDep ROOT bcryptjs@3.0.2 OK for: mentorship-api@1.0.0 want: *
20 silly reify mark retired [
20 silly reify   'D:\\Documents\\Github\\RiseAcademy Backend\\mentorship_API\\node_modules\\align-text'
20 silly reify ]
21 silly reify mark retired [
21 silly reify   'D:\\Documents\\Github\\RiseAcademy Backend\\mentorship_API\\node_modules\\acorn',
21 silly reify   'D:\\Documents\\Github\\RiseAcademy Backend\\mentorship_API\\node_modules\\.bin\\acorn',
21 silly reify   'D:\\Documents\\Github\\RiseAcademy Backend\\mentorship_API\\node_modules\\.bin\\acorn.cmd',
21 silly reify   'D:\\Documents\\Github\\RiseAcademy Backend\\mentorship_API\\node_modules\\.bin\\acorn.ps1'
21 silly reify ]
22 silly reify mark retired [
22 silly reify   'D:\\Documents\\Github\\RiseAcademy Backend\\mentorship_API\\node_modules\\acorn-globals'
22 silly reify ]
23 silly reify mark retired [
23 silly reify   'D:\\Documents\\Github\\RiseAcademy Backend\\mentorship_API\\node_modules\\amdefine'
23 silly reify ]
24 silly reify mark retired [
24 silly reify   'D:\\Documents\\Github\\RiseAcademy Backend\\mentorship_API\\node_modules\\asap'
24 silly reify ]
25 silly reify mark retired [
25 silly reify   'D:\\Documents\\Github\\RiseAcademy Backend\\mentorship_API\\node_modules\\basic-auth'
25 silly reify ]
26 silly reify mark retired [
26 silly reify   'D:\\Documents\\Github\\RiseAcademy Backend\\mentorship_API\\node_modules\\camelcase'
26 silly reify ]
27 silly reify mark retired [
27 silly reify   'D:\\Documents\\Github\\RiseAcademy Backend\\mentorship_API\\node_modules\\character-parser'
27 silly reify ]
28 silly reify mark retired [
28 silly reify   'D:\\Documents\\Github\\RiseAcademy Backend\\mentorship_API\\node_modules\\center-align'
28 silly reify ]
29 silly reify mark retired [
29 silly reify   'D:\\Documents\\Github\\RiseAcademy Backend\\mentorship_API\\node_modules\\commander'
29 silly reify ]
30 silly reify mark retired [
30 silly reify   'D:\\Documents\\Github\\RiseAcademy Backend\\mentorship_API\\node_modules\\clean-css',
30 silly reify   'D:\\Documents\\Github\\RiseAcademy Backend\\mentorship_API\\node_modules\\.bin\\cleancss',
30 silly reify   'D:\\Documents\\Github\\RiseAcademy Backend\\mentorship_API\\node_modules\\.bin\\cleancss.cmd',
30 silly reify   'D:\\Documents\\Github\\RiseAcademy Backend\\mentorship_API\\node_modules\\.bin\\cleancss.ps1'
30 silly reify ]
31 silly reify mark retired [
31 silly reify   'D:\\Documents\\Github\\RiseAcademy Backend\\mentorship_API\\node_modules\\cliui'
31 silly reify ]
32 silly reify mark retired [
32 silly reify   'D:\\Documents\\Github\\RiseAcademy Backend\\mentorship_API\\node_modules\\cookie'
32 silly reify ]
33 silly reify mark retired [
33 silly reify   'D:\\Documents\\Github\\RiseAcademy Backend\\mentorship_API\\node_modules\\constantinople'
33 silly reify ]
34 silly reify mark retired [
34 silly reify   'D:\\Documents\\Github\\RiseAcademy Backend\\mentorship_API\\node_modules\\cookie-parser'
34 silly reify ]
35 silly reify mark retired [
35 silly reify   'D:\\Documents\\Github\\RiseAcademy Backend\\mentorship_API\\node_modules\\css'
35 silly reify ]
36 silly reify mark retired [
36 silly reify   'D:\\Documents\\Github\\RiseAcademy Backend\\mentorship_API\\node_modules\\css-stringify'
36 silly reify ]
37 silly reify mark retired [
37 silly reify   'D:\\Documents\\Github\\RiseAcademy Backend\\mentorship_API\\node_modules\\css-parse'
37 silly reify ]
38 silly reify mark retired [
38 silly reify   'D:\\Documents\\Github\\RiseAcademy Backend\\mentorship_API\\node_modules\\decamelize'
38 silly reify ]
39 silly reify mark retired [
39 silly reify   'D:\\Documents\\Github\\RiseAcademy Backend\\mentorship_API\\node_modules\\graceful-readlink'
39 silly reify ]
40 silly reify mark retired [
40 silly reify   'D:\\Documents\\Github\\RiseAcademy Backend\\mentorship_API\\node_modules\\is-buffer'
40 silly reify ]
41 silly reify mark retired [
41 silly reify   'D:\\Documents\\Github\\RiseAcademy Backend\\mentorship_API\\node_modules\\is-promise'
41 silly reify ]
42 silly reify mark retired [
42 silly reify   'D:\\Documents\\Github\\RiseAcademy Backend\\mentorship_API\\node_modules\\jade',
42 silly reify   'D:\\Documents\\Github\\RiseAcademy Backend\\mentorship_API\\node_modules\\.bin\\jade',
42 silly reify   'D:\\Documents\\Github\\RiseAcademy Backend\\mentorship_API\\node_modules\\.bin\\jade.cmd',
42 silly reify   'D:\\Documents\\Github\\RiseAcademy Backend\\mentorship_API\\node_modules\\.bin\\jade.ps1'
42 silly reify ]
43 silly reify mark retired [
43 silly reify   'D:\\Documents\\Github\\RiseAcademy Backend\\mentorship_API\\node_modules\\kind-of'
43 silly reify ]
44 silly reify mark retired [
44 silly reify   'D:\\Documents\\Github\\RiseAcademy Backend\\mentorship_API\\node_modules\\jstransformer'
44 silly reify ]
45 silly reify mark retired [
45 silly reify   'D:\\Documents\\Github\\RiseAcademy Backend\\mentorship_API\\node_modules\\longest'
45 silly reify ]
46 silly reify mark retired [
46 silly reify   'D:\\Documents\\Github\\RiseAcademy Backend\\mentorship_API\\node_modules\\minimist'
46 silly reify ]
47 silly reify mark retired [
47 silly reify   'D:\\Documents\\Github\\RiseAcademy Backend\\mentorship_API\\node_modules\\mkdirp',
47 silly reify   'D:\\Documents\\Github\\RiseAcademy Backend\\mentorship_API\\node_modules\\.bin\\mkdirp',
47 silly reify   'D:\\Documents\\Github\\RiseAcademy Backend\\mentorship_API\\node_modules\\.bin\\mkdirp.cmd',
47 silly reify   'D:\\Documents\\Github\\RiseAcademy Backend\\mentorship_API\\node_modules\\.bin\\mkdirp.ps1'
47 silly reify ]
48 silly reify mark retired [
48 silly reify   'D:\\Documents\\Github\\RiseAcademy Backend\\mentorship_API\\node_modules\\lazy-cache'
48 silly reify ]
49 silly reify mark retired [
49 silly reify   'D:\\Documents\\Github\\RiseAcademy Backend\\mentorship_API\\node_modules\\morgan'
49 silly reify ]
50 silly reify mark retired [
50 silly reify   'D:\\Documents\\Github\\RiseAcademy Backend\\mentorship_API\\node_modules\\on-headers'
50 silly reify ]
51 silly reify mark retired [
51 silly reify   'D:\\Documents\\Github\\RiseAcademy Backend\\mentorship_API\\node_modules\\optimist'
51 silly reify ]
52 silly reify mark retired [
52 silly reify   'D:\\Documents\\Github\\RiseAcademy Backend\\mentorship_API\\node_modules\\promise'
52 silly reify ]
53 silly reify mark retired [
53 silly reify   'D:\\Documents\\Github\\RiseAcademy Backend\\mentorship_API\\node_modules\\right-align'
53 silly reify ]
54 silly reify mark retired [
54 silly reify   'D:\\Documents\\Github\\RiseAcademy Backend\\mentorship_API\\node_modules\\repeat-string'
54 silly reify ]
55 silly reify mark retired [
55 silly reify   'D:\\Documents\\Github\\RiseAcademy Backend\\mentorship_API\\node_modules\\source-map'
55 silly reify ]
56 silly reify mark retired [
56 silly reify   'D:\\Documents\\Github\\RiseAcademy Backend\\mentorship_API\\node_modules\\transformers'
56 silly reify ]
57 silly reify mark retired [
57 silly reify   'D:\\Documents\\Github\\RiseAcademy Backend\\mentorship_API\\node_modules\\uglify-to-browserify'
57 silly reify ]
58 silly reify mark retired [
58 silly reify   'D:\\Documents\\Github\\RiseAcademy Backend\\mentorship_API\\node_modules\\uglify-js',
58 silly reify   'D:\\Documents\\Github\\RiseAcademy Backend\\mentorship_API\\node_modules\\.bin\\uglifyjs',
58 silly reify   'D:\\Documents\\Github\\RiseAcademy Backend\\mentorship_API\\node_modules\\.bin\\uglifyjs.cmd',
58 silly reify   'D:\\Documents\\Github\\RiseAcademy Backend\\mentorship_API\\node_modules\\.bin\\uglifyjs.ps1'
58 silly reify ]
59 silly reify mark retired [
59 silly reify   'D:\\Documents\\Github\\RiseAcademy Backend\\mentorship_API\\node_modules\\void-elements'
59 silly reify ]
60 silly reify mark retired [
60 silly reify   'D:\\Documents\\Github\\RiseAcademy Backend\\mentorship_API\\node_modules\\window-size'
60 silly reify ]
61 silly reify mark retired [
61 silly reify   'D:\\Documents\\Github\\RiseAcademy Backend\\mentorship_API\\node_modules\\wordwrap'
61 silly reify ]
62 silly reify mark retired [
62 silly reify   'D:\\Documents\\Github\\RiseAcademy Backend\\mentorship_API\\node_modules\\with'
62 silly reify ]
63 silly reify mark retired [
63 silly reify   'D:\\Documents\\Github\\RiseAcademy Backend\\mentorship_API\\node_modules\\yargs'
63 silly reify ]
64 silly reify moves {
64 silly reify   'D:\\Documents\\Github\\RiseAcademy Backend\\mentorship_API\\node_modules\\align-text': 'D:\\Documents\\Github\\RiseAcademy Backend\\mentorship_API\\node_modules\\.align-text-rCMbb2wO',
64 silly reify   'D:\\Documents\\Github\\RiseAcademy Backend\\mentorship_API\\node_modules\\acorn': 'D:\\Documents\\Github\\RiseAcademy Backend\\mentorship_API\\node_modules\\.acorn-63dyHaKp',
64 silly reify   'D:\\Documents\\Github\\RiseAcademy Backend\\mentorship_API\\node_modules\\.bin\\acorn': 'D:\\Documents\\Github\\RiseAcademy Backend\\mentorship_API\\node_modules\\.bin\\.acorn-eZ62tAwU',
64 silly reify   'D:\\Documents\\Github\\RiseAcademy Backend\\mentorship_API\\node_modules\\.bin\\acorn.cmd': 'D:\\Documents\\Github\\RiseAcademy Backend\\mentorship_API\\node_modules\\.bin\\.acorn.cmd-mEg1upu1',
64 silly reify   'D:\\Documents\\Github\\RiseAcademy Backend\\mentorship_API\\node_modules\\.bin\\acorn.ps1': 'D:\\Documents\\Github\\RiseAcademy Backend\\mentorship_API\\node_modules\\.bin\\.acorn.ps1-9fq7Tc03',
64 silly reify   'D:\\Documents\\Github\\RiseAcademy Backend\\mentorship_API\\node_modules\\acorn-globals': 'D:\\Documents\\Github\\RiseAcademy Backend\\mentorship_API\\node_modules\\.acorn-globals-UAQqI8bE',
64 silly reify   'D:\\Documents\\Github\\RiseAcademy Backend\\mentorship_API\\node_modules\\amdefine': 'D:\\Documents\\Github\\RiseAcademy Backend\\mentorship_API\\node_modules\\.amdefine-FmnYVUSA',
64 silly reify   'D:\\Documents\\Github\\RiseAcademy Backend\\mentorship_API\\node_modules\\asap': 'D:\\Documents\\Github\\RiseAcademy Backend\\mentorship_API\\node_modules\\.asap-IxnKtbzx',
64 silly reify   'D:\\Documents\\Github\\RiseAcademy Backend\\mentorship_API\\node_modules\\basic-auth': 'D:\\Documents\\Github\\RiseAcademy Backend\\mentorship_API\\node_modules\\.basic-auth-dEwTCYoi',
64 silly reify   'D:\\Documents\\Github\\RiseAcademy Backend\\mentorship_API\\node_modules\\camelcase': 'D:\\Documents\\Github\\RiseAcademy Backend\\mentorship_API\\node_modules\\.camelcase-BRRDLfCD',
64 silly reify   'D:\\Documents\\Github\\RiseAcademy Backend\\mentorship_API\\node_modules\\character-parser': 'D:\\Documents\\Github\\RiseAcademy Backend\\mentorship_API\\node_modules\\.character-parser-wEtXdHr2',
64 silly reify   'D:\\Documents\\Github\\RiseAcademy Backend\\mentorship_API\\node_modules\\center-align': 'D:\\Documents\\Github\\RiseAcademy Backend\\mentorship_API\\node_modules\\.center-align-CzuJALJ0',
64 silly reify   'D:\\Documents\\Github\\RiseAcademy Backend\\mentorship_API\\node_modules\\commander': 'D:\\Documents\\Github\\RiseAcademy Backend\\mentorship_API\\node_modules\\.commander-WmpNIBiF',
64 silly reify   'D:\\Documents\\Github\\RiseAcademy Backend\\mentorship_API\\node_modules\\clean-css': 'D:\\Documents\\Github\\RiseAcademy Backend\\mentorship_API\\node_modules\\.clean-css-eR3Wsgfl',
64 silly reify   'D:\\Documents\\Github\\RiseAcademy Backend\\mentorship_API\\node_modules\\.bin\\cleancss': 'D:\\Documents\\Github\\RiseAcademy Backend\\mentorship_API\\node_modules\\.bin\\.cleancss-XFlf49As',
64 silly reify   'D:\\Documents\\Github\\RiseAcademy Backend\\mentorship_API\\node_modules\\.bin\\cleancss.cmd': 'D:\\Documents\\Github\\RiseAcademy Backend\\mentorship_API\\node_modules\\.bin\\.cleancss.cmd-STu8c0Ug',
64 silly reify   'D:\\Documents\\Github\\RiseAcademy Backend\\mentorship_API\\node_modules\\.bin\\cleancss.ps1': 'D:\\Documents\\Github\\RiseAcademy Backend\\mentorship_API\\node_modules\\.bin\\.cleancss.ps1-Tt3bNkGn',
64 silly reify   'D:\\Documents\\Github\\RiseAcademy Backend\\mentorship_API\\node_modules\\cliui': 'D:\\Documents\\Github\\RiseAcademy Backend\\mentorship_API\\node_modules\\.cliui-ggtTZ6b1',
64 silly reify   'D:\\Documents\\Github\\RiseAcademy Backend\\mentorship_API\\node_modules\\cookie': 'D:\\Documents\\Github\\RiseAcademy Backend\\mentorship_API\\node_modules\\.cookie-dnzpLQmS',
64 silly reify   'D:\\Documents\\Github\\RiseAcademy Backend\\mentorship_API\\node_modules\\constantinople': 'D:\\Documents\\Github\\RiseAcademy Backend\\mentorship_API\\node_modules\\.constantinople-De21pmCp',
64 silly reify   'D:\\Documents\\Github\\RiseAcademy Backend\\mentorship_API\\node_modules\\cookie-parser': 'D:\\Documents\\Github\\RiseAcademy Backend\\mentorship_API\\node_modules\\.cookie-parser-NVMY4ksS',
64 silly reify   'D:\\Documents\\Github\\RiseAcademy Backend\\mentorship_API\\node_modules\\css': 'D:\\Documents\\Github\\RiseAcademy Backend\\mentorship_API\\node_modules\\.css-slLVXoF6',
64 silly reify   'D:\\Documents\\Github\\RiseAcademy Backend\\mentorship_API\\node_modules\\css-stringify': 'D:\\Documents\\Github\\RiseAcademy Backend\\mentorship_API\\node_modules\\.css-stringify-xlIqG1So',
64 silly reify   'D:\\Documents\\Github\\RiseAcademy Backend\\mentorship_API\\node_modules\\css-parse': 'D:\\Documents\\Github\\RiseAcademy Backend\\mentorship_API\\node_modules\\.css-parse-VcfjjgNL',
64 silly reify   'D:\\Documents\\Github\\RiseAcademy Backend\\mentorship_API\\node_modules\\decamelize': 'D:\\Documents\\Github\\RiseAcademy Backend\\mentorship_API\\node_modules\\.decamelize-Frd1d5ze',
64 silly reify   'D:\\Documents\\Github\\RiseAcademy Backend\\mentorship_API\\node_modules\\graceful-readlink': 'D:\\Documents\\Github\\RiseAcademy Backend\\mentorship_API\\node_modules\\.graceful-readlink-xUuCsBKi',
64 silly reify   'D:\\Documents\\Github\\RiseAcademy Backend\\mentorship_API\\node_modules\\is-buffer': 'D:\\Documents\\Github\\RiseAcademy Backend\\mentorship_API\\node_modules\\.is-buffer-7Ui5Ripi',
64 silly reify   'D:\\Documents\\Github\\RiseAcademy Backend\\mentorship_API\\node_modules\\is-promise': 'D:\\Documents\\Github\\RiseAcademy Backend\\mentorship_API\\node_modules\\.is-promise-5MsyIQGr',
64 silly reify   'D:\\Documents\\Github\\RiseAcademy Backend\\mentorship_API\\node_modules\\jade': 'D:\\Documents\\Github\\RiseAcademy Backend\\mentorship_API\\node_modules\\.jade-CzeiGgXZ',
64 silly reify   'D:\\Documents\\Github\\RiseAcademy Backend\\mentorship_API\\node_modules\\.bin\\jade': 'D:\\Documents\\Github\\RiseAcademy Backend\\mentorship_API\\node_modules\\.bin\\.jade-X9SFMy4X',
64 silly reify   'D:\\Documents\\Github\\RiseAcademy Backend\\mentorship_API\\node_modules\\.bin\\jade.cmd': 'D:\\Documents\\Github\\RiseAcademy Backend\\mentorship_API\\node_modules\\.bin\\.jade.cmd-f1mmUcbU',
64 silly reify   'D:\\Documents\\Github\\RiseAcademy Backend\\mentorship_API\\node_modules\\.bin\\jade.ps1': 'D:\\Documents\\Github\\RiseAcademy Backend\\mentorship_API\\node_modules\\.bin\\.jade.ps1-cM8xqq8O',
64 silly reify   'D:\\Documents\\Github\\RiseAcademy Backend\\mentorship_API\\node_modules\\kind-of': 'D:\\Documents\\Github\\RiseAcademy Backend\\mentorship_API\\node_modules\\.kind-of-aagspjG0',
64 silly reify   'D:\\Documents\\Github\\RiseAcademy Backend\\mentorship_API\\node_modules\\jstransformer': 'D:\\Documents\\Github\\RiseAcademy Backend\\mentorship_API\\node_modules\\.jstransformer-M3X38qc9',
64 silly reify   'D:\\Documents\\Github\\RiseAcademy Backend\\mentorship_API\\node_modules\\longest': 'D:\\Documents\\Github\\RiseAcademy Backend\\mentorship_API\\node_modules\\.longest-55tgqji8',
64 silly reify   'D:\\Documents\\Github\\RiseAcademy Backend\\mentorship_API\\node_modules\\minimist': 'D:\\Documents\\Github\\RiseAcademy Backend\\mentorship_API\\node_modules\\.minimist-S9XjSU7a',
64 silly reify   'D:\\Documents\\Github\\RiseAcademy Backend\\mentorship_API\\node_modules\\mkdirp': 'D:\\Documents\\Github\\RiseAcademy Backend\\mentorship_API\\node_modules\\.mkdirp-VqnDTyJg',
64 silly reify   'D:\\Documents\\Github\\RiseAcademy Backend\\mentorship_API\\node_modules\\.bin\\mkdirp': 'D:\\Documents\\Github\\RiseAcademy Backend\\mentorship_API\\node_modules\\.bin\\.mkdirp-uP4XZ51d',
64 silly reify   'D:\\Documents\\Github\\RiseAcademy Backend\\mentorship_API\\node_modules\\.bin\\mkdirp.cmd': 'D:\\Documents\\Github\\RiseAcademy Backend\\mentorship_API\\node_modules\\.bin\\.mkdirp.cmd-wALllScY',
64 silly reify   'D:\\Documents\\Github\\RiseAcademy Backend\\mentorship_API\\node_modules\\.bin\\mkdirp.ps1': 'D:\\Documents\\Github\\RiseAcademy Backend\\mentorship_API\\node_modules\\.bin\\.mkdirp.ps1-HSloTVJp',
64 silly reify   'D:\\Documents\\Github\\RiseAcademy Backend\\mentorship_API\\node_modules\\lazy-cache': 'D:\\Documents\\Github\\RiseAcademy Backend\\mentorship_API\\node_modules\\.lazy-cache-cpEgznMD',
64 silly reify   'D:\\Documents\\Github\\RiseAcademy Backend\\mentorship_API\\node_modules\\morgan': 'D:\\Documents\\Github\\RiseAcademy Backend\\mentorship_API\\node_modules\\.morgan-Q0kfTFSm',
64 silly reify   'D:\\Documents\\Github\\RiseAcademy Backend\\mentorship_API\\node_modules\\on-headers': 'D:\\Documents\\Github\\RiseAcademy Backend\\mentorship_API\\node_modules\\.on-headers-VHqXrwkb',
64 silly reify   'D:\\Documents\\Github\\RiseAcademy Backend\\mentorship_API\\node_modules\\optimist': 'D:\\Documents\\Github\\RiseAcademy Backend\\mentorship_API\\node_modules\\.optimist-sfFhI11t',
64 silly reify   'D:\\Documents\\Github\\RiseAcademy Backend\\mentorship_API\\node_modules\\promise': 'D:\\Documents\\Github\\RiseAcademy Backend\\mentorship_API\\node_modules\\.promise-4FqZaz7V',
64 silly reify   'D:\\Documents\\Github\\RiseAcademy Backend\\mentorship_API\\node_modules\\right-align': 'D:\\Documents\\Github\\RiseAcademy Backend\\mentorship_API\\node_modules\\.right-align-5kgnCAS4',
64 silly reify   'D:\\Documents\\Github\\RiseAcademy Backend\\mentorship_API\\node_modules\\repeat-string': 'D:\\Documents\\Github\\RiseAcademy Backend\\mentorship_API\\node_modules\\.repeat-string-jMUoe30C',
64 silly reify   'D:\\Documents\\Github\\RiseAcademy Backend\\mentorship_API\\node_modules\\source-map': 'D:\\Documents\\Github\\RiseAcademy Backend\\mentorship_API\\node_modules\\.source-map-I4Dv6y2q',
64 silly reify   'D:\\Documents\\Github\\RiseAcademy Backend\\mentorship_API\\node_modules\\transformers': 'D:\\Documents\\Github\\RiseAcademy Backend\\mentorship_API\\node_modules\\.transformers-FJbbhRct',
64 silly reify   'D:\\Documents\\Github\\RiseAcademy Backend\\mentorship_API\\node_modules\\uglify-to-browserify': 'D:\\Documents\\Github\\RiseAcademy Backend\\mentorship_API\\node_modules\\.uglify-to-browserify-6yp8cwgl',
64 silly reify   'D:\\Documents\\Github\\RiseAcademy Backend\\mentorship_API\\node_modules\\uglify-js': 'D:\\Documents\\Github\\RiseAcademy Backend\\mentorship_API\\node_modules\\.uglify-js-2RB7gSgd',
64 silly reify   'D:\\Documents\\Github\\RiseAcademy Backend\\mentorship_API\\node_modules\\.bin\\uglifyjs': 'D:\\Documents\\Github\\RiseAcademy Backend\\mentorship_API\\node_modules\\.bin\\.uglifyjs-KxsgOJkx',
64 silly reify   'D:\\Documents\\Github\\RiseAcademy Backend\\mentorship_API\\node_modules\\.bin\\uglifyjs.cmd': 'D:\\Documents\\Github\\RiseAcademy Backend\\mentorship_API\\node_modules\\.bin\\.uglifyjs.cmd-B6vchvjT',
64 silly reify   'D:\\Documents\\Github\\RiseAcademy Backend\\mentorship_API\\node_modules\\.bin\\uglifyjs.ps1': 'D:\\Documents\\Github\\RiseAcademy Backend\\mentorship_API\\node_modules\\.bin\\.uglifyjs.ps1-DfWSnMuj',
64 silly reify   'D:\\Documents\\Github\\RiseAcademy Backend\\mentorship_API\\node_modules\\void-elements': 'D:\\Documents\\Github\\RiseAcademy Backend\\mentorship_API\\node_modules\\.void-elements-PmVqsom4',
64 silly reify   'D:\\Documents\\Github\\RiseAcademy Backend\\mentorship_API\\node_modules\\window-size': 'D:\\Documents\\Github\\RiseAcademy Backend\\mentorship_API\\node_modules\\.window-size-tasFXotz',
64 silly reify   'D:\\Documents\\Github\\RiseAcademy Backend\\mentorship_API\\node_modules\\wordwrap': 'D:\\Documents\\Github\\RiseAcademy Backend\\mentorship_API\\node_modules\\.wordwrap-DCAVlENK',
64 silly reify   'D:\\Documents\\Github\\RiseAcademy Backend\\mentorship_API\\node_modules\\with': 'D:\\Documents\\Github\\RiseAcademy Backend\\mentorship_API\\node_modules\\.with-iPpQjKFh',
64 silly reify   'D:\\Documents\\Github\\RiseAcademy Backend\\mentorship_API\\node_modules\\yargs': 'D:\\Documents\\Github\\RiseAcademy Backend\\mentorship_API\\node_modules\\.yargs-FQ0Uwrs8'
64 silly reify }
65 silly audit bulk request {
65 silly audit   accepts: [ '1.3.8' ],
65 silly audit   anymatch: [ '3.1.3' ],
65 silly audit   'array-flatten': [ '1.1.1' ],
65 silly audit   'balanced-match': [ '1.0.2' ],
65 silly audit   'binary-extensions': [ '2.3.0' ],
65 silly audit   'body-parser': [ '1.18.3' ],
65 silly audit   'brace-expansion': [ '1.1.11' ],
65 silly audit   braces: [ '3.0.3' ],
65 silly audit   bytes: [ '3.0.0' ],
65 silly audit   chokidar: [ '3.6.0' ],
65 silly audit   'concat-map': [ '0.0.1' ],
65 silly audit   'content-disposition': [ '0.5.2' ],
65 silly audit   'content-type': [ '1.0.5' ],
65 silly audit   cookie: [ '0.3.1' ],
65 silly audit   'cookie-signature': [ '1.0.6' ],
65 silly audit   debug: [ '2.6.9', '4.4.0' ],
65 silly audit   depd: [ '1.1.2' ],
65 silly audit   destroy: [ '1.0.4' ],
65 silly audit   dotenv: [ '16.5.0' ],
65 silly audit   'ee-first': [ '1.1.1' ],
65 silly audit   encodeurl: [ '1.0.2' ],
65 silly audit   'escape-html': [ '1.0.3' ],
65 silly audit   etag: [ '1.8.1' ],
65 silly audit   express: [ '4.16.4' ],
65 silly audit   'fill-range': [ '7.1.1' ],
65 silly audit   finalhandler: [ '1.1.1' ],
65 silly audit   forwarded: [ '0.2.0' ],
65 silly audit   fresh: [ '0.5.2' ],
65 silly audit   fsevents: [ '2.3.3' ],
65 silly audit   'glob-parent': [ '5.1.2' ],
65 silly audit   'has-flag': [ '3.0.0' ],
65 silly audit   'http-errors': [ '1.6.3' ],
65 silly audit   'iconv-lite': [ '0.4.23' ],
65 silly audit   'ignore-by-default': [ '1.0.1' ],
65 silly audit   inherits: [ '2.0.3' ],
65 silly audit   'ipaddr.js': [ '1.9.1' ],
65 silly audit   'is-binary-path': [ '2.1.0' ],
65 silly audit   'is-extglob': [ '2.1.1' ],
65 silly audit   'is-glob': [ '4.0.3' ],
65 silly audit   'is-number': [ '7.0.0' ],
65 silly audit   'media-typer': [ '0.3.0' ],
65 silly audit   'merge-descriptors': [ '1.0.1' ],
65 silly audit   methods: [ '1.1.2' ],
65 silly audit   mime: [ '1.4.1' ],
65 silly audit   'mime-db': [ '1.52.0' ],
65 silly audit   'mime-types': [ '2.1.35' ],
65 silly audit   minimatch: [ '3.1.2' ],
65 silly audit   ms: [ '2.0.0', '2.1.3' ],
65 silly audit   negotiator: [ '0.6.3' ],
65 silly audit   nodemon: [ '3.1.9' ],
65 silly audit   'normalize-path': [ '3.0.0' ],
65 silly audit   'on-finished': [ '2.3.0' ],
65 silly audit   parseurl: [ '1.3.3' ],
65 silly audit   'path-to-regexp': [ '0.1.7' ],
65 silly audit   picomatch: [ '2.3.1' ],
65 silly audit   'proxy-addr': [ '2.0.7' ],
65 silly audit   'pstree.remy': [ '1.1.8' ],
65 silly audit   qs: [ '6.5.2' ],
65 silly audit   'range-parser': [ '1.2.1' ],
65 silly audit   'raw-body': [ '2.3.3' ],
65 silly audit   readdirp: [ '3.6.0' ],
65 silly audit   'safe-buffer': [ '5.1.2' ],
65 silly audit   'safer-buffer': [ '2.1.2' ],
65 silly audit   semver: [ '7.7.1' ],
65 silly audit   send: [ '0.16.2' ],
65 silly audit   'serve-static': [ '1.13.2' ],
65 silly audit   setprototypeof: [ '1.1.0' ],
65 silly audit   'simple-update-notifier': [ '2.0.0' ],
65 silly audit   statuses: [ '1.4.0' ],
65 silly audit   'supports-color': [ '5.5.0' ],
65 silly audit   'to-regex-range': [ '5.0.1' ],
65 silly audit   touch: [ '3.1.1' ],
65 silly audit   'type-is': [ '1.6.18' ],
65 silly audit   undefsafe: [ '2.0.5' ],
65 silly audit   unpipe: [ '1.0.0' ],
65 silly audit   'utils-merge': [ '1.0.1' ],
65 silly audit   vary: [ '1.1.2' ],
65 silly audit   bcryptjs: [ '3.0.2' ]
65 silly audit }
66 verbose reify failed optional dependency D:\Documents\Github\RiseAcademy Backend\mentorship_API\node_modules\fsevents
67 silly reify mark deleted [
67 silly reify   'D:\\Documents\\Github\\RiseAcademy Backend\\mentorship_API\\node_modules\\fsevents'
67 silly reify ]
68 silly tarball no local data for bcryptjs@https://registry.npmjs.org/bcryptjs/-/bcryptjs-3.0.2.tgz. Extracting by manifest.
69 http fetch GET 200 https://registry.npmjs.org/bcryptjs/-/bcryptjs-3.0.2.tgz 2067ms (cache miss)
70 http fetch POST 200 https://registry.npmjs.org/-/npm/v1/security/advisories/bulk 2151ms
71 silly audit report {
71 silly audit report   'body-parser': [
71 silly audit report     {
71 silly audit report       id: 1099520,
71 silly audit report       url: 'https://github.com/advisories/GHSA-qwcr-r2fm-qrc7',
71 silly audit report       title: 'body-parser vulnerable to denial of service when url encoding is enabled',
71 silly audit report       severity: 'high',
71 silly audit report       vulnerable_versions: '<1.20.3',
71 silly audit report       cwe: [Array],
71 silly audit report       cvss: [Object]
71 silly audit report     }
71 silly audit report   ],
71 silly audit report   cookie: [
71 silly audit report     {
71 silly audit report       id: 1099846,
71 silly audit report       url: 'https://github.com/advisories/GHSA-pxg6-pf52-xh8x',
71 silly audit report       title: 'cookie accepts cookie name, path, and domain with out of bounds characters',
71 silly audit report       severity: 'low',
71 silly audit report       vulnerable_versions: '<0.7.0',
71 silly audit report       cwe: [Array],
71 silly audit report       cvss: [Object]
71 silly audit report     }
71 silly audit report   ],
71 silly audit report   express: [
71 silly audit report     {
71 silly audit report       id: 1100530,
71 silly audit report       url: 'https://github.com/advisories/GHSA-qw6h-vgh9-j6wx',
71 silly audit report       title: 'express vulnerable to XSS via response.redirect()',
71 silly audit report       severity: 'low',
71 silly audit report       vulnerable_versions: '<4.20.0',
71 silly audit report       cwe: [Array],
71 silly audit report       cvss: [Object]
71 silly audit report     },
71 silly audit report     {
71 silly audit report       id: 1096820,
71 silly audit report       url: 'https://github.com/advisories/GHSA-rv95-896h-c2vc',
71 silly audit report       title: 'Express.js Open Redirect in malformed URLs',
71 silly audit report       severity: 'moderate',
71 silly audit report       vulnerable_versions: '<4.19.2',
71 silly audit report       cwe: [Array],
71 silly audit report       cvss: [Object]
71 silly audit report     }
71 silly audit report   ],
71 silly audit report   'path-to-regexp': [
71 silly audit report     {
71 silly audit report       id: 1101844,
71 silly audit report       url: 'https://github.com/advisories/GHSA-rhx6-c78j-4q9w',
71 silly audit report       title: 'Unpatched `path-to-regexp` ReDoS in 0.1.x',
71 silly audit report       severity: 'high',
71 silly audit report       vulnerable_versions: '<0.1.12',
71 silly audit report       cwe: [Array],
71 silly audit report       cvss: [Object]
71 silly audit report     },
71 silly audit report     {
71 silly audit report       id: 1101850,
71 silly audit report       url: 'https://github.com/advisories/GHSA-9wv6-86v2-598j',
71 silly audit report       title: 'path-to-regexp outputs backtracking regular expressions',
71 silly audit report       severity: 'high',
71 silly audit report       vulnerable_versions: '<0.1.10',
71 silly audit report       cwe: [Array],
71 silly audit report       cvss: [Object]
71 silly audit report     }
71 silly audit report   ],
71 silly audit report   qs: [
71 silly audit report     {
71 silly audit report       id: 1096470,
71 silly audit report       url: 'https://github.com/advisories/GHSA-hrpp-h998-j3pp',
71 silly audit report       title: 'qs vulnerable to Prototype Pollution',
71 silly audit report       severity: 'high',
71 silly audit report       vulnerable_versions: '>=6.5.0 <6.5.3',
71 silly audit report       cwe: [Array],
71 silly audit report       cvss: [Object]
71 silly audit report     }
71 silly audit report   ],
71 silly audit report   send: [
71 silly audit report     {
71 silly audit report       id: 1100526,
71 silly audit report       url: 'https://github.com/advisories/GHSA-m6fv-jmcg-4jfg',
71 silly audit report       title: 'send vulnerable to template injection that can lead to XSS',
71 silly audit report       severity: 'low',
71 silly audit report       vulnerable_versions: '<0.19.0',
71 silly audit report       cwe: [Array],
71 silly audit report       cvss: [Object]
71 silly audit report     }
71 silly audit report   ],
71 silly audit report   'serve-static': [
71 silly audit report     {
71 silly audit report       id: 1100528,
71 silly audit report       url: 'https://github.com/advisories/GHSA-cm22-4g7w-348p',
71 silly audit report       title: 'serve-static vulnerable to template injection that can lead to XSS',
71 silly audit report       severity: 'low',
71 silly audit report       vulnerable_versions: '<1.16.0',
71 silly audit report       cwe: [Array],
71 silly audit report       cvss: [Object]
71 silly audit report     }
71 silly audit report   ]
71 silly audit report }
72 silly packumentCache corgi:https://registry.npmjs.org/body-parser cache-miss
73 silly packumentCache corgi:https://registry.npmjs.org/cookie cache-miss
74 silly packumentCache corgi:https://registry.npmjs.org/express cache-miss
75 silly packumentCache corgi:https://registry.npmjs.org/path-to-regexp cache-miss
76 silly packumentCache corgi:https://registry.npmjs.org/qs cache-miss
77 silly packumentCache corgi:https://registry.npmjs.org/send cache-miss
78 silly packumentCache corgi:https://registry.npmjs.org/serve-static cache-miss
79 http fetch GET 200 https://registry.npmjs.org/path-to-regexp 126ms (cache hit)
80 silly packumentCache corgi:https://registry.npmjs.org/path-to-regexp set size:62557 disposed:false
81 http fetch GET 200 https://registry.npmjs.org/body-parser 131ms (cache hit)
82 silly packumentCache corgi:https://registry.npmjs.org/body-parser set size:74404 disposed:false
83 http fetch GET 200 https://registry.npmjs.org/serve-static 129ms (cache hit)
84 silly packumentCache corgi:https://registry.npmjs.org/serve-static set size:56254 disposed:false
85 http fetch GET 200 https://registry.npmjs.org/send 130ms (cache hit)
86 silly packumentCache corgi:https://registry.npmjs.org/send set size:60926 disposed:false
87 http fetch GET 200 https://registry.npmjs.org/cookie 134ms (cache hit)
88 silly packumentCache corgi:https://registry.npmjs.org/cookie set size:22175 disposed:false
89 http fetch GET 200 https://registry.npmjs.org/express 135ms (cache hit)
90 silly packumentCache corgi:https://registry.npmjs.org/express set size:322362 disposed:false
91 http fetch GET 200 https://registry.npmjs.org/qs 142ms (cache hit)
92 silly packumentCache corgi:https://registry.npmjs.org/qs set size:109860 disposed:false
93 silly ADD node_modules/bcryptjs
94 silly ADD
95 silly REMOVE node_modules/yargs
96 silly REMOVE node_modules/with
97 silly REMOVE node_modules/with/node_modules/acorn
98 silly REMOVE node_modules/wordwrap
99 silly REMOVE node_modules/window-size
100 silly REMOVE node_modules/void-elements
101 silly REMOVE node_modules/uglify-js
102 silly REMOVE node_modules/uglify-js/node_modules/source-map
103 silly REMOVE node_modules/uglify-to-browserify
104 silly REMOVE node_modules/transformers
105 silly REMOVE node_modules/transformers/node_modules/uglify-js
106 silly REMOVE node_modules/transformers/node_modules/source-map
107 silly REMOVE node_modules/transformers/node_modules/promise
108 silly REMOVE node_modules/transformers/node_modules/is-promise
109 silly REMOVE node_modules/source-map
110 silly REMOVE node_modules/repeat-string
111 silly REMOVE node_modules/right-align
112 silly REMOVE node_modules/promise
113 silly REMOVE node_modules/optimist
114 silly REMOVE node_modules/on-headers
115 silly REMOVE node_modules/morgan
116 silly REMOVE node_modules/lazy-cache
117 silly REMOVE node_modules/mkdirp
118 silly REMOVE node_modules/minimist
119 silly REMOVE node_modules/longest
120 silly REMOVE node_modules/jstransformer
121 silly REMOVE node_modules/kind-of
122 silly REMOVE node_modules/jade
123 silly REMOVE node_modules/is-promise
124 silly REMOVE node_modules/is-buffer
125 silly REMOVE node_modules/graceful-readlink
126 silly REMOVE node_modules/decamelize
127 silly REMOVE node_modules/css-parse
128 silly REMOVE node_modules/css-stringify
129 silly REMOVE node_modules/css
130 silly REMOVE node_modules/cookie-parser
131 silly REMOVE node_modules/constantinople
132 silly REMOVE node_modules/cookie
133 silly REMOVE node_modules/cliui
134 silly REMOVE node_modules/clean-css
135 silly REMOVE node_modules/clean-css/node_modules/commander
136 silly REMOVE node_modules/commander
137 silly REMOVE node_modules/center-align
138 silly REMOVE node_modules/character-parser
139 silly REMOVE node_modules/camelcase
140 silly REMOVE node_modules/basic-auth
141 silly REMOVE node_modules/asap
142 silly REMOVE node_modules/amdefine
143 silly REMOVE node_modules/acorn-globals
144 silly REMOVE node_modules/acorn
145 silly REMOVE node_modules/align-text
146 verbose cwd D:\Documents\Github\RiseAcademy Backend\mentorship_API
147 verbose os Windows_NT 10.0.22000
148 verbose node v20.17.0
149 verbose npm  v10.8.2
150 verbose exit 0
151 info ok
