0 verbose cli C:\Program Files\nodejs\node.exe C:\Program Files\nodejs\node_modules\npm\bin\npm-cli.js
1 info using npm@10.8.2
2 info using node@v20.17.0
3 silly config load:file:C:\Program Files\nodejs\node_modules\npm\npmrc
4 silly config load:file:D:\Documents\Github\RiseAcademy Backend\mentorship_API\.npmrc
5 silly config load:file:C:\Users\hussa\.npmrc
6 silly config load:file:C:\Users\hussa\AppData\Roaming\npm\etc\npmrc
7 verbose title npm exec express-generator
8 verbose argv "exec" "--" "express-generator"
9 verbose logfile logs-max:10 dir:D:\Documents\Github\RiseAcademy Backend\mentorship_API\npm-cache\_logs\2025-04-14T15_18_13_137Z-
10 verbose logfile D:\Documents\Github\RiseAcademy Backend\mentorship_API\npm-cache\_logs\2025-04-14T15_18_13_137Z-debug-0.log
11 silly logfile done cleaning log files
12 silly packumentCache heap:2197815296 maxSize:549453824 maxEntrySize:274726912
13 http fetch GET 200 https://registry.npmjs.org/express-generator 1011ms (cache miss)
14 silly packumentCache heap:2197815296 maxSize:549453824 maxEntrySize:274726912
15 http fetch GET 200 https://registry.npmjs.org/npm 1546ms
16 silly packumentCache heap:2197815296 maxSize:549453824 maxEntrySize:274726912
17 silly idealTree buildDeps
18 silly fetch manifest express-generator@4.16.1
19 silly packumentCache full:https://registry.npmjs.org/express-generator cache-miss
20 http fetch GET 200 https://registry.npmjs.org/express-generator 386ms (cache miss)
21 silly packumentCache full:https://registry.npmjs.org/express-generator set size:undefined disposed:false
22 silly placeDep ROOT express-generator@4.16.1 OK for:  want: 4.16.1
23 silly fetch manifest ejs@2.6.1
24 silly packumentCache full:https://registry.npmjs.org/ejs cache-miss
25 silly fetch manifest mkdirp@0.5.1
26 silly packumentCache full:https://registry.npmjs.org/mkdirp cache-miss
27 silly fetch manifest commander@2.15.1
28 silly packumentCache full:https://registry.npmjs.org/commander cache-miss
29 silly fetch manifest minimatch@3.0.4
30 silly packumentCache full:https://registry.npmjs.org/minimatch cache-miss
31 silly fetch manifest sorted-object@2.0.1
32 silly packumentCache full:https://registry.npmjs.org/sorted-object cache-miss
33 http fetch GET 200 https://registry.npmjs.org/ejs 287ms (cache miss)
34 silly packumentCache full:https://registry.npmjs.org/ejs set size:undefined disposed:false
35 http fetch GET 200 https://registry.npmjs.org/mkdirp 300ms (cache miss)
36 silly packumentCache full:https://registry.npmjs.org/mkdirp set size:undefined disposed:false
37 http fetch GET 200 https://registry.npmjs.org/sorted-object 983ms (cache miss)
38 silly packumentCache full:https://registry.npmjs.org/sorted-object set size:undefined disposed:false
39 http fetch GET 200 https://registry.npmjs.org/minimatch 1161ms (cache miss)
40 silly packumentCache full:https://registry.npmjs.org/minimatch set size:undefined disposed:false
41 http fetch GET 200 https://registry.npmjs.org/commander 1233ms (cache miss)
42 silly packumentCache full:https://registry.npmjs.org/commander set size:undefined disposed:false
43 silly placeDep ROOT commander@2.15.1 OK for: express-generator@4.16.1 want: 2.15.1
44 silly placeDep ROOT ejs@2.6.1 OK for: express-generator@4.16.1 want: 2.6.1
45 silly placeDep ROOT minimatch@3.0.4 OK for: express-generator@4.16.1 want: 3.0.4
46 silly placeDep ROOT mkdirp@0.5.1 OK for: express-generator@4.16.1 want: 0.5.1
47 silly placeDep ROOT sorted-object@2.0.1 OK for: express-generator@4.16.1 want: 2.0.1
48 silly fetch manifest brace-expansion@^1.1.7
49 silly packumentCache full:https://registry.npmjs.org/brace-expansion cache-miss
50 silly fetch manifest minimist@0.0.8
51 silly packumentCache full:https://registry.npmjs.org/minimist cache-miss
52 http fetch GET 200 https://registry.npmjs.org/brace-expansion 248ms (cache miss)
53 silly packumentCache full:https://registry.npmjs.org/brace-expansion set size:undefined disposed:false
54 http fetch GET 200 https://registry.npmjs.org/minimist 249ms (cache miss)
55 silly packumentCache full:https://registry.npmjs.org/minimist set size:undefined disposed:false
56 silly placeDep ROOT brace-expansion@1.1.11 OK for: minimatch@3.0.4 want: ^1.1.7
57 silly fetch manifest balanced-match@^1.0.0
58 silly packumentCache full:https://registry.npmjs.org/balanced-match cache-miss
59 silly fetch manifest concat-map@0.0.1
60 silly packumentCache full:https://registry.npmjs.org/concat-map cache-miss
61 http fetch GET 200 https://registry.npmjs.org/balanced-match 227ms (cache miss)
62 silly packumentCache full:https://registry.npmjs.org/balanced-match set size:undefined disposed:false
63 http fetch GET 200 https://registry.npmjs.org/concat-map 269ms (cache miss)
64 silly packumentCache full:https://registry.npmjs.org/concat-map set size:undefined disposed:false
65 silly placeDep ROOT balanced-match@1.0.2 OK for: brace-expansion@1.1.11 want: ^1.0.0
66 silly placeDep ROOT concat-map@0.0.1 OK for: brace-expansion@1.1.11 want: 0.0.1
67 silly placeDep ROOT minimist@0.0.8 OK for: mkdirp@0.5.1 want: 0.0.8
68 silly reify moves {}
69 silly audit bulk request {
69 silly audit   'express-generator': [ '4.16.1' ],
69 silly audit   commander: [ '2.15.1' ],
69 silly audit   ejs: [ '2.6.1' ],
69 silly audit   minimatch: [ '3.0.4' ],
69 silly audit   mkdirp: [ '0.5.1' ],
69 silly audit   'sorted-object': [ '2.0.1' ],
69 silly audit   'brace-expansion': [ '1.1.11' ],
69 silly audit   'balanced-match': [ '1.0.2' ],
69 silly audit   'concat-map': [ '0.0.1' ],
69 silly audit   minimist: [ '0.0.8' ]
69 silly audit }
70 silly tarball no local data for minimist@https://registry.npmjs.org/minimist/-/minimist-0.0.8.tgz. Extracting by manifest.
71 silly tarball no local data for concat-map@https://registry.npmjs.org/concat-map/-/concat-map-0.0.1.tgz. Extracting by manifest.
72 silly tarball no local data for balanced-match@https://registry.npmjs.org/balanced-match/-/balanced-match-1.0.2.tgz. Extracting by manifest.
73 silly tarball no local data for brace-expansion@https://registry.npmjs.org/brace-expansion/-/brace-expansion-1.1.11.tgz. Extracting by manifest.
74 silly tarball no local data for sorted-object@https://registry.npmjs.org/sorted-object/-/sorted-object-2.0.1.tgz. Extracting by manifest.
75 silly tarball no local data for mkdirp@https://registry.npmjs.org/mkdirp/-/mkdirp-0.5.1.tgz. Extracting by manifest.
76 silly tarball no local data for minimatch@https://registry.npmjs.org/minimatch/-/minimatch-3.0.4.tgz. Extracting by manifest.
77 silly tarball no local data for commander@https://registry.npmjs.org/commander/-/commander-2.15.1.tgz. Extracting by manifest.
78 silly tarball no local data for ejs@https://registry.npmjs.org/ejs/-/ejs-2.6.1.tgz. Extracting by manifest.
79 silly tarball no local data for express-generator@https://registry.npmjs.org/express-generator/-/express-generator-4.16.1.tgz. Extracting by manifest.
80 http fetch GET 200 https://registry.npmjs.org/concat-map/-/concat-map-0.0.1.tgz 460ms (cache miss)
81 http fetch GET 200 https://registry.npmjs.org/brace-expansion/-/brace-expansion-1.1.11.tgz 461ms (cache miss)
82 http fetch POST 200 https://registry.npmjs.org/-/npm/v1/security/advisories/bulk 527ms
83 silly audit report {
83 silly audit report   ejs: [
83 silly audit report     {
83 silly audit report       id: 1089270,
83 silly audit report       url: 'https://github.com/advisories/GHSA-phwq-j96m-2c2q',
83 silly audit report       title: 'ejs template injection vulnerability',
83 silly audit report       severity: 'critical',
83 silly audit report       vulnerable_versions: '<3.1.7',
83 silly audit report       cwe: [Array],
83 silly audit report       cvss: [Object]
83 silly audit report     },
83 silly audit report     {
83 silly audit report       id: 1098366,
83 silly audit report       url: 'https://github.com/advisories/GHSA-ghr5-ch3p-vcr6',
83 silly audit report       title: 'ejs lacks certain pollution protection',
83 silly audit report       severity: 'moderate',
83 silly audit report       vulnerable_versions: '<3.1.10',
83 silly audit report       cwe: [Array],
83 silly audit report       cvss: [Object]
83 silly audit report     }
83 silly audit report   ],
83 silly audit report   minimatch: [
83 silly audit report     {
83 silly audit report       id: 1096485,
83 silly audit report       url: 'https://github.com/advisories/GHSA-f8q6-p94x-37v3',
83 silly audit report       title: 'minimatch ReDoS vulnerability',
83 silly audit report       severity: 'high',
83 silly audit report       vulnerable_versions: '<3.0.5',
83 silly audit report       cwe: [Array],
83 silly audit report       cvss: [Object]
83 silly audit report     }
83 silly audit report   ],
83 silly audit report   minimist: [
83 silly audit report     {
83 silly audit report       id: 1097677,
83 silly audit report       url: 'https://github.com/advisories/GHSA-xvch-5gv4-984h',
83 silly audit report       title: 'Prototype Pollution in minimist',
83 silly audit report       severity: 'critical',
83 silly audit report       vulnerable_versions: '<0.2.4',
83 silly audit report       cwe: [Array],
83 silly audit report       cvss: [Object]
83 silly audit report     },
83 silly audit report     {
83 silly audit report       id: 1096466,
83 silly audit report       url: 'https://github.com/advisories/GHSA-vh95-rmgr-6w4m',
83 silly audit report       title: 'Prototype Pollution in minimist',
83 silly audit report       severity: 'moderate',
83 silly audit report       vulnerable_versions: '<0.2.1',
83 silly audit report       cwe: [Array],
83 silly audit report       cvss: [Object]
83 silly audit report     }
83 silly audit report   ]
83 silly audit report }
84 silly packumentCache corgi:https://registry.npmjs.org/ejs cache-miss
85 silly packumentCache corgi:https://registry.npmjs.org/minimatch cache-miss
86 silly packumentCache corgi:https://registry.npmjs.org/minimist cache-miss
87 http fetch GET 200 https://registry.npmjs.org/balanced-match/-/balanced-match-1.0.2.tgz 526ms (cache miss)
88 http fetch GET 200 https://registry.npmjs.org/minimist/-/minimist-0.0.8.tgz 541ms (cache miss)
89 http fetch GET 200 https://registry.npmjs.org/ejs 231ms (cache miss)
90 silly packumentCache corgi:https://registry.npmjs.org/ejs set size:undefined disposed:false
91 http fetch GET 200 https://registry.npmjs.org/minimatch 253ms (cache miss)
92 silly packumentCache corgi:https://registry.npmjs.org/minimatch set size:undefined disposed:false
93 http fetch GET 200 https://registry.npmjs.org/sorted-object/-/sorted-object-2.0.1.tgz 910ms (cache miss)
94 http fetch GET 200 https://registry.npmjs.org/minimist 512ms (cache miss)
95 silly packumentCache corgi:https://registry.npmjs.org/minimist set size:undefined disposed:false
96 http fetch GET 200 https://registry.npmjs.org/commander/-/commander-2.15.1.tgz 1048ms (cache miss)
97 http fetch GET 200 https://registry.npmjs.org/minimatch/-/minimatch-3.0.4.tgz 1053ms (cache miss)
98 http fetch GET 200 https://registry.npmjs.org/ejs/-/ejs-2.6.1.tgz 1059ms (cache miss)
99 silly packumentCache corgi:https://registry.npmjs.org/express-generator cache-miss
100 http fetch GET 200 https://registry.npmjs.org/express-generator 19ms (cache hit)
101 silly packumentCache corgi:https://registry.npmjs.org/express-generator set size:17538 disposed:false
102 http fetch GET 200 https://registry.npmjs.org/mkdirp/-/mkdirp-0.5.1.tgz 1090ms (cache miss)
103 warn deprecated mkdirp@0.5.1: Legacy versions of mkdirp are no longer supported. Please update to mkdirp 1.x. (Note that the API surface has changed to use Promises in 1.x.)
104 silly packumentCache corgi:https://registry.npmjs.org/mkdirp cache-miss
105 http fetch GET 200 https://registry.npmjs.org/express-generator/-/express-generator-4.16.1.tgz 1118ms (cache miss)
106 http fetch GET 200 https://registry.npmjs.org/mkdirp 247ms (cache miss)
107 silly packumentCache corgi:https://registry.npmjs.org/mkdirp set size:undefined disposed:false
108 verbose cwd D:\Documents\Github\RiseAcademy Backend\mentorship_API
109 verbose os Windows_NT 10.0.22000
110 verbose node v20.17.0
111 verbose npm  v10.8.2
112 notice
112 notice New [31mmajor[39m version of npm available! [31m10.8.2[39m -> [34m11.3.0[39m
112 notice Changelog: [34mhttps://github.com/npm/cli/releases/tag/v11.3.0[39m
112 notice To update run: [4mnpm install -g npm@11.3.0[24m
112 notice  { force: true, [Symbol(proc-log.meta)]: true }
113 verbose exit 0
114 info ok
