0 verbose cli C:\Program Files\nodejs\node.exe C:\Program Files\nodejs\node_modules\npm\bin\npm-cli.js
1 info using npm@10.8.2
2 info using node@v20.17.0
3 silly config load:file:C:\Program Files\nodejs\node_modules\npm\npmrc
4 silly config load:file:D:\Documents\Github\RiseAcademy Backend\mentorship_API\.npmrc
5 silly config load:file:C:\Users\hussa\.npmrc
6 silly config load:file:C:\Users\hussa\AppData\Roaming\npm\etc\npmrc
7 verbose title npm install dotenv
8 verbose argv "install" "dotenv"
9 verbose logfile logs-max:10 dir:D:\Documents\Github\RiseAcademy Backend\mentorship_API\npm-cache\_logs\2025-04-14T15_39_10_285Z-
10 verbose logfile D:\Documents\Github\RiseAcademy Backend\mentorship_API\npm-cache\_logs\2025-04-14T15_39_10_285Z-debug-0.log
11 silly packumentCache heap:2197815296 maxSize:549453824 maxEntrySize:274726912
12 silly logfile done cleaning log files
13 silly idealTree buildDeps
14 silly fetch manifest dotenv@*
15 silly packumentCache full:https://registry.npmjs.org/dotenv cache-miss
16 http fetch GET 200 https://registry.npmjs.org/dotenv 827ms (cache miss)
17 silly packumentCache full:https://registry.npmjs.org/dotenv set size:undefined disposed:false
18 silly placeDep ROOT dotenv@16.5.0 OK for: mentorship-api@1.0.0 want: *
19 silly reify moves {}
20 silly audit bulk request {
20 silly audit   accepts: [ '1.3.8' ],
20 silly audit   acorn: [ '2.7.0', '1.2.2' ],
20 silly audit   'acorn-globals': [ '1.0.9' ],
20 silly audit   'align-text': [ '0.1.4' ],
20 silly audit   amdefine: [ '1.0.1' ],
20 silly audit   anymatch: [ '3.1.3' ],
20 silly audit   'array-flatten': [ '1.1.1' ],
20 silly audit   asap: [ '1.0.0' ],
20 silly audit   'balanced-match': [ '1.0.2' ],
20 silly audit   'basic-auth': [ '2.0.1' ],
20 silly audit   'binary-extensions': [ '2.3.0' ],
20 silly audit   'body-parser': [ '1.18.3' ],
20 silly audit   'brace-expansion': [ '1.1.11' ],
20 silly audit   braces: [ '3.0.3' ],
20 silly audit   bytes: [ '3.0.0' ],
20 silly audit   camelcase: [ '1.2.1' ],
20 silly audit   'center-align': [ '0.1.3' ],
20 silly audit   'character-parser': [ '1.2.1' ],
20 silly audit   chokidar: [ '3.6.0' ],
20 silly audit   'clean-css': [ '3.4.28' ],
20 silly audit   commander: [ '2.8.1', '2.6.0' ],
20 silly audit   cliui: [ '2.1.0' ],
20 silly audit   'concat-map': [ '0.0.1' ],
20 silly audit   constantinople: [ '3.0.2' ],
20 silly audit   'content-disposition': [ '0.5.2' ],
20 silly audit   'content-type': [ '1.0.5' ],
20 silly audit   cookie: [ '0.7.2', '0.3.1' ],
20 silly audit   'cookie-parser': [ '1.4.7' ],
20 silly audit   'cookie-signature': [ '1.0.6' ],
20 silly audit   css: [ '1.0.8' ],
20 silly audit   'css-parse': [ '1.0.4' ],
20 silly audit   'css-stringify': [ '1.0.5' ],
20 silly audit   debug: [ '2.6.9', '4.4.0' ],
20 silly audit   decamelize: [ '1.2.0' ],
20 silly audit   depd: [ '1.1.2' ],
20 silly audit   destroy: [ '1.0.4' ],
20 silly audit   'ee-first': [ '1.1.1' ],
20 silly audit   encodeurl: [ '1.0.2' ],
20 silly audit   'escape-html': [ '1.0.3' ],
20 silly audit   etag: [ '1.8.1' ],
20 silly audit   express: [ '4.16.4' ],
20 silly audit   'fill-range': [ '7.1.1' ],
20 silly audit   finalhandler: [ '1.1.1' ],
20 silly audit   forwarded: [ '0.2.0' ],
20 silly audit   fresh: [ '0.5.2' ],
20 silly audit   fsevents: [ '2.3.3' ],
20 silly audit   'glob-parent': [ '5.1.2' ],
20 silly audit   'graceful-readlink': [ '1.0.1' ],
20 silly audit   'has-flag': [ '3.0.0' ],
20 silly audit   'http-errors': [ '1.6.3' ],
20 silly audit   'iconv-lite': [ '0.4.23' ],
20 silly audit   'ignore-by-default': [ '1.0.1' ],
20 silly audit   inherits: [ '2.0.3' ],
20 silly audit   'ipaddr.js': [ '1.9.1' ],
20 silly audit   'is-binary-path': [ '2.1.0' ],
20 silly audit   'is-buffer': [ '1.1.6' ],
20 silly audit   'is-extglob': [ '2.1.1' ],
20 silly audit   'is-glob': [ '4.0.3' ],
20 silly audit   'is-number': [ '7.0.0' ],
20 silly audit   'is-promise': [ '2.2.2', '1.0.1' ],
20 silly audit   jade: [ '1.11.0' ],
20 silly audit   jstransformer: [ '0.0.2' ],
20 silly audit   'kind-of': [ '3.2.2' ],
20 silly audit   'lazy-cache': [ '1.0.4' ],
20 silly audit   longest: [ '1.0.1' ],
20 silly audit   'media-typer': [ '0.3.0' ],
20 silly audit   'merge-descriptors': [ '1.0.1' ],
20 silly audit   methods: [ '1.1.2' ],
20 silly audit   mime: [ '1.4.1' ],
20 silly audit   'mime-db': [ '1.52.0' ],
20 silly audit   'mime-types': [ '2.1.35' ],
20 silly audit   minimatch: [ '3.1.2' ],
20 silly audit   minimist: [ '1.2.8' ],
20 silly audit   mkdirp: [ '0.5.6' ],
20 silly audit   morgan: [ '1.9.1' ],
20 silly audit   ms: [ '2.0.0', '2.1.3' ],
20 silly audit   negotiator: [ '0.6.3' ],
20 silly audit   nodemon: [ '3.1.9' ],
20 silly audit   'normalize-path': [ '3.0.0' ],
20 silly audit   'on-finished': [ '2.3.0' ],
20 silly audit   'on-headers': [ '1.0.2' ],
20 silly audit   optimist: [ '0.3.7' ],
20 silly audit   parseurl: [ '1.3.3' ],
20 silly audit   'path-to-regexp': [ '0.1.7' ],
20 silly audit   picomatch: [ '2.3.1' ],
20 silly audit   promise: [ '6.1.0', '2.0.0' ],
20 silly audit   'proxy-addr': [ '2.0.7' ],
20 silly audit   'pstree.remy': [ '1.1.8' ],
20 silly audit   qs: [ '6.5.2' ],
20 silly audit   'range-parser': [ '1.2.1' ],
20 silly audit   'raw-body': [ '2.3.3' ],
20 silly audit   readdirp: [ '3.6.0' ],
20 silly audit   'repeat-string': [ '1.6.1' ],
20 silly audit   'right-align': [ '0.1.3' ],
20 silly audit   'safe-buffer': [ '5.1.2' ],
20 silly audit   'safer-buffer': [ '2.1.2' ],
20 silly audit   semver: [ '7.7.1' ],
20 silly audit   send: [ '0.16.2' ],
20 silly audit   'serve-static': [ '1.13.2' ],
20 silly audit   setprototypeof: [ '1.1.0' ],
20 silly audit   'simple-update-notifier': [ '2.0.0' ],
20 silly audit   'source-map': [ '0.4.4', '0.1.43', '0.5.7' ],
20 silly audit   statuses: [ '1.4.0' ],
20 silly audit   'supports-color': [ '5.5.0' ],
20 silly audit   'to-regex-range': [ '5.0.1' ],
20 silly audit   touch: [ '3.1.1' ],
20 silly audit   transformers: [ '2.1.0' ],
20 silly audit   'uglify-js': [ '2.2.5', '2.8.29' ],
20 silly audit   'type-is': [ '1.6.18' ],
20 silly audit   'uglify-to-browserify': [ '1.0.2' ],
20 silly audit   undefsafe: [ '2.0.5' ],
20 silly audit   unpipe: [ '1.0.0' ],
20 silly audit   'utils-merge': [ '1.0.1' ],
20 silly audit   vary: [ '1.1.2' ],
20 silly audit   'void-elements': [ '2.0.1' ],
20 silly audit   'window-size': [ '0.1.0' ],
20 silly audit   with: [ '4.0.3' ],
20 silly audit   wordwrap: [ '0.0.2' ],
20 silly audit   yargs: [ '3.10.0' ],
20 silly audit   dotenv: [ '16.5.0' ]
20 silly audit }
21 verbose reify failed optional dependency D:\Documents\Github\RiseAcademy Backend\mentorship_API\node_modules\fsevents
22 silly reify mark deleted [
22 silly reify   'D:\\Documents\\Github\\RiseAcademy Backend\\mentorship_API\\node_modules\\fsevents'
22 silly reify ]
23 silly tarball no local data for dotenv@https://registry.npmjs.org/dotenv/-/dotenv-16.5.0.tgz. Extracting by manifest.
24 http fetch POST 200 https://registry.npmjs.org/-/npm/v1/security/advisories/bulk 825ms
25 silly audit report {
25 silly audit report   'body-parser': [
25 silly audit report     {
25 silly audit report       id: 1099520,
25 silly audit report       url: 'https://github.com/advisories/GHSA-qwcr-r2fm-qrc7',
25 silly audit report       title: 'body-parser vulnerable to denial of service when url encoding is enabled',
25 silly audit report       severity: 'high',
25 silly audit report       vulnerable_versions: '<1.20.3',
25 silly audit report       cwe: [Array],
25 silly audit report       cvss: [Object]
25 silly audit report     }
25 silly audit report   ],
25 silly audit report   'clean-css': [
25 silly audit report     {
25 silly audit report       id: 1091669,
25 silly audit report       url: 'https://github.com/advisories/GHSA-wxhq-pm8v-cw75',
25 silly audit report       title: 'Regular Expression Denial of Service in clean-css',
25 silly audit report       severity: 'low',
25 silly audit report       vulnerable_versions: '<4.1.11',
25 silly audit report       cwe: [Array],
25 silly audit report       cvss: [Object]
25 silly audit report     }
25 silly audit report   ],
25 silly audit report   constantinople: [
25 silly audit report     {
25 silly audit report       id: 1090850,
25 silly audit report       url: 'https://github.com/advisories/GHSA-4vmm-mhcq-4x9j',
25 silly audit report       title: 'Sandbox Bypass Leading to Arbitrary Code Execution in constantinople',
25 silly audit report       severity: 'critical',
25 silly audit report       vulnerable_versions: '<3.1.1',
25 silly audit report       cwe: [],
25 silly audit report       cvss: [Object]
25 silly audit report     }
25 silly audit report   ],
25 silly audit report   cookie: [
25 silly audit report     {
25 silly audit report       id: 1099846,
25 silly audit report       url: 'https://github.com/advisories/GHSA-pxg6-pf52-xh8x',
25 silly audit report       title: 'cookie accepts cookie name, path, and domain with out of bounds characters',
25 silly audit report       severity: 'low',
25 silly audit report       vulnerable_versions: '<0.7.0',
25 silly audit report       cwe: [Array],
25 silly audit report       cvss: [Object]
25 silly audit report     }
25 silly audit report   ],
25 silly audit report   express: [
25 silly audit report     {
25 silly audit report       id: 1100530,
25 silly audit report       url: 'https://github.com/advisories/GHSA-qw6h-vgh9-j6wx',
25 silly audit report       title: 'express vulnerable to XSS via response.redirect()',
25 silly audit report       severity: 'low',
25 silly audit report       vulnerable_versions: '<4.20.0',
25 silly audit report       cwe: [Array],
25 silly audit report       cvss: [Object]
25 silly audit report     },
25 silly audit report     {
25 silly audit report       id: 1096820,
25 silly audit report       url: 'https://github.com/advisories/GHSA-rv95-896h-c2vc',
25 silly audit report       title: 'Express.js Open Redirect in malformed URLs',
25 silly audit report       severity: 'moderate',
25 silly audit report       vulnerable_versions: '<4.19.2',
25 silly audit report       cwe: [Array],
25 silly audit report       cvss: [Object]
25 silly audit report     }
25 silly audit report   ],
25 silly audit report   'path-to-regexp': [
25 silly audit report     {
25 silly audit report       id: 1101844,
25 silly audit report       url: 'https://github.com/advisories/GHSA-rhx6-c78j-4q9w',
25 silly audit report       title: 'Unpatched `path-to-regexp` ReDoS in 0.1.x',
25 silly audit report       severity: 'high',
25 silly audit report       vulnerable_versions: '<0.1.12',
25 silly audit report       cwe: [Array],
25 silly audit report       cvss: [Object]
25 silly audit report     },
25 silly audit report     {
25 silly audit report       id: 1101850,
25 silly audit report       url: 'https://github.com/advisories/GHSA-9wv6-86v2-598j',
25 silly audit report       title: 'path-to-regexp outputs backtracking regular expressions',
25 silly audit report       severity: 'high',
25 silly audit report       vulnerable_versions: '<0.1.10',
25 silly audit report       cwe: [Array],
25 silly audit report       cvss: [Object]
25 silly audit report     }
25 silly audit report   ],
25 silly audit report   qs: [
25 silly audit report     {
25 silly audit report       id: 1096470,
25 silly audit report       url: 'https://github.com/advisories/GHSA-hrpp-h998-j3pp',
25 silly audit report       title: 'qs vulnerable to Prototype Pollution',
25 silly audit report       severity: 'high',
25 silly audit report       vulnerable_versions: '>=6.5.0 <6.5.3',
25 silly audit report       cwe: [Array],
25 silly audit report       cvss: [Object]
25 silly audit report     }
25 silly audit report   ],
25 silly audit report   send: [
25 silly audit report     {
25 silly audit report       id: 1100526,
25 silly audit report       url: 'https://github.com/advisories/GHSA-m6fv-jmcg-4jfg',
25 silly audit report       title: 'send vulnerable to template injection that can lead to XSS',
25 silly audit report       severity: 'low',
25 silly audit report       vulnerable_versions: '<0.19.0',
25 silly audit report       cwe: [Array],
25 silly audit report       cvss: [Object]
25 silly audit report     }
25 silly audit report   ],
25 silly audit report   'serve-static': [
25 silly audit report     {
25 silly audit report       id: 1100528,
25 silly audit report       url: 'https://github.com/advisories/GHSA-cm22-4g7w-348p',
25 silly audit report       title: 'serve-static vulnerable to template injection that can lead to XSS',
25 silly audit report       severity: 'low',
25 silly audit report       vulnerable_versions: '<1.16.0',
25 silly audit report       cwe: [Array],
25 silly audit report       cvss: [Object]
25 silly audit report     }
25 silly audit report   ],
25 silly audit report   'uglify-js': [
25 silly audit report     {
25 silly audit report       id: 1091686,
25 silly audit report       url: 'https://github.com/advisories/GHSA-c9f4-xj24-8jqx',
25 silly audit report       title: 'Regular Expression Denial of Service in uglify-js',
25 silly audit report       severity: 'high',
25 silly audit report       vulnerable_versions: '<2.6.0',
25 silly audit report       cwe: [Array],
25 silly audit report       cvss: [Object]
25 silly audit report     },
25 silly audit report     {
25 silly audit report       id: 1091710,
25 silly audit report       url: 'https://github.com/advisories/GHSA-34r7-q49f-h37c',
25 silly audit report       title: 'Incorrect Handling of Non-Boolean Comparisons During Minification in uglify-js',
25 silly audit report       severity: 'critical',
25 silly audit report       vulnerable_versions: '<2.4.24',
25 silly audit report       cwe: [Array],
25 silly audit report       cvss: [Object]
25 silly audit report     }
25 silly audit report   ]
25 silly audit report }
26 silly packumentCache corgi:https://registry.npmjs.org/body-parser cache-miss
27 silly packumentCache corgi:https://registry.npmjs.org/clean-css cache-miss
28 silly packumentCache corgi:https://registry.npmjs.org/constantinople cache-miss
29 silly packumentCache corgi:https://registry.npmjs.org/cookie cache-miss
30 silly packumentCache corgi:https://registry.npmjs.org/express cache-miss
31 silly packumentCache corgi:https://registry.npmjs.org/path-to-regexp cache-miss
32 silly packumentCache corgi:https://registry.npmjs.org/qs cache-miss
33 silly packumentCache corgi:https://registry.npmjs.org/send cache-miss
34 silly packumentCache corgi:https://registry.npmjs.org/serve-static cache-miss
35 silly packumentCache corgi:https://registry.npmjs.org/uglify-js cache-miss
36 http fetch GET 200 https://registry.npmjs.org/cookie 83ms (cache hit)
37 silly packumentCache corgi:https://registry.npmjs.org/cookie set size:22175 disposed:false
38 http fetch GET 200 https://registry.npmjs.org/path-to-regexp 84ms (cache hit)
39 silly packumentCache corgi:https://registry.npmjs.org/path-to-regexp set size:62557 disposed:false
40 http fetch GET 200 https://registry.npmjs.org/body-parser 88ms (cache hit)
41 silly packumentCache corgi:https://registry.npmjs.org/body-parser set size:74404 disposed:false
42 http fetch GET 200 https://registry.npmjs.org/clean-css 90ms (cache hit)
43 silly packumentCache corgi:https://registry.npmjs.org/clean-css set size:160656 disposed:false
44 http fetch GET 200 https://registry.npmjs.org/constantinople 94ms (cache hit)
45 silly packumentCache corgi:https://registry.npmjs.org/constantinople set size:10310 disposed:false
46 http fetch GET 200 https://registry.npmjs.org/serve-static 93ms (cache hit)
47 silly packumentCache corgi:https://registry.npmjs.org/serve-static set size:56254 disposed:false
48 http fetch GET 200 https://registry.npmjs.org/qs 96ms (cache hit)
49 silly packumentCache corgi:https://registry.npmjs.org/qs set size:109860 disposed:false
50 http fetch GET 200 https://registry.npmjs.org/send 100ms (cache hit)
51 silly packumentCache corgi:https://registry.npmjs.org/send set size:60926 disposed:false
52 http fetch GET 200 https://registry.npmjs.org/express 104ms (cache hit)
53 silly packumentCache corgi:https://registry.npmjs.org/express set size:322362 disposed:false
54 http fetch GET 200 https://registry.npmjs.org/uglify-js 114ms (cache hit)
55 silly packumentCache corgi:https://registry.npmjs.org/uglify-js set size:295129 disposed:false
56 silly packumentCache corgi:https://registry.npmjs.org/jade cache-miss
57 http fetch GET 200 https://registry.npmjs.org/jade 14ms (cache hit)
58 silly packumentCache corgi:https://registry.npmjs.org/jade set size:107371 disposed:false
59 silly packumentCache corgi:https://registry.npmjs.org/transformers cache-miss
60 http fetch GET 200 https://registry.npmjs.org/transformers 13ms (cache hit)
61 silly packumentCache corgi:https://registry.npmjs.org/transformers set size:22960 disposed:false
62 http fetch GET 200 https://registry.npmjs.org/dotenv/-/dotenv-16.5.0.tgz 1039ms (cache miss)
63 silly ADD node_modules/dotenv
64 silly ADD
65 verbose cwd D:\Documents\Github\RiseAcademy Backend\mentorship_API
66 verbose os Windows_NT 10.0.22000
67 verbose node v20.17.0
68 verbose npm  v10.8.2
69 verbose exit 0
70 info ok
