0 verbose cli C:\Program Files\nodejs\node.exe C:\Program Files\nodejs\node_modules\npm\bin\npm-cli.js
1 info using npm@10.8.2
2 info using node@v20.17.0
3 silly config load:file:C:\Program Files\nodejs\node_modules\npm\npmrc
4 silly config load:file:D:\Documents\Github\RiseAcademy Backend\mentorship_API\.npmrc
5 silly config load:file:C:\Users\hussa\.npmrc
6 silly config load:file:C:\Users\hussa\AppData\Roaming\npm\etc\npmrc
7 verbose title npm install bcrypt.js
8 verbose argv "install" "bcrypt.js"
9 verbose logfile logs-max:10 dir:D:\Documents\Github\RiseAcademy Backend\mentorship_API\npm-cache\_logs\2025-04-14T16_30_14_041Z-
10 verbose logfile D:\Documents\Github\RiseAcademy Backend\mentorship_API\npm-cache\_logs\2025-04-14T16_30_14_041Z-debug-0.log
11 silly packumentCache heap:2197815296 maxSize:549453824 maxEntrySize:274726912
12 silly logfile done cleaning log files
13 silly idealTree buildDeps
14 silly fetch manifest bcrypt.js@*
15 silly packumentCache full:https://registry.npmjs.org/bcrypt.js cache-miss
16 http fetch GET 404 https://registry.npmjs.org/bcrypt.js 2074ms (cache skip)
17 silly placeDep ROOT bcrypt.js@ OK for: mentorship-api@1.0.0 want: *
18 verbose stack HttpErrorGeneral: 404 Not Found - GET https://registry.npmjs.org/bcrypt.js - Not found
18 verbose stack     at C:\Program Files\nodejs\node_modules\npm\node_modules\npm-registry-fetch\lib\check-response.js:95:15
18 verbose stack     at process.processTicksAndRejections (node:internal/process/task_queues:95:5)
18 verbose stack     at async RegistryFetcher.packument (C:\Program Files\nodejs\node_modules\npm\node_modules\pacote\lib\registry.js:90:19)
18 verbose stack     at async RegistryFetcher.manifest (C:\Program Files\nodejs\node_modules\npm\node_modules\pacote\lib\registry.js:128:23)
18 verbose stack     at async #fetchManifest (C:\Program Files\nodejs\node_modules\npm\node_modules\@npmcli\arborist\lib\arborist\build-ideal-tree.js:1199:20)
18 verbose stack     at async #nodeFromEdge (C:\Program Files\nodejs\node_modules\npm\node_modules\@npmcli\arborist\lib\arborist\build-ideal-tree.js:1037:19)
18 verbose stack     at async #buildDepStep (C:\Program Files\nodejs\node_modules\npm\node_modules\@npmcli\arborist\lib\arborist\build-ideal-tree.js:901:11)
18 verbose stack     at async Arborist.buildIdealTree (C:\Program Files\nodejs\node_modules\npm\node_modules\@npmcli\arborist\lib\arborist\build-ideal-tree.js:181:7)
18 verbose stack     at async Promise.all (index 1)
18 verbose stack     at async Arborist.reify (C:\Program Files\nodejs\node_modules\npm\node_modules\@npmcli\arborist\lib\arborist\reify.js:131:5)
19 verbose statusCode 404
20 verbose pkgid bcrypt.js@*
21 error code E404
22 error 404 Not Found - GET https://registry.npmjs.org/bcrypt.js - Not found
23 error 404
24 error 404  'bcrypt.js@*' is not in this registry.
25 error 404
26 error 404 Note that you can also install from a
27 error 404 tarball, folder, http url, or git url.
28 silly unfinished npm timer reify 1744648215985
29 silly unfinished npm timer reify:loadTrees 1744648215998
30 verbose cwd D:\Documents\Github\RiseAcademy Backend\mentorship_API
31 verbose os Windows_NT 10.0.22000
32 verbose node v20.17.0
33 verbose npm  v10.8.2
34 verbose exit 1
35 verbose code 1
36 error A complete log of this run can be found in: D:\Documents\Github\RiseAcademy Backend\mentorship_API\npm-cache\_logs\2025-04-14T16_30_14_041Z-debug-0.log
