0 verbose cli C:\Program Files\nodejs\node.exe C:\Program Files\nodejs\node_modules\npm\bin\npm-cli.js
1 info using npm@10.8.2
2 info using node@v20.17.0
3 silly config load:file:C:\Program Files\nodejs\node_modules\npm\npmrc
4 silly config load:file:D:\Documents\Github\RiseAcademy Backend\Mentorship API\.npmrc
5 silly config load:file:C:\Users\hussa\.npmrc
6 silly config load:file:C:\Users\hussa\AppData\Roaming\npm\etc\npmrc
7 verbose title npm install @types/jsonwebtoken
8 verbose argv "install" "--save-dev" "@types/jsonwebtoken"
9 verbose logfile logs-max:10 dir:D:\Documents\Github\RiseAcademy Backend\Mentorship API\npm-cache\_logs\2025-04-22T13_13_21_093Z-
10 verbose logfile D:\Documents\Github\RiseAcademy Backend\Mentorship API\npm-cache\_logs\2025-04-22T13_13_21_093Z-debug-0.log
11 silly packumentCache heap:2197815296 maxSize:549453824 maxEntrySize:274726912
12 silly logfile start cleaning logs, removing 1 files
13 silly logfile done cleaning log files
14 silly idealTree buildDeps
15 silly fetch manifest @types/jsonwebtoken@*
16 silly packumentCache full:https://registry.npmjs.org/@types%2fjsonwebtoken cache-miss
17 http fetch GET 200 https://registry.npmjs.org/@types%2fjsonwebtoken 1584ms (cache miss)
18 silly packumentCache full:https://registry.npmjs.org/@types%2fjsonwebtoken set size:undefined disposed:false
19 silly placeDep ROOT @types/jsonwebtoken@9.0.9 OK for: mentorship-api@1.0.0 want: *
20 silly fetch manifest @types/ms@*
21 silly packumentCache full:https://registry.npmjs.org/@types%2fms cache-miss
22 silly fetch manifest @types/node@*
23 silly packumentCache full:https://registry.npmjs.org/@types%2fnode cache-miss
24 http fetch GET 200 https://registry.npmjs.org/@types%2fms 519ms (cache miss)
25 silly packumentCache full:https://registry.npmjs.org/@types%2fms set size:undefined disposed:false
26 http fetch GET 200 https://registry.npmjs.org/npm 5416ms
27 http fetch GET 200 https://registry.npmjs.org/@types%2fnode 7831ms (cache miss)
28 silly packumentCache full:https://registry.npmjs.org/@types%2fnode set size:undefined disposed:false
29 silly placeDep ROOT @types/ms@2.1.0 OK for: @types/jsonwebtoken@9.0.9 want: *
30 silly placeDep ROOT @types/node@22.14.1 OK for: @types/jsonwebtoken@9.0.9 want: *
31 silly fetch manifest undici-types@~6.21.0
32 silly packumentCache full:https://registry.npmjs.org/undici-types cache-miss
33 http fetch GET 200 https://registry.npmjs.org/undici-types 322ms (cache miss)
34 silly packumentCache full:https://registry.npmjs.org/undici-types set size:undefined disposed:false
35 silly placeDep ROOT undici-types@6.21.0 OK for: @types/node@22.14.1 want: ~6.21.0
36 silly reify moves {}
37 silly audit bulk request {
37 silly audit   accepts: [ '1.3.8' ],
37 silly audit   anymatch: [ '3.1.3' ],
37 silly audit   'array-flatten': [ '1.1.1' ],
37 silly audit   'balanced-match': [ '1.0.2' ],
37 silly audit   bcryptjs: [ '3.0.2' ],
37 silly audit   'binary-extensions': [ '2.3.0' ],
37 silly audit   'body-parser': [ '1.18.3' ],
37 silly audit   'brace-expansion': [ '1.1.11' ],
37 silly audit   braces: [ '3.0.3' ],
37 silly audit   'buffer-equal-constant-time': [ '1.0.1' ],
37 silly audit   bytes: [ '3.0.0' ],
37 silly audit   chokidar: [ '3.6.0' ],
37 silly audit   'concat-map': [ '0.0.1' ],
37 silly audit   'content-disposition': [ '0.5.2' ],
37 silly audit   'content-type': [ '1.0.5' ],
37 silly audit   'cookie-signature': [ '1.0.6' ],
37 silly audit   debug: [ '2.6.9', '4.4.0' ],
37 silly audit   depd: [ '1.1.2' ],
37 silly audit   destroy: [ '1.0.4' ],
37 silly audit   dotenv: [ '16.5.0' ],
37 silly audit   'ecdsa-sig-formatter': [ '1.0.11' ],
37 silly audit   'ee-first': [ '1.1.1' ],
37 silly audit   encodeurl: [ '1.0.2' ],
37 silly audit   'escape-html': [ '1.0.3' ],
37 silly audit   etag: [ '1.8.1' ],
37 silly audit   express: [ '4.16.4' ],
37 silly audit   cookie: [ '0.3.1' ],
37 silly audit   'fill-range': [ '7.1.1' ],
37 silly audit   finalhandler: [ '1.1.1' ],
37 silly audit   forwarded: [ '0.2.0' ],
37 silly audit   fresh: [ '0.5.2' ],
37 silly audit   fsevents: [ '2.3.3' ],
37 silly audit   'glob-parent': [ '5.1.2' ],
37 silly audit   'has-flag': [ '3.0.0' ],
37 silly audit   'http-errors': [ '1.6.3' ],
37 silly audit   'iconv-lite': [ '0.4.23' ],
37 silly audit   'ignore-by-default': [ '1.0.1' ],
37 silly audit   inherits: [ '2.0.3' ],
37 silly audit   'ipaddr.js': [ '1.9.1' ],
37 silly audit   'is-binary-path': [ '2.1.0' ],
37 silly audit   'is-extglob': [ '2.1.1' ],
37 silly audit   'is-glob': [ '4.0.3' ],
37 silly audit   'is-number': [ '7.0.0' ],
37 silly audit   jsonwebtoken: [ '9.0.2' ],
37 silly audit   ms: [ '2.1.3', '2.0.0' ],
37 silly audit   jwa: [ '1.4.1' ],
37 silly audit   jws: [ '3.2.2' ],
37 silly audit   'lodash.includes': [ '4.3.0' ],
37 silly audit   'lodash.isboolean': [ '3.0.3' ],
37 silly audit   'lodash.isinteger': [ '4.0.4' ],
37 silly audit   'lodash.isnumber': [ '3.0.3' ],
37 silly audit   'lodash.isplainobject': [ '4.0.6' ],
37 silly audit   'lodash.isstring': [ '4.0.1' ],
37 silly audit   'lodash.once': [ '4.1.1' ],
37 silly audit   'media-typer': [ '0.3.0' ],
37 silly audit   'merge-descriptors': [ '1.0.1' ],
37 silly audit   methods: [ '1.1.2' ],
37 silly audit   mime: [ '1.4.1' ],
37 silly audit   'mime-db': [ '1.52.0' ],
37 silly audit   'mime-types': [ '2.1.35' ],
37 silly audit   minimatch: [ '3.1.2' ],
37 silly audit   negotiator: [ '0.6.3' ],
37 silly audit   nodemon: [ '3.1.9' ],
37 silly audit   'normalize-path': [ '3.0.0' ],
37 silly audit   'on-finished': [ '2.3.0' ],
37 silly audit   parseurl: [ '1.3.3' ],
37 silly audit   'path-to-regexp': [ '0.1.7' ],
37 silly audit   picomatch: [ '2.3.1' ],
37 silly audit   'proxy-addr': [ '2.0.7' ],
37 silly audit   'pstree.remy': [ '1.1.8' ],
37 silly audit   qs: [ '6.5.2' ],
37 silly audit   'range-parser': [ '1.2.1' ],
37 silly audit   'raw-body': [ '2.3.3' ],
37 silly audit   readdirp: [ '3.6.0' ],
37 silly audit   'safe-buffer': [ '5.1.2' ],
37 silly audit   'safer-buffer': [ '2.1.2' ],
37 silly audit   semver: [ '7.7.1' ],
37 silly audit   send: [ '0.16.2' ],
37 silly audit   'serve-static': [ '1.13.2' ],
37 silly audit   setprototypeof: [ '1.1.0' ],
37 silly audit   'simple-update-notifier': [ '2.0.0' ],
37 silly audit   statuses: [ '1.4.0' ],
37 silly audit   'supports-color': [ '5.5.0' ],
37 silly audit   'to-regex-range': [ '5.0.1' ],
37 silly audit   touch: [ '3.1.1' ],
37 silly audit   'type-is': [ '1.6.18' ],
37 silly audit   undefsafe: [ '2.0.5' ],
37 silly audit   unpipe: [ '1.0.0' ],
37 silly audit   'utils-merge': [ '1.0.1' ],
37 silly audit   vary: [ '1.1.2' ],
37 silly audit   '@types/jsonwebtoken': [ '9.0.9' ],
37 silly audit   '@types/ms': [ '2.1.0' ],
37 silly audit   '@types/node': [ '22.14.1' ],
37 silly audit   'undici-types': [ '6.21.0' ]
37 silly audit }
38 verbose reify failed optional dependency D:\Documents\Github\RiseAcademy Backend\Mentorship API\node_modules\fsevents
39 silly reify mark deleted [
39 silly reify   'D:\\Documents\\Github\\RiseAcademy Backend\\Mentorship API\\node_modules\\fsevents'
39 silly reify ]
40 silly tarball no local data for undici-types@https://registry.npmjs.org/undici-types/-/undici-types-6.21.0.tgz. Extracting by manifest.
41 silly tarball no local data for @types/node@https://registry.npmjs.org/@types/node/-/node-22.14.1.tgz. Extracting by manifest.
42 silly tarball no local data for @types/ms@https://registry.npmjs.org/@types/ms/-/ms-2.1.0.tgz. Extracting by manifest.
43 silly tarball no local data for @types/jsonwebtoken@https://registry.npmjs.org/@types/jsonwebtoken/-/jsonwebtoken-9.0.9.tgz. Extracting by manifest.
44 http fetch GET 200 https://registry.npmjs.org/undici-types/-/undici-types-6.21.0.tgz 384ms (cache miss)
45 http fetch GET 200 https://registry.npmjs.org/@types/node/-/node-22.14.1.tgz 750ms (cache miss)
46 http fetch GET 200 https://registry.npmjs.org/@types/jsonwebtoken/-/jsonwebtoken-9.0.9.tgz 761ms (cache miss)
47 http fetch POST 200 https://registry.npmjs.org/-/npm/v1/security/advisories/bulk 804ms
48 silly audit report {
48 silly audit report   'body-parser': [
48 silly audit report     {
48 silly audit report       id: 1099520,
48 silly audit report       url: 'https://github.com/advisories/GHSA-qwcr-r2fm-qrc7',
48 silly audit report       title: 'body-parser vulnerable to denial of service when url encoding is enabled',
48 silly audit report       severity: 'high',
48 silly audit report       vulnerable_versions: '<1.20.3',
48 silly audit report       cwe: [Array],
48 silly audit report       cvss: [Object]
48 silly audit report     }
48 silly audit report   ],
48 silly audit report   express: [
48 silly audit report     {
48 silly audit report       id: 1100530,
48 silly audit report       url: 'https://github.com/advisories/GHSA-qw6h-vgh9-j6wx',
48 silly audit report       title: 'express vulnerable to XSS via response.redirect()',
48 silly audit report       severity: 'low',
48 silly audit report       vulnerable_versions: '<4.20.0',
48 silly audit report       cwe: [Array],
48 silly audit report       cvss: [Object]
48 silly audit report     },
48 silly audit report     {
48 silly audit report       id: 1096820,
48 silly audit report       url: 'https://github.com/advisories/GHSA-rv95-896h-c2vc',
48 silly audit report       title: 'Express.js Open Redirect in malformed URLs',
48 silly audit report       severity: 'moderate',
48 silly audit report       vulnerable_versions: '<4.19.2',
48 silly audit report       cwe: [Array],
48 silly audit report       cvss: [Object]
48 silly audit report     }
48 silly audit report   ],
48 silly audit report   cookie: [
48 silly audit report     {
48 silly audit report       id: 1103907,
48 silly audit report       url: 'https://github.com/advisories/GHSA-pxg6-pf52-xh8x',
48 silly audit report       title: 'cookie accepts cookie name, path, and domain with out of bounds characters',
48 silly audit report       severity: 'low',
48 silly audit report       vulnerable_versions: '<0.7.0',
48 silly audit report       cwe: [Array],
48 silly audit report       cvss: [Object]
48 silly audit report     }
48 silly audit report   ],
48 silly audit report   'path-to-regexp': [
48 silly audit report     {
48 silly audit report       id: 1101844,
48 silly audit report       url: 'https://github.com/advisories/GHSA-rhx6-c78j-4q9w',
48 silly audit report       title: 'Unpatched `path-to-regexp` ReDoS in 0.1.x',
48 silly audit report       severity: 'high',
48 silly audit report       vulnerable_versions: '<0.1.12',
48 silly audit report       cwe: [Array],
48 silly audit report       cvss: [Object]
48 silly audit report     },
48 silly audit report     {
48 silly audit report       id: 1101850,
48 silly audit report       url: 'https://github.com/advisories/GHSA-9wv6-86v2-598j',
48 silly audit report       title: 'path-to-regexp outputs backtracking regular expressions',
48 silly audit report       severity: 'high',
48 silly audit report       vulnerable_versions: '<0.1.10',
48 silly audit report       cwe: [Array],
48 silly audit report       cvss: [Object]
48 silly audit report     }
48 silly audit report   ],
48 silly audit report   qs: [
48 silly audit report     {
48 silly audit report       id: 1096470,
48 silly audit report       url: 'https://github.com/advisories/GHSA-hrpp-h998-j3pp',
48 silly audit report       title: 'qs vulnerable to Prototype Pollution',
48 silly audit report       severity: 'high',
48 silly audit report       vulnerable_versions: '>=6.5.0 <6.5.3',
48 silly audit report       cwe: [Array],
48 silly audit report       cvss: [Object]
48 silly audit report     }
48 silly audit report   ],
48 silly audit report   send: [
48 silly audit report     {
48 silly audit report       id: 1100526,
48 silly audit report       url: 'https://github.com/advisories/GHSA-m6fv-jmcg-4jfg',
48 silly audit report       title: 'send vulnerable to template injection that can lead to XSS',
48 silly audit report       severity: 'low',
48 silly audit report       vulnerable_versions: '<0.19.0',
48 silly audit report       cwe: [Array],
48 silly audit report       cvss: [Object]
48 silly audit report     }
48 silly audit report   ],
48 silly audit report   'serve-static': [
48 silly audit report     {
48 silly audit report       id: 1100528,
48 silly audit report       url: 'https://github.com/advisories/GHSA-cm22-4g7w-348p',
48 silly audit report       title: 'serve-static vulnerable to template injection that can lead to XSS',
48 silly audit report       severity: 'low',
48 silly audit report       vulnerable_versions: '<1.16.0',
48 silly audit report       cwe: [Array],
48 silly audit report       cvss: [Object]
48 silly audit report     }
48 silly audit report   ]
48 silly audit report }
49 silly packumentCache corgi:https://registry.npmjs.org/body-parser cache-miss
50 silly packumentCache corgi:https://registry.npmjs.org/express cache-miss
51 silly packumentCache corgi:https://registry.npmjs.org/cookie cache-miss
52 silly packumentCache corgi:https://registry.npmjs.org/path-to-regexp cache-miss
53 silly packumentCache corgi:https://registry.npmjs.org/qs cache-miss
54 silly packumentCache corgi:https://registry.npmjs.org/send cache-miss
55 silly packumentCache corgi:https://registry.npmjs.org/serve-static cache-miss
56 http fetch GET 200 https://registry.npmjs.org/@types/ms/-/ms-2.1.0.tgz 926ms (cache miss)
57 http fetch GET 200 https://registry.npmjs.org/body-parser 450ms (cache updated)
58 silly packumentCache corgi:https://registry.npmjs.org/body-parser set size:undefined disposed:false
59 http fetch GET 200 https://registry.npmjs.org/qs 456ms (cache updated)
60 silly packumentCache corgi:https://registry.npmjs.org/qs set size:undefined disposed:false
61 http fetch GET 200 https://registry.npmjs.org/cookie 474ms (cache updated)
62 silly packumentCache corgi:https://registry.npmjs.org/cookie set size:undefined disposed:false
63 http fetch GET 200 https://registry.npmjs.org/serve-static 476ms (cache updated)
64 silly packumentCache corgi:https://registry.npmjs.org/serve-static set size:undefined disposed:false
65 http fetch GET 200 https://registry.npmjs.org/express 493ms (cache updated)
66 silly packumentCache corgi:https://registry.npmjs.org/express set size:undefined disposed:false
67 http fetch GET 200 https://registry.npmjs.org/send 1164ms (cache updated)
68 silly packumentCache corgi:https://registry.npmjs.org/send set size:undefined disposed:false
69 http fetch GET 200 https://registry.npmjs.org/path-to-regexp 1172ms (cache updated)
70 silly packumentCache corgi:https://registry.npmjs.org/path-to-regexp set size:undefined disposed:false
71 silly ADD node_modules/undici-types
72 silly ADD node_modules/@types/node
73 silly ADD node_modules/@types/ms
74 silly ADD node_modules/@types/jsonwebtoken
75 silly ADD
76 verbose cwd D:\Documents\Github\RiseAcademy Backend\Mentorship API
77 verbose os Windows_NT 10.0.22000
78 verbose node v20.17.0
79 verbose npm  v10.8.2
80 notice
80 notice New [31mmajor[39m version of npm available! [31m10.8.2[39m -> [34m11.3.0[39m
80 notice Changelog: [34mhttps://github.com/npm/cli/releases/tag/v11.3.0[39m
80 notice To update run: [4mnpm install -g npm@11.3.0[24m
80 notice  { force: true, [Symbol(proc-log.meta)]: true }
81 verbose exit 0
82 info ok
