0 verbose cli C:\Program Files\nodejs\node.exe C:\Program Files\nodejs\node_modules\npm\bin\npm-cli.js
1 info using npm@10.8.2
2 info using node@v20.17.0
3 silly config load:file:C:\Program Files\nodejs\node_modules\npm\npmrc
4 silly config load:file:D:\Documents\Github\RiseAcademy Backend\mentorship_API\.npmrc
5 silly config load:file:C:\Users\hussa\.npmrc
6 silly config load:file:C:\Users\hussa\AppData\Roaming\npm\etc\npmrc
7 verbose title npm install bcrypt
8 verbose argv "install" "bcrypt"
9 verbose logfile logs-max:10 dir:D:\Documents\Github\RiseAcademy Backend\mentorship_API\npm-cache\_logs\2025-04-14T17_07_43_196Z-
10 verbose logfile D:\Documents\Github\RiseAcademy Backend\mentorship_API\npm-cache\_logs\2025-04-14T17_07_43_196Z-debug-0.log
11 silly packumentCache heap:2197815296 maxSize:549453824 maxEntrySize:274726912
12 silly logfile done cleaning log files
13 silly idealTree buildDeps
14 silly fetch manifest bcrypt@*
15 silly packumentCache full:https://registry.npmjs.org/bcrypt cache-miss
16 verbose shrinkwrap failed to load node_modules/.package-lock.json out of date, updated: node_modules
17 http fetch GET 200 https://registry.npmjs.org/bcrypt 985ms (cache updated)
18 silly packumentCache full:https://registry.npmjs.org/bcrypt set size:undefined disposed:false
19 silly placeDep ROOT bcrypt@5.1.1 OK for: mentorship-api@1.0.0 want: *
20 silly fetch manifest node-addon-api@^5.0.0
21 silly packumentCache full:https://registry.npmjs.org/node-addon-api cache-miss
22 silly fetch manifest @mapbox/node-pre-gyp@^1.0.11
23 silly packumentCache full:https://registry.npmjs.org/@mapbox%2fnode-pre-gyp cache-miss
24 http fetch GET 200 https://registry.npmjs.org/@mapbox%2fnode-pre-gyp 248ms (cache updated)
25 silly packumentCache full:https://registry.npmjs.org/@mapbox%2fnode-pre-gyp set size:undefined disposed:false
26 http fetch GET 200 https://registry.npmjs.org/node-addon-api 634ms (cache updated)
27 silly packumentCache full:https://registry.npmjs.org/node-addon-api set size:undefined disposed:false
28 silly placeDep ROOT @mapbox/node-pre-gyp@1.0.11 OK for: bcrypt@5.1.1 want: ^1.0.11
29 silly placeDep ROOT node-addon-api@5.1.0 OK for: bcrypt@5.1.1 want: ^5.0.0
30 silly fetch manifest tar@^6.1.11
31 silly packumentCache full:https://registry.npmjs.org/tar cache-miss
32 silly fetch manifest nopt@^5.0.0
33 silly packumentCache full:https://registry.npmjs.org/nopt cache-miss
34 silly fetch manifest npmlog@^5.0.1
35 silly packumentCache full:https://registry.npmjs.org/npmlog cache-miss
36 silly fetch manifest rimraf@^3.0.2
37 silly packumentCache full:https://registry.npmjs.org/rimraf cache-miss
38 silly fetch manifest make-dir@^3.1.0
39 silly packumentCache full:https://registry.npmjs.org/make-dir cache-miss
40 silly fetch manifest node-fetch@^2.6.7
41 silly packumentCache full:https://registry.npmjs.org/node-fetch cache-miss
42 silly fetch manifest detect-libc@^2.0.0
43 silly packumentCache full:https://registry.npmjs.org/detect-libc cache-miss
44 silly fetch manifest https-proxy-agent@^5.0.0
45 silly packumentCache full:https://registry.npmjs.org/https-proxy-agent cache-miss
46 http fetch GET 200 https://registry.npmjs.org/make-dir 283ms (cache updated)
47 silly packumentCache full:https://registry.npmjs.org/make-dir set size:undefined disposed:false
48 http fetch GET 200 https://registry.npmjs.org/node-fetch 823ms (cache updated)
49 silly packumentCache full:https://registry.npmjs.org/node-fetch set size:undefined disposed:false
50 http fetch GET 200 https://registry.npmjs.org/nopt 1029ms (cache updated)
51 silly packumentCache full:https://registry.npmjs.org/nopt set size:undefined disposed:false
52 http fetch GET 200 https://registry.npmjs.org/rimraf 1139ms (cache updated)
53 silly packumentCache full:https://registry.npmjs.org/rimraf set size:undefined disposed:false
54 http fetch GET 200 https://registry.npmjs.org/https-proxy-agent 1194ms (cache updated)
55 silly packumentCache full:https://registry.npmjs.org/https-proxy-agent set size:undefined disposed:false
56 http fetch GET 200 https://registry.npmjs.org/npmlog 1198ms (cache updated)
57 silly packumentCache full:https://registry.npmjs.org/npmlog set size:undefined disposed:false
58 http fetch GET 200 https://registry.npmjs.org/detect-libc 1201ms (cache updated)
59 silly packumentCache full:https://registry.npmjs.org/detect-libc set size:undefined disposed:false
60 http fetch GET 200 https://registry.npmjs.org/tar 1206ms (cache updated)
61 silly packumentCache full:https://registry.npmjs.org/tar set size:undefined disposed:false
62 silly fetch manifest encoding@^0.1.0
63 silly packumentCache full:https://registry.npmjs.org/encoding cache-miss
64 http fetch GET 200 https://registry.npmjs.org/encoding 202ms (cache updated)
65 silly packumentCache full:https://registry.npmjs.org/encoding set size:undefined disposed:false
66 silly placeDep ROOT detect-libc@2.0.3 OK for: @mapbox/node-pre-gyp@1.0.11 want: ^2.0.0
67 silly placeDep ROOT https-proxy-agent@5.0.1 OK for: @mapbox/node-pre-gyp@1.0.11 want: ^5.0.0
68 silly placeDep ROOT make-dir@3.1.0 OK for: @mapbox/node-pre-gyp@1.0.11 want: ^3.1.0
69 silly placeDep ROOT node-fetch@2.7.0 OK for: @mapbox/node-pre-gyp@1.0.11 want: ^2.6.7
70 silly placeDep ROOT nopt@5.0.0 OK for: @mapbox/node-pre-gyp@1.0.11 want: ^5.0.0
71 silly placeDep ROOT npmlog@5.0.1 OK for: @mapbox/node-pre-gyp@1.0.11 want: ^5.0.1
72 silly placeDep ROOT rimraf@3.0.2 OK for: @mapbox/node-pre-gyp@1.0.11 want: ^3.0.2
73 silly placeDep ROOT tar@6.2.1 OK for: @mapbox/node-pre-gyp@1.0.11 want: ^6.1.11
74 silly fetch manifest debug@4
75 silly packumentCache full:https://registry.npmjs.org/debug cache-miss
76 silly fetch manifest agent-base@6
77 silly packumentCache full:https://registry.npmjs.org/agent-base cache-miss
78 silly fetch manifest semver@^6.0.0
79 silly packumentCache full:https://registry.npmjs.org/semver cache-miss
80 silly fetch manifest whatwg-url@^5.0.0
81 silly packumentCache full:https://registry.npmjs.org/whatwg-url cache-miss
82 silly fetch manifest abbrev@1
83 silly packumentCache full:https://registry.npmjs.org/abbrev cache-miss
84 silly fetch manifest gauge@^3.0.0
85 silly packumentCache full:https://registry.npmjs.org/gauge cache-miss
86 silly fetch manifest set-blocking@^2.0.0
87 silly packumentCache full:https://registry.npmjs.org/set-blocking cache-miss
88 silly fetch manifest are-we-there-yet@^2.0.0
89 silly packumentCache full:https://registry.npmjs.org/are-we-there-yet cache-miss
90 silly fetch manifest console-control-strings@^1.1.0
91 silly packumentCache full:https://registry.npmjs.org/console-control-strings cache-miss
92 silly fetch manifest glob@^7.1.3
93 silly packumentCache full:https://registry.npmjs.org/glob cache-miss
94 silly fetch manifest chownr@^2.0.0
95 silly packumentCache full:https://registry.npmjs.org/chownr cache-miss
96 http fetch GET 200 https://registry.npmjs.org/abbrev 307ms (cache updated)
97 silly packumentCache full:https://registry.npmjs.org/abbrev set size:undefined disposed:false
98 silly fetch manifest mkdirp@^1.0.3
99 silly packumentCache full:https://registry.npmjs.org/mkdirp cache-miss
100 http fetch GET 200 https://registry.npmjs.org/set-blocking 327ms (cache updated)
101 silly packumentCache full:https://registry.npmjs.org/set-blocking set size:undefined disposed:false
102 silly fetch manifest yallist@^4.0.0
103 silly packumentCache full:https://registry.npmjs.org/yallist cache-miss
104 http fetch GET 200 https://registry.npmjs.org/agent-base 402ms (cache updated)
105 silly packumentCache full:https://registry.npmjs.org/agent-base set size:undefined disposed:false
106 silly fetch manifest minipass@^5.0.0
107 silly packumentCache full:https://registry.npmjs.org/minipass cache-miss
108 http fetch GET 200 https://registry.npmjs.org/debug 411ms (cache updated)
109 silly packumentCache full:https://registry.npmjs.org/debug set size:undefined disposed:false
110 silly fetch manifest minizlib@^2.1.1
111 silly packumentCache full:https://registry.npmjs.org/minizlib cache-miss
112 http fetch GET 200 https://registry.npmjs.org/semver 418ms (cache updated)
113 silly packumentCache full:https://registry.npmjs.org/semver set size:undefined disposed:false
114 silly fetch manifest fs-minipass@^2.0.0
115 silly packumentCache full:https://registry.npmjs.org/fs-minipass cache-miss
116 http fetch GET 200 https://registry.npmjs.org/whatwg-url 423ms (cache updated)
117 silly packumentCache full:https://registry.npmjs.org/whatwg-url set size:undefined disposed:false
118 http fetch GET 200 https://registry.npmjs.org/chownr 434ms (cache updated)
119 silly packumentCache full:https://registry.npmjs.org/chownr set size:undefined disposed:false
120 http fetch GET 200 https://registry.npmjs.org/mkdirp 232ms (cache updated)
121 silly packumentCache full:https://registry.npmjs.org/mkdirp set size:undefined disposed:false
122 http fetch GET 200 https://registry.npmjs.org/yallist 236ms (cache updated)
123 silly packumentCache full:https://registry.npmjs.org/yallist set size:undefined disposed:false
124 http fetch GET 200 https://registry.npmjs.org/glob 568ms (cache updated)
125 silly packumentCache full:https://registry.npmjs.org/glob set size:undefined disposed:false
126 http fetch GET 200 https://registry.npmjs.org/fs-minipass 229ms (cache updated)
127 silly packumentCache full:https://registry.npmjs.org/fs-minipass set size:undefined disposed:false
128 http fetch GET 200 https://registry.npmjs.org/minizlib 281ms (cache updated)
129 silly packumentCache full:https://registry.npmjs.org/minizlib set size:undefined disposed:false
130 http fetch GET 200 https://registry.npmjs.org/minipass 374ms (cache updated)
131 silly packumentCache full:https://registry.npmjs.org/minipass set size:undefined disposed:false
132 http fetch GET 200 https://registry.npmjs.org/gauge 856ms (cache updated)
133 silly packumentCache full:https://registry.npmjs.org/gauge set size:undefined disposed:false
134 http fetch GET 200 https://registry.npmjs.org/console-control-strings 863ms (cache updated)
135 silly packumentCache full:https://registry.npmjs.org/console-control-strings set size:undefined disposed:false
136 http fetch GET 200 https://registry.npmjs.org/are-we-there-yet 971ms (cache updated)
137 silly packumentCache full:https://registry.npmjs.org/are-we-there-yet set size:undefined disposed:false
138 silly placeDep ROOT agent-base@6.0.2 OK for: https-proxy-agent@5.0.1 want: 6
139 silly placeDep node_modules/https-proxy-agent debug@4.4.0 OK for: https-proxy-agent@5.0.1 want: 4
140 silly fetch manifest ms@^2.1.3
141 silly packumentCache full:https://registry.npmjs.org/ms cache-miss
142 http fetch GET 200 https://registry.npmjs.org/ms 441ms (cache updated)
143 silly packumentCache full:https://registry.npmjs.org/ms set size:undefined disposed:false
144 silly placeDep node_modules/agent-base debug@4.4.0 OK for: agent-base@6.0.2 want: 4
145 silly placeDep node_modules/make-dir semver@6.3.1 OK for: make-dir@3.1.0 want: ^6.0.0
146 silly placeDep ROOT whatwg-url@5.0.0 OK for: node-fetch@2.7.0 want: ^5.0.0
147 silly fetch manifest tr46@~0.0.3
148 silly packumentCache full:https://registry.npmjs.org/tr46 cache-miss
149 silly fetch manifest webidl-conversions@^3.0.0
150 silly packumentCache full:https://registry.npmjs.org/webidl-conversions cache-miss
151 http fetch GET 200 https://registry.npmjs.org/webidl-conversions 335ms (cache updated)
152 silly packumentCache full:https://registry.npmjs.org/webidl-conversions set size:undefined disposed:false
153 http fetch GET 200 https://registry.npmjs.org/tr46 384ms (cache updated)
154 silly packumentCache full:https://registry.npmjs.org/tr46 set size:undefined disposed:false
155 silly placeDep ROOT abbrev@1.1.1 OK for: nopt@5.0.0 want: 1
156 silly placeDep ROOT are-we-there-yet@2.0.0 OK for: npmlog@5.0.1 want: ^2.0.0
157 silly placeDep ROOT console-control-strings@1.1.0 OK for: npmlog@5.0.1 want: ^1.1.0
158 silly placeDep ROOT gauge@3.0.2 OK for: npmlog@5.0.1 want: ^3.0.0
159 silly placeDep ROOT set-blocking@2.0.0 OK for: npmlog@5.0.1 want: ^2.0.0
160 silly fetch manifest delegates@^1.0.0
161 silly packumentCache full:https://registry.npmjs.org/delegates cache-miss
162 silly fetch manifest readable-stream@^3.6.0
163 silly packumentCache full:https://registry.npmjs.org/readable-stream cache-miss
164 silly fetch manifest aproba@^1.0.3 || ^2.0.0
165 silly packumentCache full:https://registry.npmjs.org/aproba cache-miss
166 silly fetch manifest strip-ansi@^6.0.1
167 silly packumentCache full:https://registry.npmjs.org/strip-ansi cache-miss
168 silly fetch manifest wide-align@^1.1.2
169 silly packumentCache full:https://registry.npmjs.org/wide-align cache-miss
170 silly fetch manifest has-unicode@^2.0.1
171 silly packumentCache full:https://registry.npmjs.org/has-unicode cache-miss
172 silly fetch manifest signal-exit@^3.0.0
173 silly packumentCache full:https://registry.npmjs.org/signal-exit cache-miss
174 silly fetch manifest string-width@^4.2.3
175 silly packumentCache full:https://registry.npmjs.org/string-width cache-miss
176 silly fetch manifest color-support@^1.1.2
177 silly packumentCache full:https://registry.npmjs.org/color-support cache-miss
178 silly fetch manifest object-assign@^4.1.1
179 silly packumentCache full:https://registry.npmjs.org/object-assign cache-miss
180 http fetch GET 200 https://registry.npmjs.org/readable-stream 780ms (cache updated)
181 silly packumentCache full:https://registry.npmjs.org/readable-stream set size:undefined disposed:false
182 http fetch GET 200 https://registry.npmjs.org/aproba 783ms (cache updated)
183 silly packumentCache full:https://registry.npmjs.org/aproba set size:undefined disposed:false
184 http fetch GET 200 https://registry.npmjs.org/signal-exit 789ms (cache updated)
185 silly packumentCache full:https://registry.npmjs.org/signal-exit set size:undefined disposed:false
186 http fetch GET 200 https://registry.npmjs.org/delegates 811ms (cache updated)
187 silly packumentCache full:https://registry.npmjs.org/delegates set size:undefined disposed:false
188 http fetch GET 200 https://registry.npmjs.org/object-assign 806ms (cache updated)
189 silly packumentCache full:https://registry.npmjs.org/object-assign set size:undefined disposed:false
190 http fetch GET 200 https://registry.npmjs.org/has-unicode 809ms (cache updated)
191 silly packumentCache full:https://registry.npmjs.org/has-unicode set size:undefined disposed:false
192 http fetch GET 200 https://registry.npmjs.org/wide-align 811ms (cache updated)
193 silly packumentCache full:https://registry.npmjs.org/wide-align set size:undefined disposed:false
194 http fetch GET 200 https://registry.npmjs.org/string-width 822ms (cache updated)
195 silly packumentCache full:https://registry.npmjs.org/string-width set size:undefined disposed:false
196 http fetch GET 200 https://registry.npmjs.org/color-support 1124ms (cache updated)
197 silly packumentCache full:https://registry.npmjs.org/color-support set size:undefined disposed:false
198 http fetch GET 200 https://registry.npmjs.org/strip-ansi 1131ms (cache updated)
199 silly packumentCache full:https://registry.npmjs.org/strip-ansi set size:undefined disposed:false
200 silly placeDep ROOT delegates@1.0.0 OK for: are-we-there-yet@2.0.0 want: ^1.0.0
201 silly placeDep ROOT readable-stream@3.6.2 OK for: are-we-there-yet@2.0.0 want: ^3.6.0
202 silly fetch manifest string_decoder@^1.1.1
203 silly packumentCache full:https://registry.npmjs.org/string_decoder cache-miss
204 silly fetch manifest util-deprecate@^1.0.1
205 silly packumentCache full:https://registry.npmjs.org/util-deprecate cache-miss
206 http fetch GET 200 https://registry.npmjs.org/util-deprecate 224ms (cache updated)
207 silly packumentCache full:https://registry.npmjs.org/util-deprecate set size:undefined disposed:false
208 http fetch GET 200 https://registry.npmjs.org/string_decoder 235ms (cache updated)
209 silly packumentCache full:https://registry.npmjs.org/string_decoder set size:undefined disposed:false
210 silly placeDep ROOT aproba@2.0.0 OK for: gauge@3.0.2 want: ^1.0.3 || ^2.0.0
211 silly placeDep ROOT color-support@1.1.3 OK for: gauge@3.0.2 want: ^1.1.2
212 silly placeDep ROOT has-unicode@2.0.1 OK for: gauge@3.0.2 want: ^2.0.1
213 silly placeDep ROOT object-assign@4.1.1 OK for: gauge@3.0.2 want: ^4.1.1
214 silly placeDep ROOT signal-exit@3.0.7 OK for: gauge@3.0.2 want: ^3.0.0
215 silly placeDep ROOT string-width@4.2.3 OK for: gauge@3.0.2 want: ^4.2.3
216 silly placeDep ROOT strip-ansi@6.0.1 OK for: gauge@3.0.2 want: ^6.0.1
217 silly placeDep ROOT wide-align@1.1.5 OK for: gauge@3.0.2 want: ^1.1.2
218 silly fetch manifest emoji-regex@^8.0.0
219 silly packumentCache full:https://registry.npmjs.org/emoji-regex cache-miss
220 silly fetch manifest is-fullwidth-code-point@^3.0.0
221 silly packumentCache full:https://registry.npmjs.org/is-fullwidth-code-point cache-miss
222 silly fetch manifest ansi-regex@^5.0.1
223 silly packumentCache full:https://registry.npmjs.org/ansi-regex cache-miss
224 http fetch GET 200 https://registry.npmjs.org/is-fullwidth-code-point 211ms (cache updated)
225 silly packumentCache full:https://registry.npmjs.org/is-fullwidth-code-point set size:undefined disposed:false
226 http fetch GET 200 https://registry.npmjs.org/emoji-regex 223ms (cache updated)
227 silly packumentCache full:https://registry.npmjs.org/emoji-regex set size:undefined disposed:false
228 http fetch GET 200 https://registry.npmjs.org/ansi-regex 264ms (cache updated)
229 silly packumentCache full:https://registry.npmjs.org/ansi-regex set size:undefined disposed:false
230 silly placeDep ROOT string_decoder@1.3.0 OK for: readable-stream@3.6.2 want: ^1.1.1
231 silly placeDep ROOT util-deprecate@1.0.2 OK for: readable-stream@3.6.2 want: ^1.0.1
232 silly fetch manifest safe-buffer@~5.2.0
233 silly packumentCache full:https://registry.npmjs.org/safe-buffer cache-miss
234 http fetch GET 200 https://registry.npmjs.org/safe-buffer 234ms (cache updated)
235 silly packumentCache full:https://registry.npmjs.org/safe-buffer set size:undefined disposed:false
236 silly placeDep ROOT glob@7.2.3 OK for: rimraf@3.0.2 want: ^7.1.3
237 silly fetch manifest once@^1.3.0
238 silly packumentCache full:https://registry.npmjs.org/once cache-miss
239 silly fetch manifest inflight@^1.0.4
240 silly packumentCache full:https://registry.npmjs.org/inflight cache-miss
241 silly fetch manifest fs.realpath@^1.0.0
242 silly packumentCache full:https://registry.npmjs.org/fs.realpath cache-miss
243 silly fetch manifest path-is-absolute@^1.0.0
244 silly packumentCache full:https://registry.npmjs.org/path-is-absolute cache-miss
245 http fetch GET 200 https://registry.npmjs.org/once 250ms (cache updated)
246 silly packumentCache full:https://registry.npmjs.org/once set size:undefined disposed:false
247 http fetch GET 200 https://registry.npmjs.org/path-is-absolute 249ms (cache updated)
248 silly packumentCache full:https://registry.npmjs.org/path-is-absolute set size:undefined disposed:false
249 http fetch GET 200 https://registry.npmjs.org/inflight 251ms (cache updated)
250 silly packumentCache full:https://registry.npmjs.org/inflight set size:undefined disposed:false
251 http fetch GET 200 https://registry.npmjs.org/fs.realpath 252ms (cache updated)
252 silly packumentCache full:https://registry.npmjs.org/fs.realpath set size:undefined disposed:false
253 silly placeDep ROOT fs.realpath@1.0.0 OK for: glob@7.2.3 want: ^1.0.0
254 silly placeDep ROOT inflight@1.0.6 OK for: glob@7.2.3 want: ^1.0.4
255 silly placeDep ROOT once@1.4.0 OK for: glob@7.2.3 want: ^1.3.0
256 silly placeDep ROOT path-is-absolute@1.0.1 OK for: glob@7.2.3 want: ^1.0.0
257 silly fetch manifest wrappy@1
258 silly packumentCache full:https://registry.npmjs.org/wrappy cache-miss
259 silly fetch manifest wrappy@1
260 silly packumentCache full:https://registry.npmjs.org/wrappy cache-miss
261 http fetch GET 200 https://registry.npmjs.org/wrappy 413ms (cache updated)
262 silly packumentCache full:https://registry.npmjs.org/wrappy set size:undefined disposed:false
263 http fetch GET 200 https://registry.npmjs.org/wrappy 458ms (cache updated)
264 silly packumentCache full:https://registry.npmjs.org/wrappy set size:undefined disposed:false
265 silly placeDep ROOT wrappy@1.0.2 OK for: inflight@1.0.6 want: 1
266 silly placeDep node_modules/string_decoder safe-buffer@5.2.1 OK for: string_decoder@1.3.0 want: ~5.2.0
267 silly placeDep ROOT emoji-regex@8.0.0 OK for: string-width@4.2.3 want: ^8.0.0
268 silly placeDep ROOT is-fullwidth-code-point@3.0.0 OK for: string-width@4.2.3 want: ^3.0.0
269 silly placeDep ROOT ansi-regex@5.0.1 OK for: strip-ansi@6.0.1 want: ^5.0.1
270 silly placeDep ROOT chownr@2.0.0 OK for: tar@6.2.1 want: ^2.0.0
271 silly placeDep ROOT fs-minipass@2.1.0 OK for: tar@6.2.1 want: ^2.0.0
272 silly placeDep ROOT minipass@5.0.0 OK for: tar@6.2.1 want: ^5.0.0
273 silly placeDep ROOT minizlib@2.1.2 OK for: tar@6.2.1 want: ^2.1.1
274 silly placeDep node_modules/tar mkdirp@1.0.4 OK for: tar@6.2.1 want: ^1.0.3
275 silly placeDep ROOT yallist@4.0.0 OK for: tar@6.2.1 want: ^4.0.0
276 silly fetch manifest minipass@^3.0.0
277 silly packumentCache full:https://registry.npmjs.org/minipass cache-miss
278 silly fetch manifest minipass@^3.0.0
279 silly packumentCache full:https://registry.npmjs.org/minipass cache-miss
280 http fetch GET 200 https://registry.npmjs.org/minipass 45ms (cache hit)
281 silly packumentCache full:https://registry.npmjs.org/minipass set size:490195 disposed:false
282 http fetch GET 200 https://registry.npmjs.org/minipass 48ms (cache hit)
283 silly packumentCache full:https://registry.npmjs.org/minipass set size:490195 disposed:false
284 silly packumentCache full:https://registry.npmjs.org/minipass dispose
285 silly placeDep node_modules/fs-minipass minipass@3.3.6 OK for: fs-minipass@2.1.0 want: ^3.0.0
286 silly placeDep node_modules/minizlib minipass@3.3.6 OK for: minizlib@2.1.2 want: ^3.0.0
287 silly placeDep ROOT tr46@0.0.3 OK for: whatwg-url@5.0.0 want: ~0.0.3
288 silly placeDep ROOT webidl-conversions@3.0.1 OK for: whatwg-url@5.0.0 want: ^3.0.0
289 silly placeDep node_modules/agent-base ms@2.1.3 OK for: debug@4.4.0 want: ^2.1.3
290 silly placeDep node_modules/https-proxy-agent ms@2.1.3 OK for: debug@4.4.0 want: ^2.1.3
291 silly reify mark retired [
291 silly reify   'D:\\Documents\\Github\\RiseAcademy Backend\\mentorship_API\\node_modules\\asap'
291 silly reify ]
292 silly reify mark retired [
292 silly reify   'D:\\Documents\\Github\\RiseAcademy Backend\\mentorship_API\\node_modules\\amdefine'
292 silly reify ]
293 silly reify mark retired [
293 silly reify   'D:\\Documents\\Github\\RiseAcademy Backend\\mentorship_API\\node_modules\\acorn-globals'
293 silly reify ]
294 silly reify mark retired [
294 silly reify   'D:\\Documents\\Github\\RiseAcademy Backend\\mentorship_API\\node_modules\\acorn',
294 silly reify   'D:\\Documents\\Github\\RiseAcademy Backend\\mentorship_API\\node_modules\\.bin\\acorn',
294 silly reify   'D:\\Documents\\Github\\RiseAcademy Backend\\mentorship_API\\node_modules\\.bin\\acorn.cmd',
294 silly reify   'D:\\Documents\\Github\\RiseAcademy Backend\\mentorship_API\\node_modules\\.bin\\acorn.ps1'
294 silly reify ]
295 silly reify mark retired [
295 silly reify   'D:\\Documents\\Github\\RiseAcademy Backend\\mentorship_API\\node_modules\\align-text'
295 silly reify ]
296 silly reify mark retired [
296 silly reify   'D:\\Documents\\Github\\RiseAcademy Backend\\mentorship_API\\node_modules\\camelcase'
296 silly reify ]
297 silly reify mark retired [
297 silly reify   'D:\\Documents\\Github\\RiseAcademy Backend\\mentorship_API\\node_modules\\center-align'
297 silly reify ]
298 silly reify mark retired [
298 silly reify   'D:\\Documents\\Github\\RiseAcademy Backend\\mentorship_API\\node_modules\\clean-css',
298 silly reify   'D:\\Documents\\Github\\RiseAcademy Backend\\mentorship_API\\node_modules\\.bin\\cleancss',
298 silly reify   'D:\\Documents\\Github\\RiseAcademy Backend\\mentorship_API\\node_modules\\.bin\\cleancss.cmd',
298 silly reify   'D:\\Documents\\Github\\RiseAcademy Backend\\mentorship_API\\node_modules\\.bin\\cleancss.ps1'
298 silly reify ]
299 silly reify mark retired [
299 silly reify   'D:\\Documents\\Github\\RiseAcademy Backend\\mentorship_API\\node_modules\\basic-auth'
299 silly reify ]
300 silly reify mark retired [
300 silly reify   'D:\\Documents\\Github\\RiseAcademy Backend\\mentorship_API\\node_modules\\commander'
300 silly reify ]
301 silly reify mark retired [
301 silly reify   'D:\\Documents\\Github\\RiseAcademy Backend\\mentorship_API\\node_modules\\character-parser'
301 silly reify ]
302 silly reify mark retired [
302 silly reify   'D:\\Documents\\Github\\RiseAcademy Backend\\mentorship_API\\node_modules\\cliui'
302 silly reify ]
303 silly reify mark retired [
303 silly reify   'D:\\Documents\\Github\\RiseAcademy Backend\\mentorship_API\\node_modules\\constantinople'
303 silly reify ]
304 silly reify mark retired [
304 silly reify   'D:\\Documents\\Github\\RiseAcademy Backend\\mentorship_API\\node_modules\\css'
304 silly reify ]
305 silly reify mark retired [
305 silly reify   'D:\\Documents\\Github\\RiseAcademy Backend\\mentorship_API\\node_modules\\cookie'
305 silly reify ]
306 silly reify mark retired [
306 silly reify   'D:\\Documents\\Github\\RiseAcademy Backend\\mentorship_API\\node_modules\\css-parse'
306 silly reify ]
307 silly reify mark retired [
307 silly reify   'D:\\Documents\\Github\\RiseAcademy Backend\\mentorship_API\\node_modules\\css-stringify'
307 silly reify ]
308 silly reify mark retired [
308 silly reify   'D:\\Documents\\Github\\RiseAcademy Backend\\mentorship_API\\node_modules\\cookie-parser'
308 silly reify ]
309 silly reify mark retired [
309 silly reify   'D:\\Documents\\Github\\RiseAcademy Backend\\mentorship_API\\node_modules\\decamelize'
309 silly reify ]
310 silly reify mark retired [
310 silly reify   'D:\\Documents\\Github\\RiseAcademy Backend\\mentorship_API\\node_modules\\graceful-readlink'
310 silly reify ]
311 silly reify mark retired [
311 silly reify   'D:\\Documents\\Github\\RiseAcademy Backend\\mentorship_API\\node_modules\\jstransformer'
311 silly reify ]
312 silly reify mark retired [
312 silly reify   'D:\\Documents\\Github\\RiseAcademy Backend\\mentorship_API\\node_modules\\is-buffer'
312 silly reify ]
313 silly reify mark retired [
313 silly reify   'D:\\Documents\\Github\\RiseAcademy Backend\\mentorship_API\\node_modules\\is-promise'
313 silly reify ]
314 silly reify mark retired [
314 silly reify   'D:\\Documents\\Github\\RiseAcademy Backend\\mentorship_API\\node_modules\\longest'
314 silly reify ]
315 silly reify mark retired [
315 silly reify   'D:\\Documents\\Github\\RiseAcademy Backend\\mentorship_API\\node_modules\\mkdirp',
315 silly reify   'D:\\Documents\\Github\\RiseAcademy Backend\\mentorship_API\\node_modules\\.bin\\mkdirp',
315 silly reify   'D:\\Documents\\Github\\RiseAcademy Backend\\mentorship_API\\node_modules\\.bin\\mkdirp.cmd',
315 silly reify   'D:\\Documents\\Github\\RiseAcademy Backend\\mentorship_API\\node_modules\\.bin\\mkdirp.ps1'
315 silly reify ]
316 silly reify mark retired [
316 silly reify   'D:\\Documents\\Github\\RiseAcademy Backend\\mentorship_API\\node_modules\\kind-of'
316 silly reify ]
317 silly reify mark retired [
317 silly reify   'D:\\Documents\\Github\\RiseAcademy Backend\\mentorship_API\\node_modules\\lazy-cache'
317 silly reify ]
318 silly reify mark retired [
318 silly reify   'D:\\Documents\\Github\\RiseAcademy Backend\\mentorship_API\\node_modules\\jade',
318 silly reify   'D:\\Documents\\Github\\RiseAcademy Backend\\mentorship_API\\node_modules\\.bin\\jade',
318 silly reify   'D:\\Documents\\Github\\RiseAcademy Backend\\mentorship_API\\node_modules\\.bin\\jade.cmd',
318 silly reify   'D:\\Documents\\Github\\RiseAcademy Backend\\mentorship_API\\node_modules\\.bin\\jade.ps1'
318 silly reify ]
319 silly reify mark retired [
319 silly reify   'D:\\Documents\\Github\\RiseAcademy Backend\\mentorship_API\\node_modules\\morgan'
319 silly reify ]
320 silly reify mark retired [
320 silly reify   'D:\\Documents\\Github\\RiseAcademy Backend\\mentorship_API\\node_modules\\on-headers'
320 silly reify ]
321 silly reify mark retired [
321 silly reify   'D:\\Documents\\Github\\RiseAcademy Backend\\mentorship_API\\node_modules\\optimist'
321 silly reify ]
322 silly reify mark retired [
322 silly reify   'D:\\Documents\\Github\\RiseAcademy Backend\\mentorship_API\\node_modules\\promise'
322 silly reify ]
323 silly reify mark retired [
323 silly reify   'D:\\Documents\\Github\\RiseAcademy Backend\\mentorship_API\\node_modules\\minimist'
323 silly reify ]
324 silly reify mark retired [
324 silly reify   'D:\\Documents\\Github\\RiseAcademy Backend\\mentorship_API\\node_modules\\right-align'
324 silly reify ]
325 silly reify mark retired [
325 silly reify   'D:\\Documents\\Github\\RiseAcademy Backend\\mentorship_API\\node_modules\\repeat-string'
325 silly reify ]
326 silly reify mark retired [
326 silly reify   'D:\\Documents\\Github\\RiseAcademy Backend\\mentorship_API\\node_modules\\source-map'
326 silly reify ]
327 silly reify mark retired [
327 silly reify   'D:\\Documents\\Github\\RiseAcademy Backend\\mentorship_API\\node_modules\\uglify-to-browserify'
327 silly reify ]
328 silly reify mark retired [
328 silly reify   'D:\\Documents\\Github\\RiseAcademy Backend\\mentorship_API\\node_modules\\void-elements'
328 silly reify ]
329 silly reify mark retired [
329 silly reify   'D:\\Documents\\Github\\RiseAcademy Backend\\mentorship_API\\node_modules\\transformers'
329 silly reify ]
330 silly reify mark retired [
330 silly reify   'D:\\Documents\\Github\\RiseAcademy Backend\\mentorship_API\\node_modules\\yargs'
330 silly reify ]
331 silly reify mark retired [
331 silly reify   'D:\\Documents\\Github\\RiseAcademy Backend\\mentorship_API\\node_modules\\uglify-js',
331 silly reify   'D:\\Documents\\Github\\RiseAcademy Backend\\mentorship_API\\node_modules\\.bin\\uglifyjs',
331 silly reify   'D:\\Documents\\Github\\RiseAcademy Backend\\mentorship_API\\node_modules\\.bin\\uglifyjs.cmd',
331 silly reify   'D:\\Documents\\Github\\RiseAcademy Backend\\mentorship_API\\node_modules\\.bin\\uglifyjs.ps1'
331 silly reify ]
332 silly reify mark retired [
332 silly reify   'D:\\Documents\\Github\\RiseAcademy Backend\\mentorship_API\\node_modules\\window-size'
332 silly reify ]
333 silly reify mark retired [
333 silly reify   'D:\\Documents\\Github\\RiseAcademy Backend\\mentorship_API\\node_modules\\with'
333 silly reify ]
334 silly reify mark retired [
334 silly reify   'D:\\Documents\\Github\\RiseAcademy Backend\\mentorship_API\\node_modules\\wordwrap'
334 silly reify ]
335 silly reify moves {
335 silly reify   'D:\\Documents\\Github\\RiseAcademy Backend\\mentorship_API\\node_modules\\asap': 'D:\\Documents\\Github\\RiseAcademy Backend\\mentorship_API\\node_modules\\.asap-IxnKtbzx',
335 silly reify   'D:\\Documents\\Github\\RiseAcademy Backend\\mentorship_API\\node_modules\\amdefine': 'D:\\Documents\\Github\\RiseAcademy Backend\\mentorship_API\\node_modules\\.amdefine-FmnYVUSA',
335 silly reify   'D:\\Documents\\Github\\RiseAcademy Backend\\mentorship_API\\node_modules\\acorn-globals': 'D:\\Documents\\Github\\RiseAcademy Backend\\mentorship_API\\node_modules\\.acorn-globals-UAQqI8bE',
335 silly reify   'D:\\Documents\\Github\\RiseAcademy Backend\\mentorship_API\\node_modules\\acorn': 'D:\\Documents\\Github\\RiseAcademy Backend\\mentorship_API\\node_modules\\.acorn-63dyHaKp',
335 silly reify   'D:\\Documents\\Github\\RiseAcademy Backend\\mentorship_API\\node_modules\\.bin\\acorn': 'D:\\Documents\\Github\\RiseAcademy Backend\\mentorship_API\\node_modules\\.bin\\.acorn-eZ62tAwU',
335 silly reify   'D:\\Documents\\Github\\RiseAcademy Backend\\mentorship_API\\node_modules\\.bin\\acorn.cmd': 'D:\\Documents\\Github\\RiseAcademy Backend\\mentorship_API\\node_modules\\.bin\\.acorn.cmd-mEg1upu1',
335 silly reify   'D:\\Documents\\Github\\RiseAcademy Backend\\mentorship_API\\node_modules\\.bin\\acorn.ps1': 'D:\\Documents\\Github\\RiseAcademy Backend\\mentorship_API\\node_modules\\.bin\\.acorn.ps1-9fq7Tc03',
335 silly reify   'D:\\Documents\\Github\\RiseAcademy Backend\\mentorship_API\\node_modules\\align-text': 'D:\\Documents\\Github\\RiseAcademy Backend\\mentorship_API\\node_modules\\.align-text-rCMbb2wO',
335 silly reify   'D:\\Documents\\Github\\RiseAcademy Backend\\mentorship_API\\node_modules\\camelcase': 'D:\\Documents\\Github\\RiseAcademy Backend\\mentorship_API\\node_modules\\.camelcase-BRRDLfCD',
335 silly reify   'D:\\Documents\\Github\\RiseAcademy Backend\\mentorship_API\\node_modules\\center-align': 'D:\\Documents\\Github\\RiseAcademy Backend\\mentorship_API\\node_modules\\.center-align-CzuJALJ0',
335 silly reify   'D:\\Documents\\Github\\RiseAcademy Backend\\mentorship_API\\node_modules\\clean-css': 'D:\\Documents\\Github\\RiseAcademy Backend\\mentorship_API\\node_modules\\.clean-css-eR3Wsgfl',
335 silly reify   'D:\\Documents\\Github\\RiseAcademy Backend\\mentorship_API\\node_modules\\.bin\\cleancss': 'D:\\Documents\\Github\\RiseAcademy Backend\\mentorship_API\\node_modules\\.bin\\.cleancss-XFlf49As',
335 silly reify   'D:\\Documents\\Github\\RiseAcademy Backend\\mentorship_API\\node_modules\\.bin\\cleancss.cmd': 'D:\\Documents\\Github\\RiseAcademy Backend\\mentorship_API\\node_modules\\.bin\\.cleancss.cmd-STu8c0Ug',
335 silly reify   'D:\\Documents\\Github\\RiseAcademy Backend\\mentorship_API\\node_modules\\.bin\\cleancss.ps1': 'D:\\Documents\\Github\\RiseAcademy Backend\\mentorship_API\\node_modules\\.bin\\.cleancss.ps1-Tt3bNkGn',
335 silly reify   'D:\\Documents\\Github\\RiseAcademy Backend\\mentorship_API\\node_modules\\basic-auth': 'D:\\Documents\\Github\\RiseAcademy Backend\\mentorship_API\\node_modules\\.basic-auth-dEwTCYoi',
335 silly reify   'D:\\Documents\\Github\\RiseAcademy Backend\\mentorship_API\\node_modules\\commander': 'D:\\Documents\\Github\\RiseAcademy Backend\\mentorship_API\\node_modules\\.commander-WmpNIBiF',
335 silly reify   'D:\\Documents\\Github\\RiseAcademy Backend\\mentorship_API\\node_modules\\character-parser': 'D:\\Documents\\Github\\RiseAcademy Backend\\mentorship_API\\node_modules\\.character-parser-wEtXdHr2',
335 silly reify   'D:\\Documents\\Github\\RiseAcademy Backend\\mentorship_API\\node_modules\\cliui': 'D:\\Documents\\Github\\RiseAcademy Backend\\mentorship_API\\node_modules\\.cliui-ggtTZ6b1',
335 silly reify   'D:\\Documents\\Github\\RiseAcademy Backend\\mentorship_API\\node_modules\\constantinople': 'D:\\Documents\\Github\\RiseAcademy Backend\\mentorship_API\\node_modules\\.constantinople-De21pmCp',
335 silly reify   'D:\\Documents\\Github\\RiseAcademy Backend\\mentorship_API\\node_modules\\css': 'D:\\Documents\\Github\\RiseAcademy Backend\\mentorship_API\\node_modules\\.css-slLVXoF6',
335 silly reify   'D:\\Documents\\Github\\RiseAcademy Backend\\mentorship_API\\node_modules\\cookie': 'D:\\Documents\\Github\\RiseAcademy Backend\\mentorship_API\\node_modules\\.cookie-dnzpLQmS',
335 silly reify   'D:\\Documents\\Github\\RiseAcademy Backend\\mentorship_API\\node_modules\\css-parse': 'D:\\Documents\\Github\\RiseAcademy Backend\\mentorship_API\\node_modules\\.css-parse-VcfjjgNL',
335 silly reify   'D:\\Documents\\Github\\RiseAcademy Backend\\mentorship_API\\node_modules\\css-stringify': 'D:\\Documents\\Github\\RiseAcademy Backend\\mentorship_API\\node_modules\\.css-stringify-xlIqG1So',
335 silly reify   'D:\\Documents\\Github\\RiseAcademy Backend\\mentorship_API\\node_modules\\cookie-parser': 'D:\\Documents\\Github\\RiseAcademy Backend\\mentorship_API\\node_modules\\.cookie-parser-NVMY4ksS',
335 silly reify   'D:\\Documents\\Github\\RiseAcademy Backend\\mentorship_API\\node_modules\\decamelize': 'D:\\Documents\\Github\\RiseAcademy Backend\\mentorship_API\\node_modules\\.decamelize-Frd1d5ze',
335 silly reify   'D:\\Documents\\Github\\RiseAcademy Backend\\mentorship_API\\node_modules\\graceful-readlink': 'D:\\Documents\\Github\\RiseAcademy Backend\\mentorship_API\\node_modules\\.graceful-readlink-xUuCsBKi',
335 silly reify   'D:\\Documents\\Github\\RiseAcademy Backend\\mentorship_API\\node_modules\\jstransformer': 'D:\\Documents\\Github\\RiseAcademy Backend\\mentorship_API\\node_modules\\.jstransformer-M3X38qc9',
335 silly reify   'D:\\Documents\\Github\\RiseAcademy Backend\\mentorship_API\\node_modules\\is-buffer': 'D:\\Documents\\Github\\RiseAcademy Backend\\mentorship_API\\node_modules\\.is-buffer-7Ui5Ripi',
335 silly reify   'D:\\Documents\\Github\\RiseAcademy Backend\\mentorship_API\\node_modules\\is-promise': 'D:\\Documents\\Github\\RiseAcademy Backend\\mentorship_API\\node_modules\\.is-promise-5MsyIQGr',
335 silly reify   'D:\\Documents\\Github\\RiseAcademy Backend\\mentorship_API\\node_modules\\longest': 'D:\\Documents\\Github\\RiseAcademy Backend\\mentorship_API\\node_modules\\.longest-55tgqji8',
335 silly reify   'D:\\Documents\\Github\\RiseAcademy Backend\\mentorship_API\\node_modules\\mkdirp': 'D:\\Documents\\Github\\RiseAcademy Backend\\mentorship_API\\node_modules\\.mkdirp-VqnDTyJg',
335 silly reify   'D:\\Documents\\Github\\RiseAcademy Backend\\mentorship_API\\node_modules\\.bin\\mkdirp': 'D:\\Documents\\Github\\RiseAcademy Backend\\mentorship_API\\node_modules\\.bin\\.mkdirp-uP4XZ51d',
335 silly reify   'D:\\Documents\\Github\\RiseAcademy Backend\\mentorship_API\\node_modules\\.bin\\mkdirp.cmd': 'D:\\Documents\\Github\\RiseAcademy Backend\\mentorship_API\\node_modules\\.bin\\.mkdirp.cmd-wALllScY',
335 silly reify   'D:\\Documents\\Github\\RiseAcademy Backend\\mentorship_API\\node_modules\\.bin\\mkdirp.ps1': 'D:\\Documents\\Github\\RiseAcademy Backend\\mentorship_API\\node_modules\\.bin\\.mkdirp.ps1-HSloTVJp',
335 silly reify   'D:\\Documents\\Github\\RiseAcademy Backend\\mentorship_API\\node_modules\\kind-of': 'D:\\Documents\\Github\\RiseAcademy Backend\\mentorship_API\\node_modules\\.kind-of-aagspjG0',
335 silly reify   'D:\\Documents\\Github\\RiseAcademy Backend\\mentorship_API\\node_modules\\lazy-cache': 'D:\\Documents\\Github\\RiseAcademy Backend\\mentorship_API\\node_modules\\.lazy-cache-cpEgznMD',
335 silly reify   'D:\\Documents\\Github\\RiseAcademy Backend\\mentorship_API\\node_modules\\jade': 'D:\\Documents\\Github\\RiseAcademy Backend\\mentorship_API\\node_modules\\.jade-CzeiGgXZ',
335 silly reify   'D:\\Documents\\Github\\RiseAcademy Backend\\mentorship_API\\node_modules\\.bin\\jade': 'D:\\Documents\\Github\\RiseAcademy Backend\\mentorship_API\\node_modules\\.bin\\.jade-X9SFMy4X',
335 silly reify   'D:\\Documents\\Github\\RiseAcademy Backend\\mentorship_API\\node_modules\\.bin\\jade.cmd': 'D:\\Documents\\Github\\RiseAcademy Backend\\mentorship_API\\node_modules\\.bin\\.jade.cmd-f1mmUcbU',
335 silly reify   'D:\\Documents\\Github\\RiseAcademy Backend\\mentorship_API\\node_modules\\.bin\\jade.ps1': 'D:\\Documents\\Github\\RiseAcademy Backend\\mentorship_API\\node_modules\\.bin\\.jade.ps1-cM8xqq8O',
335 silly reify   'D:\\Documents\\Github\\RiseAcademy Backend\\mentorship_API\\node_modules\\morgan': 'D:\\Documents\\Github\\RiseAcademy Backend\\mentorship_API\\node_modules\\.morgan-Q0kfTFSm',
335 silly reify   'D:\\Documents\\Github\\RiseAcademy Backend\\mentorship_API\\node_modules\\on-headers': 'D:\\Documents\\Github\\RiseAcademy Backend\\mentorship_API\\node_modules\\.on-headers-VHqXrwkb',
335 silly reify   'D:\\Documents\\Github\\RiseAcademy Backend\\mentorship_API\\node_modules\\optimist': 'D:\\Documents\\Github\\RiseAcademy Backend\\mentorship_API\\node_modules\\.optimist-sfFhI11t',
335 silly reify   'D:\\Documents\\Github\\RiseAcademy Backend\\mentorship_API\\node_modules\\promise': 'D:\\Documents\\Github\\RiseAcademy Backend\\mentorship_API\\node_modules\\.promise-4FqZaz7V',
335 silly reify   'D:\\Documents\\Github\\RiseAcademy Backend\\mentorship_API\\node_modules\\minimist': 'D:\\Documents\\Github\\RiseAcademy Backend\\mentorship_API\\node_modules\\.minimist-S9XjSU7a',
335 silly reify   'D:\\Documents\\Github\\RiseAcademy Backend\\mentorship_API\\node_modules\\right-align': 'D:\\Documents\\Github\\RiseAcademy Backend\\mentorship_API\\node_modules\\.right-align-5kgnCAS4',
335 silly reify   'D:\\Documents\\Github\\RiseAcademy Backend\\mentorship_API\\node_modules\\repeat-string': 'D:\\Documents\\Github\\RiseAcademy Backend\\mentorship_API\\node_modules\\.repeat-string-jMUoe30C',
335 silly reify   'D:\\Documents\\Github\\RiseAcademy Backend\\mentorship_API\\node_modules\\source-map': 'D:\\Documents\\Github\\RiseAcademy Backend\\mentorship_API\\node_modules\\.source-map-I4Dv6y2q',
335 silly reify   'D:\\Documents\\Github\\RiseAcademy Backend\\mentorship_API\\node_modules\\uglify-to-browserify': 'D:\\Documents\\Github\\RiseAcademy Backend\\mentorship_API\\node_modules\\.uglify-to-browserify-6yp8cwgl',
335 silly reify   'D:\\Documents\\Github\\RiseAcademy Backend\\mentorship_API\\node_modules\\void-elements': 'D:\\Documents\\Github\\RiseAcademy Backend\\mentorship_API\\node_modules\\.void-elements-PmVqsom4',
335 silly reify   'D:\\Documents\\Github\\RiseAcademy Backend\\mentorship_API\\node_modules\\transformers': 'D:\\Documents\\Github\\RiseAcademy Backend\\mentorship_API\\node_modules\\.transformers-FJbbhRct',
335 silly reify   'D:\\Documents\\Github\\RiseAcademy Backend\\mentorship_API\\node_modules\\yargs': 'D:\\Documents\\Github\\RiseAcademy Backend\\mentorship_API\\node_modules\\.yargs-FQ0Uwrs8',
335 silly reify   'D:\\Documents\\Github\\RiseAcademy Backend\\mentorship_API\\node_modules\\uglify-js': 'D:\\Documents\\Github\\RiseAcademy Backend\\mentorship_API\\node_modules\\.uglify-js-2RB7gSgd',
335 silly reify   'D:\\Documents\\Github\\RiseAcademy Backend\\mentorship_API\\node_modules\\.bin\\uglifyjs': 'D:\\Documents\\Github\\RiseAcademy Backend\\mentorship_API\\node_modules\\.bin\\.uglifyjs-KxsgOJkx',
335 silly reify   'D:\\Documents\\Github\\RiseAcademy Backend\\mentorship_API\\node_modules\\.bin\\uglifyjs.cmd': 'D:\\Documents\\Github\\RiseAcademy Backend\\mentorship_API\\node_modules\\.bin\\.uglifyjs.cmd-B6vchvjT',
335 silly reify   'D:\\Documents\\Github\\RiseAcademy Backend\\mentorship_API\\node_modules\\.bin\\uglifyjs.ps1': 'D:\\Documents\\Github\\RiseAcademy Backend\\mentorship_API\\node_modules\\.bin\\.uglifyjs.ps1-DfWSnMuj',
335 silly reify   'D:\\Documents\\Github\\RiseAcademy Backend\\mentorship_API\\node_modules\\window-size': 'D:\\Documents\\Github\\RiseAcademy Backend\\mentorship_API\\node_modules\\.window-size-tasFXotz',
335 silly reify   'D:\\Documents\\Github\\RiseAcademy Backend\\mentorship_API\\node_modules\\with': 'D:\\Documents\\Github\\RiseAcademy Backend\\mentorship_API\\node_modules\\.with-iPpQjKFh',
335 silly reify   'D:\\Documents\\Github\\RiseAcademy Backend\\mentorship_API\\node_modules\\wordwrap': 'D:\\Documents\\Github\\RiseAcademy Backend\\mentorship_API\\node_modules\\.wordwrap-DCAVlENK'
335 silly reify }
336 silly audit bulk request {
336 silly audit   accepts: [ '1.3.8' ],
336 silly audit   anymatch: [ '3.1.3' ],
336 silly audit   'array-flatten': [ '1.1.1' ],
336 silly audit   'balanced-match': [ '1.0.2' ],
336 silly audit   'binary-extensions': [ '2.3.0' ],
336 silly audit   'body-parser': [ '1.18.3' ],
336 silly audit   'brace-expansion': [ '1.1.11' ],
336 silly audit   braces: [ '3.0.3' ],
336 silly audit   bytes: [ '3.0.0' ],
336 silly audit   chokidar: [ '3.6.0' ],
336 silly audit   'concat-map': [ '0.0.1' ],
336 silly audit   'content-disposition': [ '0.5.2' ],
336 silly audit   'content-type': [ '1.0.5' ],
336 silly audit   cookie: [ '0.3.1' ],
336 silly audit   'cookie-signature': [ '1.0.6' ],
336 silly audit   debug: [ '2.6.9', '4.4.0' ],
336 silly audit   depd: [ '1.1.2' ],
336 silly audit   destroy: [ '1.0.4' ],
336 silly audit   dotenv: [ '16.5.0' ],
336 silly audit   'ee-first': [ '1.1.1' ],
336 silly audit   encodeurl: [ '1.0.2' ],
336 silly audit   'escape-html': [ '1.0.3' ],
336 silly audit   etag: [ '1.8.1' ],
336 silly audit   express: [ '4.16.4' ],
336 silly audit   'fill-range': [ '7.1.1' ],
336 silly audit   finalhandler: [ '1.1.1' ],
336 silly audit   forwarded: [ '0.2.0' ],
336 silly audit   fresh: [ '0.5.2' ],
336 silly audit   fsevents: [ '2.3.3' ],
336 silly audit   'glob-parent': [ '5.1.2' ],
336 silly audit   'has-flag': [ '3.0.0' ],
336 silly audit   'http-errors': [ '1.6.3' ],
336 silly audit   'iconv-lite': [ '0.4.23' ],
336 silly audit   'ignore-by-default': [ '1.0.1' ],
336 silly audit   inherits: [ '2.0.3' ],
336 silly audit   'ipaddr.js': [ '1.9.1' ],
336 silly audit   'is-binary-path': [ '2.1.0' ],
336 silly audit   'is-extglob': [ '2.1.1' ],
336 silly audit   'is-glob': [ '4.0.3' ],
336 silly audit   'is-number': [ '7.0.0' ],
336 silly audit   'media-typer': [ '0.3.0' ],
336 silly audit   'merge-descriptors': [ '1.0.1' ],
336 silly audit   methods: [ '1.1.2' ],
336 silly audit   mime: [ '1.4.1' ],
336 silly audit   'mime-db': [ '1.52.0' ],
336 silly audit   'mime-types': [ '2.1.35' ],
336 silly audit   minimatch: [ '3.1.2' ],
336 silly audit   mkdirp: [ '1.0.4' ],
336 silly audit   ms: [ '2.0.0', '2.1.3' ],
336 silly audit   negotiator: [ '0.6.3' ],
336 silly audit   nodemon: [ '3.1.9' ],
336 silly audit   'normalize-path': [ '3.0.0' ],
336 silly audit   'on-finished': [ '2.3.0' ],
336 silly audit   parseurl: [ '1.3.3' ],
336 silly audit   'path-to-regexp': [ '0.1.7' ],
336 silly audit   picomatch: [ '2.3.1' ],
336 silly audit   'proxy-addr': [ '2.0.7' ],
336 silly audit   'pstree.remy': [ '1.1.8' ],
336 silly audit   qs: [ '6.5.2' ],
336 silly audit   'range-parser': [ '1.2.1' ],
336 silly audit   'raw-body': [ '2.3.3' ],
336 silly audit   readdirp: [ '3.6.0' ],
336 silly audit   'safe-buffer': [ '5.1.2', '5.2.1' ],
336 silly audit   'safer-buffer': [ '2.1.2' ],
336 silly audit   semver: [ '7.7.1', '6.3.1' ],
336 silly audit   send: [ '0.16.2' ],
336 silly audit   'serve-static': [ '1.13.2' ],
336 silly audit   setprototypeof: [ '1.1.0' ],
336 silly audit   'simple-update-notifier': [ '2.0.0' ],
336 silly audit   statuses: [ '1.4.0' ],
336 silly audit   'supports-color': [ '5.5.0' ],
336 silly audit   'to-regex-range': [ '5.0.1' ],
336 silly audit   touch: [ '3.1.1' ],
336 silly audit   'type-is': [ '1.6.18' ],
336 silly audit   undefsafe: [ '2.0.5' ],
336 silly audit   unpipe: [ '1.0.0' ],
336 silly audit   'utils-merge': [ '1.0.1' ],
336 silly audit   vary: [ '1.1.2' ],
336 silly audit   bcrypt: [ '5.1.1' ],
336 silly audit   '@mapbox/node-pre-gyp': [ '1.0.11' ],
336 silly audit   'node-addon-api': [ '5.1.0' ],
336 silly audit   'detect-libc': [ '2.0.3' ],
336 silly audit   'https-proxy-agent': [ '5.0.1' ],
336 silly audit   'make-dir': [ '3.1.0' ],
336 silly audit   'node-fetch': [ '2.7.0' ],
336 silly audit   nopt: [ '5.0.0' ],
336 silly audit   npmlog: [ '5.0.1' ],
336 silly audit   rimraf: [ '3.0.2' ],
336 silly audit   tar: [ '6.2.1' ],
336 silly audit   'agent-base': [ '6.0.2' ],
336 silly audit   'whatwg-url': [ '5.0.0' ],
336 silly audit   abbrev: [ '1.1.1' ],
336 silly audit   'are-we-there-yet': [ '2.0.0' ],
336 silly audit   'console-control-strings': [ '1.1.0' ],
336 silly audit   gauge: [ '3.0.2' ],
336 silly audit   'set-blocking': [ '2.0.0' ],
336 silly audit   delegates: [ '1.0.0' ],
336 silly audit   'readable-stream': [ '3.6.2' ],
336 silly audit   aproba: [ '2.0.0' ],
336 silly audit   'color-support': [ '1.1.3' ],
336 silly audit   'has-unicode': [ '2.0.1' ],
336 silly audit   'object-assign': [ '4.1.1' ],
336 silly audit   'signal-exit': [ '3.0.7' ],
336 silly audit   'string-width': [ '4.2.3' ],
336 silly audit   'strip-ansi': [ '6.0.1' ],
336 silly audit   'wide-align': [ '1.1.5' ],
336 silly audit   string_decoder: [ '1.3.0' ],
336 silly audit   'util-deprecate': [ '1.0.2' ],
336 silly audit   glob: [ '7.2.3' ],
336 silly audit   'fs.realpath': [ '1.0.0' ],
336 silly audit   inflight: [ '1.0.6' ],
336 silly audit   once: [ '1.4.0' ],
336 silly audit   'path-is-absolute': [ '1.0.1' ],
336 silly audit   wrappy: [ '1.0.2' ],
336 silly audit   'emoji-regex': [ '8.0.0' ],
336 silly audit   'is-fullwidth-code-point': [ '3.0.0' ],
336 silly audit   'ansi-regex': [ '5.0.1' ],
336 silly audit   chownr: [ '2.0.0' ],
336 silly audit   'fs-minipass': [ '2.1.0' ],
336 silly audit   minipass: [ '5.0.0', '3.3.6' ],
336 silly audit   minizlib: [ '2.1.2' ],
336 silly audit   yallist: [ '4.0.0' ],
336 silly audit   tr46: [ '0.0.3' ],
336 silly audit   'webidl-conversions': [ '3.0.1' ]
336 silly audit }
337 verbose reify failed optional dependency D:\Documents\Github\RiseAcademy Backend\mentorship_API\node_modules\fsevents
338 silly reify mark deleted [
338 silly reify   'D:\\Documents\\Github\\RiseAcademy Backend\\mentorship_API\\node_modules\\fsevents'
338 silly reify ]
339 warn deprecated inflight@1.0.6: This module is not supported, and leaks memory. Do not use it. Check out lru-cache if you want a good and tested way to coalesce async requests by a key value, which is much more comprehensive and powerful.
340 warn deprecated npmlog@5.0.1: This package is no longer supported.
341 warn deprecated rimraf@3.0.2: Rimraf versions prior to v4 are no longer supported
342 warn deprecated glob@7.2.3: Glob versions prior to v9 are no longer supported
343 warn deprecated are-we-there-yet@2.0.0: This package is no longer supported.
344 warn deprecated gauge@3.0.2: This package is no longer supported.
345 info run bcrypt@5.1.1 install node_modules/bcrypt node-pre-gyp install --fallback-to-build
346 http fetch POST 200 https://registry.npmjs.org/-/npm/v1/security/advisories/bulk 787ms
347 silly audit report {
347 silly audit report   'body-parser': [
347 silly audit report     {
347 silly audit report       id: 1099520,
347 silly audit report       url: 'https://github.com/advisories/GHSA-qwcr-r2fm-qrc7',
347 silly audit report       title: 'body-parser vulnerable to denial of service when url encoding is enabled',
347 silly audit report       severity: 'high',
347 silly audit report       vulnerable_versions: '<1.20.3',
347 silly audit report       cwe: [Array],
347 silly audit report       cvss: [Object]
347 silly audit report     }
347 silly audit report   ],
347 silly audit report   cookie: [
347 silly audit report     {
347 silly audit report       id: 1099846,
347 silly audit report       url: 'https://github.com/advisories/GHSA-pxg6-pf52-xh8x',
347 silly audit report       title: 'cookie accepts cookie name, path, and domain with out of bounds characters',
347 silly audit report       severity: 'low',
347 silly audit report       vulnerable_versions: '<0.7.0',
347 silly audit report       cwe: [Array],
347 silly audit report       cvss: [Object]
347 silly audit report     }
347 silly audit report   ],
347 silly audit report   express: [
347 silly audit report     {
347 silly audit report       id: 1100530,
347 silly audit report       url: 'https://github.com/advisories/GHSA-qw6h-vgh9-j6wx',
347 silly audit report       title: 'express vulnerable to XSS via response.redirect()',
347 silly audit report       severity: 'low',
347 silly audit report       vulnerable_versions: '<4.20.0',
347 silly audit report       cwe: [Array],
347 silly audit report       cvss: [Object]
347 silly audit report     },
347 silly audit report     {
347 silly audit report       id: 1096820,
347 silly audit report       url: 'https://github.com/advisories/GHSA-rv95-896h-c2vc',
347 silly audit report       title: 'Express.js Open Redirect in malformed URLs',
347 silly audit report       severity: 'moderate',
347 silly audit report       vulnerable_versions: '<4.19.2',
347 silly audit report       cwe: [Array],
347 silly audit report       cvss: [Object]
347 silly audit report     }
347 silly audit report   ],
347 silly audit report   'path-to-regexp': [
347 silly audit report     {
347 silly audit report       id: 1101844,
347 silly audit report       url: 'https://github.com/advisories/GHSA-rhx6-c78j-4q9w',
347 silly audit report       title: 'Unpatched `path-to-regexp` ReDoS in 0.1.x',
347 silly audit report       severity: 'high',
347 silly audit report       vulnerable_versions: '<0.1.12',
347 silly audit report       cwe: [Array],
347 silly audit report       cvss: [Object]
347 silly audit report     },
347 silly audit report     {
347 silly audit report       id: 1101850,
347 silly audit report       url: 'https://github.com/advisories/GHSA-9wv6-86v2-598j',
347 silly audit report       title: 'path-to-regexp outputs backtracking regular expressions',
347 silly audit report       severity: 'high',
347 silly audit report       vulnerable_versions: '<0.1.10',
347 silly audit report       cwe: [Array],
347 silly audit report       cvss: [Object]
347 silly audit report     }
347 silly audit report   ],
347 silly audit report   qs: [
347 silly audit report     {
347 silly audit report       id: 1096470,
347 silly audit report       url: 'https://github.com/advisories/GHSA-hrpp-h998-j3pp',
347 silly audit report       title: 'qs vulnerable to Prototype Pollution',
347 silly audit report       severity: 'high',
347 silly audit report       vulnerable_versions: '>=6.5.0 <6.5.3',
347 silly audit report       cwe: [Array],
347 silly audit report       cvss: [Object]
347 silly audit report     }
347 silly audit report   ],
347 silly audit report   send: [
347 silly audit report     {
347 silly audit report       id: 1100526,
347 silly audit report       url: 'https://github.com/advisories/GHSA-m6fv-jmcg-4jfg',
347 silly audit report       title: 'send vulnerable to template injection that can lead to XSS',
347 silly audit report       severity: 'low',
347 silly audit report       vulnerable_versions: '<0.19.0',
347 silly audit report       cwe: [Array],
347 silly audit report       cvss: [Object]
347 silly audit report     }
347 silly audit report   ],
347 silly audit report   'serve-static': [
347 silly audit report     {
347 silly audit report       id: 1100528,
347 silly audit report       url: 'https://github.com/advisories/GHSA-cm22-4g7w-348p',
347 silly audit report       title: 'serve-static vulnerable to template injection that can lead to XSS',
347 silly audit report       severity: 'low',
347 silly audit report       vulnerable_versions: '<1.16.0',
347 silly audit report       cwe: [Array],
347 silly audit report       cvss: [Object]
347 silly audit report     }
347 silly audit report   ]
347 silly audit report }
348 silly packumentCache corgi:https://registry.npmjs.org/body-parser cache-miss
349 silly packumentCache corgi:https://registry.npmjs.org/cookie cache-miss
350 silly packumentCache corgi:https://registry.npmjs.org/express cache-miss
351 silly packumentCache corgi:https://registry.npmjs.org/path-to-regexp cache-miss
352 silly packumentCache corgi:https://registry.npmjs.org/qs cache-miss
353 silly packumentCache corgi:https://registry.npmjs.org/send cache-miss
354 silly packumentCache corgi:https://registry.npmjs.org/serve-static cache-miss
355 http fetch GET 200 https://registry.npmjs.org/body-parser 1092ms (cache updated)
356 silly packumentCache corgi:https://registry.npmjs.org/body-parser set size:undefined disposed:false
357 http fetch GET 200 https://registry.npmjs.org/path-to-regexp 1094ms (cache updated)
358 silly packumentCache corgi:https://registry.npmjs.org/path-to-regexp set size:undefined disposed:false
359 http fetch GET 200 https://registry.npmjs.org/qs 1203ms (cache updated)
360 silly packumentCache corgi:https://registry.npmjs.org/qs set size:undefined disposed:false
361 http fetch GET 200 https://registry.npmjs.org/cookie 1279ms (cache updated)
362 silly packumentCache corgi:https://registry.npmjs.org/cookie set size:undefined disposed:false
363 http fetch GET 200 https://registry.npmjs.org/serve-static 1419ms (cache updated)
364 silly packumentCache corgi:https://registry.npmjs.org/serve-static set size:undefined disposed:false
365 http fetch GET 200 https://registry.npmjs.org/send 1577ms (cache updated)
366 silly packumentCache corgi:https://registry.npmjs.org/send set size:undefined disposed:false
367 http fetch GET 200 https://registry.npmjs.org/express 1619ms (cache updated)
368 silly packumentCache corgi:https://registry.npmjs.org/express set size:undefined disposed:false
369 info run bcrypt@5.1.1 install { code: 1, signal: null }
370 verbose stack Error: command failed
370 verbose stack     at promiseSpawn (C:\Program Files\nodejs\node_modules\npm\node_modules\@npmcli\promise-spawn\lib\index.js:22:22)
370 verbose stack     at spawnWithShell (C:\Program Files\nodejs\node_modules\npm\node_modules\@npmcli\promise-spawn\lib\index.js:124:10)
370 verbose stack     at promiseSpawn (C:\Program Files\nodejs\node_modules\npm\node_modules\@npmcli\promise-spawn\lib\index.js:12:12)
370 verbose stack     at runScriptPkg (C:\Program Files\nodejs\node_modules\npm\node_modules\@npmcli\run-script\lib\run-script-pkg.js:77:13)
370 verbose stack     at runScript (C:\Program Files\nodejs\node_modules\npm\node_modules\@npmcli\run-script\lib\run-script.js:9:12)
370 verbose stack     at C:\Program Files\nodejs\node_modules\npm\node_modules\@npmcli\arborist\lib\arborist\rebuild.js:329:17
370 verbose stack     at run (C:\Program Files\nodejs\node_modules\npm\node_modules\promise-call-limit\dist\commonjs\index.js:67:22)
370 verbose stack     at C:\Program Files\nodejs\node_modules\npm\node_modules\promise-call-limit\dist\commonjs\index.js:84:9
370 verbose stack     at new Promise (<anonymous>)
370 verbose stack     at callLimit (C:\Program Files\nodejs\node_modules\npm\node_modules\promise-call-limit\dist\commonjs\index.js:35:69)
371 verbose pkgid bcrypt@5.1.1
372 error code 1
373 error path D:\Documents\Github\RiseAcademy Backend\mentorship_API\node_modules\bcrypt
374 error command failed
375 error command C:\WINDOWS\system32\cmd.exe /d /s /c node-pre-gyp install --fallback-to-build
376 error Failed to execute 'C:\Program Files\nodejs\node.exe C:\Program Files\nodejs\node_modules\npm\node_modules\node-gyp\bin\node-gyp.js configure --fallback-to-build --module=D:\Documents\Github\RiseAcademy Backend\mentorship_API\node_modules\bcrypt\lib\binding\napi-v3\bcrypt_lib.node --module_name=bcrypt_lib --module_path=D:\Documents\Github\RiseAcademy Backend\mentorship_API\node_modules\bcrypt\lib\binding\napi-v3 --napi_version=9 --node_abi_napi=napi --napi_build_version=3 --node_napi_label=napi-v3' (1)
377 error node-pre-gyp info it worked if it ends with ok
377 error node-pre-gyp info using node-pre-gyp@1.0.11
377 error node-pre-gyp info using node@20.17.0 | win32 | x64
377 error node-pre-gyp info check checked for "D:\Documents\Github\RiseAcademy Backend\mentorship_API\node_modules\bcrypt\lib\binding\napi-v3\bcrypt_lib.node" (not found)
377 error node-pre-gyp http GET https://github.com/kelektiv/node.bcrypt.js/releases/download/v5.1.1/bcrypt_lib-v5.1.1-napi-v3-win32-x64-unknown.tar.gz
377 error node-pre-gyp ERR! install request to https://objects.githubusercontent.com/github-production-release-asset-2e65be/611333/97a8321c-5d46-45ec-b4ee-95fc5d5053fb?X-Amz-Algorithm=AWS4-HMAC-SHA256&X-Amz-Credential=releaseassetproduction%2F20250414%2Fus-east-1%2Fs3%2Faws4_request&X-Amz-Date=20250414T170614Z&X-Amz-Expires=300&X-Amz-Signature=f7360f8c87cfe85b361fa3841eff9291ce9ad07c92d78f5625ebfa882506fe38&X-Amz-SignedHeaders=host&response-content-disposition=attachment%3B%20filename%3Dbcrypt_lib-v5.1.1-napi-v3-win32-x64-unknown.tar.gz&response-content-type=application%2Foctet-stream failed, reason: read ECONNRESET 
377 error node-pre-gyp WARN Pre-built binaries not installable for bcrypt@5.1.1 and node@20.17.0 (node-v115 ABI, unknown) (falling back to source compile with node-gyp) 
377 error node-pre-gyp WARN Hit error request to https://objects.githubusercontent.com/github-production-release-asset-2e65be/611333/97a8321c-5d46-45ec-b4ee-95fc5d5053fb?X-Amz-Algorithm=AWS4-HMAC-SHA256&X-Amz-Credential=releaseassetproduction%2F20250414%2Fus-east-1%2Fs3%2Faws4_request&X-Amz-Date=20250414T170614Z&X-Amz-Expires=300&X-Amz-Signature=f7360f8c87cfe85b361fa3841eff9291ce9ad07c92d78f5625ebfa882506fe38&X-Amz-SignedHeaders=host&response-content-disposition=attachment%3B%20filename%3Dbcrypt_lib-v5.1.1-napi-v3-win32-x64-unknown.tar.gz&response-content-type=application%2Foctet-stream failed, reason: read ECONNRESET 
377 error gyp info it worked if it ends with ok
377 error gyp info using node-gyp@10.1.0
377 error gyp info using node@20.17.0 | win32 | x64
377 error gyp info ok 
377 error gyp info it worked if it ends with ok
377 error gyp info using node-gyp@10.1.0
377 error gyp info using node@20.17.0 | win32 | x64
377 error gyp info find Python using Python version 3.10.7 found at "C:\Users\hussa\AppData\Local\Programs\Python\Python310\python.exe"
377 error gyp ERR! find VS 
377 error gyp ERR! find VS msvs_version not set from command line or npm config
377 error gyp ERR! find VS VCINSTALLDIR not set, not running in VS Command Prompt
377 error gyp ERR! find VS could not use PowerShell to find Visual Studio 2017 or newer, try re-running with '--loglevel silly' for more details.
377 error gyp ERR! find VS 
377 error gyp ERR! find VS Failure details: undefined
377 error gyp ERR! find VS checking VS2022 (17.1.32319.34) found at:
377 error gyp ERR! find VS "C:\Program Files\Microsoft Visual Studio\2022\Community"
377 error gyp ERR! find VS - "Visual Studio C++ core features" missing
377 error gyp ERR! find VS could not find a version of Visual Studio 2017 or newer to use
377 error gyp ERR! find VS could not use PowerShell to find Visual Studio 2017 or newer, try re-running with '--loglevel silly' for more details.
377 error gyp ERR! find VS 
377 error gyp ERR! find VS Failure details: undefined
377 error gyp ERR! find VS unsupported version "17.1.32319.34" found at "C:\Program Files\Microsoft Visual Studio\2022\Community"
377 error gyp ERR! find VS could not find a version of Visual Studio 2017 or newer to use
377 error gyp ERR! find VS not looking for VS2015 as it is only supported up to Node.js 18
377 error gyp ERR! find VS not looking for VS2013 as it is only supported up to Node.js 8
377 error gyp ERR! find VS 
377 error gyp ERR! find VS **************************************************************
377 error gyp ERR! find VS You need to install the latest version of Visual Studio
377 error gyp ERR! find VS including the "Desktop development with C++" workload.
377 error gyp ERR! find VS For more information consult the documentation at:
377 error gyp ERR! find VS https://github.com/nodejs/node-gyp#on-windows
377 error gyp ERR! find VS **************************************************************
377 error gyp ERR! find VS 
377 error gyp ERR! configure error 
377 error gyp ERR! stack Error: Could not find any Visual Studio installation to use
377 error gyp ERR! stack at VisualStudioFinder.fail (C:\Program Files\nodejs\node_modules\npm\node_modules\node-gyp\lib\find-visualstudio.js:116:11)
377 error gyp ERR! stack at VisualStudioFinder.findVisualStudio (C:\Program Files\nodejs\node_modules\npm\node_modules\node-gyp\lib\find-visualstudio.js:72:17)
377 error gyp ERR! stack at process.processTicksAndRejections (node:internal/process/task_queues:95:5)
377 error gyp ERR! stack at async createBuildDir (C:\Program Files\nodejs\node_modules\npm\node_modules\node-gyp\lib\configure.js:95:26)
377 error gyp ERR! stack at async run (C:\Program Files\nodejs\node_modules\npm\node_modules\node-gyp\bin\node-gyp.js:81:18)
377 error gyp ERR! System Windows_NT 10.0.22000
377 error gyp ERR! command "C:\\Program Files\\nodejs\\node.exe" "C:\\Program Files\\nodejs\\node_modules\\npm\\node_modules\\node-gyp\\bin\\node-gyp.js" "configure" "--fallback-to-build" "--module=D:\\Documents\\Github\\RiseAcademy Backend\\mentorship_API\\node_modules\\bcrypt\\lib\\binding\\napi-v3\\bcrypt_lib.node" "--module_name=bcrypt_lib" "--module_path=D:\\Documents\\Github\\RiseAcademy Backend\\mentorship_API\\node_modules\\bcrypt\\lib\\binding\\napi-v3" "--napi_version=9" "--node_abi_napi=napi" "--napi_build_version=3" "--node_napi_label=napi-v3"
377 error gyp ERR! cwd D:\Documents\Github\RiseAcademy Backend\mentorship_API\node_modules\bcrypt
377 error gyp ERR! node -v v20.17.0
377 error gyp ERR! node-gyp -v v10.1.0
377 error gyp ERR! not ok 
377 error node-pre-gyp ERR! build error 
377 error node-pre-gyp ERR! stack Error: Failed to execute 'C:\Program Files\nodejs\node.exe C:\Program Files\nodejs\node_modules\npm\node_modules\node-gyp\bin\node-gyp.js configure --fallback-to-build --module=D:\Documents\Github\RiseAcademy Backend\mentorship_API\node_modules\bcrypt\lib\binding\napi-v3\bcrypt_lib.node --module_name=bcrypt_lib --module_path=D:\Documents\Github\RiseAcademy Backend\mentorship_API\node_modules\bcrypt\lib\binding\napi-v3 --napi_version=9 --node_abi_napi=napi --napi_build_version=3 --node_napi_label=napi-v3' (1)
377 error node-pre-gyp ERR! stack     at ChildProcess.<anonymous> (D:\Documents\Github\RiseAcademy Backend\mentorship_API\node_modules\@mapbox\node-pre-gyp\lib\util\compile.js:89:23)
377 error node-pre-gyp ERR! stack     at ChildProcess.emit (node:events:519:28)
377 error node-pre-gyp ERR! stack     at maybeClose (node:internal/child_process:1105:16)
377 error node-pre-gyp ERR! stack     at ChildProcess._handle.onexit (node:internal/child_process:305:5)
377 error node-pre-gyp ERR! System Windows_NT 10.0.22000
377 error node-pre-gyp ERR! command "C:\\Program Files\\nodejs\\node.exe" "D:\\Documents\\Github\\RiseAcademy Backend\\mentorship_API\\node_modules\\@mapbox\\node-pre-gyp\\bin\\node-pre-gyp" "install" "--fallback-to-build"
377 error node-pre-gyp ERR! cwd D:\Documents\Github\RiseAcademy Backend\mentorship_API\node_modules\bcrypt
377 error node-pre-gyp ERR! node -v v20.17.0
377 error node-pre-gyp ERR! node-pre-gyp -v v1.0.11
377 error node-pre-gyp ERR! not ok
378 silly unfinished npm timer reify 1744650464132
379 silly unfinished npm timer reify:build 1744650472347
380 silly unfinished npm timer build 1744650472348
381 silly unfinished npm timer build:deps 1744650472348
382 silly unfinished npm timer build:run:install 1744650472360
383 silly unfinished npm timer build:run:install:node_modules/bcrypt 1744650472360
384 verbose cwd D:\Documents\Github\RiseAcademy Backend\mentorship_API
385 verbose os Windows_NT 10.0.22000
386 verbose node v20.17.0
387 verbose npm  v10.8.2
388 verbose exit 1
389 verbose code 1
390 error A complete log of this run can be found in: D:\Documents\Github\RiseAcademy Backend\mentorship_API\npm-cache\_logs\2025-04-14T17_07_43_196Z-debug-0.log
